 Parameters in this simulation
 L=          20
 Temp=  0.100000001    
 Number of B points =         103
 Alpha=   1.00000000        -1.00000000         1.00000000    
 MCS=       10000
 aver=           1
 Semilla RANMAR:            6
 MCS =        10000  EquilSteps =         5000
 k =            1 /           1
 Current Field B =    0.00000000    
 Current Field B =    9.99999978E-03
 Current Field B =    1.99999996E-02
 Current Field B =    2.99999993E-02
 Current Field B =    3.99999991E-02
 Current Field B =    4.99999970E-02
 Current Field B =    5.99999987E-02
 Current Field B =    7.00000003E-02
 Current Field B =    7.99999982E-02
 Current Field B =    8.99999961E-02
 Current Field B =    9.99999940E-02
 Current Field B =   0.109999999    
 Current Field B =   0.119999997    
 Current Field B =   0.129999995    
 Current Field B =   0.140000001    
 Current Field B =   0.149999991    
 Current Field B =   0.159999996    
 Current Field B =   0.170000002    
 Current Field B =   0.179999992    
 Current Field B =   0.189999998    
 Current Field B =   0.199999988    
 Current Field B =   0.199999988    
 Current Field B =   0.189999998    
 Current Field B =   0.179999992    
 Current Field B =   0.170000002    
 Current Field B =   0.159999996    
 Current Field B =   0.149999991    
 Current Field B =   0.140000001    
 Current Field B =   0.129999995    
 Current Field B =   0.119999997    
 Current Field B =   0.109999999    
 Current Field B =    9.99999940E-02
 Current Field B =    8.99999961E-02
 Current Field B =    7.99999982E-02
 Current Field B =    7.00000003E-02
 Current Field B =    5.99999987E-02
 Current Field B =    4.99999970E-02
 Current Field B =    3.99999991E-02
 Current Field B =    2.99999993E-02
 Current Field B =    1.99999996E-02
 Current Field B =    9.99999978E-03
 Current Field B =    0.00000000    
 Current Field B =   -9.99999978E-03
 Current Field B =   -1.99999996E-02
 Current Field B =   -2.99999993E-02
 Current Field B =   -3.99999991E-02
 Current Field B =   -4.99999970E-02
 Current Field B =   -5.99999987E-02
 Current Field B =   -7.00000003E-02
 Current Field B =   -7.99999982E-02
 Current Field B =   -8.99999961E-02
 Current Field B =   -9.99999940E-02
 Current Field B =  -0.109999999    
 Current Field B =  -0.119999997    
 Current Field B =  -0.129999995    
 Current Field B =  -0.140000001    
 Current Field B =  -0.149999991    
 Current Field B =  -0.159999996    
 Current Field B =  -0.170000002    
 Current Field B =  -0.179999992    
 Current Field B =  -0.189999998    
 Current Field B =  -0.199999988    
 Current Field B =  -0.199999988    
 Current Field B =  -0.189999998    
 Current Field B =  -0.179999992    
 Current Field B =  -0.170000002    
 Current Field B =  -0.159999996    
 Current Field B =  -0.149999991    
 Current Field B =  -0.140000001    
 Current Field B =  -0.129999995    
 Current Field B =  -0.119999997    
 Current Field B =  -0.109999999    
 Current Field B =   -9.99999940E-02
 Current Field B =   -8.99999961E-02
 Current Field B =   -7.99999982E-02
 Current Field B =   -7.00000003E-02
 Current Field B =   -5.99999987E-02
 Current Field B =   -4.99999970E-02
 Current Field B =   -3.99999991E-02
 Current Field B =   -2.99999993E-02
 Current Field B =   -1.99999996E-02
 Current Field B =   -9.99999978E-03
 Current Field B =    0.00000000    
 Current Field B =    9.99999978E-03
 Current Field B =    1.99999996E-02
 Current Field B =    2.99999993E-02
 Current Field B =    3.99999991E-02
 Current Field B =    4.99999970E-02
 Current Field B =    5.99999987E-02
 Current Field B =    7.00000003E-02
 Current Field B =    7.99999982E-02
 Current Field B =    8.99999961E-02
 Current Field B =    9.99999940E-02
 Current Field B =   0.109999999    
 Current Field B =   0.119999997    
 Current Field B =   0.129999995    
 Current Field B =   0.140000001    
 Current Field B =   0.149999991    
 Current Field B =   0.159999996    
 Current Field B =   0.170000002    
 Current Field B =   0.179999992    
 Current Field B =   0.189999998    
 Current Field B =   0.199999988    
 Ended Program
