 1.00  3.90000 -0.57699  0.18698  0.02636  0.00084    1.13747    0.40869  0.01859  0.00795    0.03766 -0.00111
 1.00  3.80000 -0.59642  0.19777  0.02795 -0.00011    1.32387    0.48195  0.00494  0.00799    0.03916  0.00845
 1.00  3.70000 -0.61618  0.22448  0.02956  0.00178    1.50613    0.54266  0.02927  0.00777    0.03877 -0.04033
 1.00  3.60000 -0.63854  0.24472  0.03064  0.00117    1.65567    0.58874  0.03685  0.00777    0.03917 -0.00431
 1.00  3.50000 -0.66318  0.26078  0.03111 -0.00020    1.77476    0.64185  0.01356  0.00761    0.03913 -0.01423
 1.00  3.40000 -0.68807  0.27801  0.03276 -0.00014    2.03764    0.74463 -0.01225  0.00752    0.03871  0.00406
 1.00  3.30000 -0.71611  0.31209  0.03409 -0.00221    2.23088    0.79409  0.01885  0.00742    0.03946 -0.00297
 1.00  3.20000 -0.74638  0.33376  0.03731  0.00093    2.73838    0.95726  0.06878  0.00731    0.03862  0.01326
 1.00  3.10000 -0.78127  0.37939  0.03887 -0.00527    3.09678    1.13761  0.01200  0.00710    0.03832 -0.00906
 1.00  3.00000 -0.81763  0.39974  0.04310 -0.00433    3.97899    1.46875 -0.01749  0.00700    0.03770  0.01529
 1.00  2.90000 -0.86063  0.43971  0.04785 -0.00158    5.05006    1.81954  0.04052  0.00681    0.03656  0.01446
 1.00  2.80000 -0.90711  0.50810  0.05181  0.00202    6.07023    2.14888  0.00430  0.00659    0.03705 -0.02941
 1.00  2.70000 -0.96292  0.58169  0.05810  0.00084    7.83944    2.71884  0.06521  0.00646    0.03581  0.01701
 1.00  2.60000 -1.02648  0.73406  0.07265 -0.00686   13.01479    4.77370  0.00997  0.00631    0.03682 -0.02616
 1.00  2.50000 -1.10348  0.89094  0.10498  0.02053   26.35028    8.98321  0.08985  0.00588    0.03285 -0.01315
 1.00  2.40000 -1.19737  1.03945  0.15127  0.03266   55.31086   18.08052  0.17836  0.00565    0.03069  0.02509
 1.00  2.30000 -1.35016  1.88667  0.42282 -0.24648  274.66369   64.47887  0.50653  0.00528    0.02875 -0.00543
 1.00  2.20000 -1.54812  1.20686  0.79743  0.79743    2.13884    2.13884  0.66432  0.00442    0.02154 -0.02414
 1.00  2.10000 -1.66332  0.99427  0.87263  0.87263    0.62287    0.62287  0.66611  0.00405    0.01788  0.04552
 1.00  2.00000 -1.74756  0.84356  0.91306  0.91306    0.35809    0.35809  0.66639  0.00342    0.01371  0.01433
 1.00  1.90000 -1.81332  0.63378  0.94029  0.94029    0.20287    0.20287  0.66653  0.00293    0.01040  0.07396
 1.00  1.80000 -1.86202  0.47484  0.95783  0.95783    0.12203    0.12203  0.66659  0.00256    0.00822  0.04791
 1.00  1.70000 -1.90103  0.30113  0.97120  0.97120    0.05465    0.05465  0.66663  0.00240    0.00805  0.02095
 1.00  1.60000 -1.92905  0.24740  0.97998  0.97998    0.03842    0.03842  0.66665  0.00208    0.00685 -0.09765
 1.00  1.50000 -1.95296  0.17769  0.98703  0.98703    0.02568    0.02568  0.66665  0.00174    0.00511 -0.10495
 1.00  1.40000 -1.96804  0.12326  0.99146  0.99146    0.01356    0.01356  0.66666  0.00134    0.00320 -0.08559
 1.00  1.30000 -1.98046  0.09424  0.99487  0.99487    0.00904    0.00904  0.66666  0.00116    0.00256 -0.02165
 1.00  1.20000 -1.98839  0.06158  0.99699  0.99699    0.00533    0.00533  0.66666  0.00090    0.00176 -0.05162
 1.00  1.10000 -1.99405  0.03797  0.99847  0.99847    0.00293    0.00293  0.66667  0.00064    0.00111 -0.10756
 1.00  1.00000 -1.99743  0.01785  0.99935  0.99935    0.00120    0.00120  0.66667  0.00039    0.00057 -0.04825
 1.00  0.90000 -1.99893  0.00949  0.99973  0.99973    0.00056    0.00056  0.66667  0.00023    0.00041 -0.38518
 1.00  0.80000 -1.99973  0.00335  0.99993  0.99993    0.00017    0.00017  0.66667  0.00006    0.00015 -2.22620
 1.00  0.70000 -1.99997  0.00044  0.99999  0.99999    0.00002    0.00002  0.66667  0.00001    0.00002 ********
 1.00  0.60000 -2.00000  0.00000  1.00000  1.00000    0.00000    0.00000  0.66667  0.00000    0.00000      NaN
 1.00  0.50000 -2.00000  0.00000  1.00000  1.00000    0.00000    0.00000  0.66667  0.00000    0.00000      NaN
 1.00  2.25000 30.71736  1.26673 ******** ********    2.49809    2.49809  0.66363  0.00486    0.02358  0.04697
 1.00  2.26000 30.07906  1.67170 ******** -2.01000  929.47294    6.77757  0.65939  0.00504    0.02527  0.05169
 1.00  2.27000 29.60998  1.99152 ********  1.05085  833.95402   19.19622  0.64558  0.00500    0.02485  0.03605
 1.00  2.28000 28.57549  2.05631 ******** -0.21505  569.85212   51.66371  0.58806  0.00508    0.02647  0.00202
 1.00  2.29000 28.19489  2.01639 -9.90282 -1.36035  463.55152   57.47111  0.55604  0.00514    0.02680  0.00963
 1.00  2.25500 -1.47010  1.20360  0.69619 -0.69592   14.62360   13.92157  0.65122  0.00479    0.02367  0.01591
 1.00  2.26500 -1.43856  1.44819  0.62245 -0.39186  455.55170   32.58431  0.62751  0.00492    0.02496  0.00916
 1.00  2.27500 -1.43932  1.25949  0.64637 -0.64631   19.14599   19.01615  0.64093  0.00490    0.02460  0.00507
 1.00  2.28500 -1.43944  1.21274  0.67752 -0.67752   12.26237   12.26237  0.65088  0.00498    0.02484  0.02451
 1.00  2.29500 -1.41943  1.25496  0.66004 -0.66004   12.91609   12.90547  0.64945  0.00500    0.02542 -0.00261
