 1.00  3.90000 -0.57596  0.18700  0.01327 -0.00008    1.16097    0.42091  0.00897  0.00403    0.03918 -0.00263
 1.00  3.80000 -0.59507  0.20563  0.01372 -0.00044    1.27923    0.46899 -0.01191  0.00396    0.03848  0.00896
 1.00  3.70000 -0.61505  0.22018  0.01403 -0.00001    1.36433    0.49309  0.01289  0.00391    0.03869 -0.00659
 1.00  3.60000 -0.63780  0.23139  0.01491  0.00004    1.59098    0.57880  0.00730  0.00386    0.03845  0.00485
 1.00  3.50000 -0.66189  0.24513  0.01575  0.00005    1.82201    0.66033 -0.00138  0.00382    0.03967 -0.00928
 1.00  3.40000 -0.68842  0.26066  0.01638  0.00002    2.03168    0.73845 -0.00082  0.00379    0.03950  0.00583
 1.00  3.30000 -0.71634  0.28676  0.01706 -0.00008    2.27763    0.83298 -0.00452  0.00370    0.03903  0.00164
 1.00  3.20000 -0.74745  0.30687  0.01820 -0.00004    2.67755    0.98110 -0.02062  0.00364    0.03875  0.00207
 1.00  3.10000 -0.78186  0.33144  0.01991  0.00020    3.30047    1.20633 -0.01790  0.00357    0.03850  0.00737
 1.00  3.00000 -0.81991  0.36799  0.02140 -0.00002    3.91929    1.41865  0.00513  0.00351    0.03858  0.00204
 1.00  2.90000 -0.86341  0.40736  0.02364  0.00014    5.00288    1.84473 -0.02070  0.00341    0.03730  0.00587
 1.00  2.80000 -0.91228  0.46171  0.02702  0.00005    6.69283    2.42063  0.02190  0.00333    0.03687  0.00444
 1.00  2.70000 -0.96994  0.54442  0.03296 -0.00083   10.39510    3.80520 -0.04052  0.00322    0.03596 -0.00927
 1.00  2.60000 -1.03670  0.65665  0.03989 -0.00413   15.64061    5.72261 -0.00613  0.00311    0.03461  0.00216
 1.00  2.50000 -1.12454  0.80340  0.05187  0.01003   27.22684   10.25360 -0.05304  0.00296    0.03311 -0.00437
 1.00  2.40000 -1.25210  1.22084  0.18820 -0.03814  341.21633  109.34193  0.24805  0.00276    0.02993  0.00062
 1.00  2.30000 -1.43794  1.08932  0.70114 -0.70114    4.42316    4.42316  0.66502  0.00259    0.02934 -0.08681
 1.00  2.20000 -1.57376  0.89828  0.81832 -0.81832    1.10140    1.10140  0.66637  0.00224    0.02182 -0.02940
 1.00  2.10000 -1.68126  0.68280  0.88383 -0.88383    0.29605    0.29605  0.66660  0.00214    0.01931  0.07390
 1.00  2.00000 -1.75700  0.54582  0.91760 -0.91760    0.22524    0.22524  0.66662  0.00182    0.01574  0.04900
 1.00  1.90000 -1.81503  0.38882  0.94136 -0.94136    0.11876    0.11876  0.66665  0.00162    0.01324 -0.02935
 1.00  1.80000 -1.86405  0.31847  0.95882 -0.95882    0.07261    0.07261  0.66666  0.00139    0.01062 -0.07739
 1.00  1.70000 -1.90087  0.23214  0.97099 -0.97099    0.04660    0.04660  0.66666  0.00118    0.00811 -0.11680
 1.00  1.60000 -1.92794  0.17825  0.97956 -0.97956    0.03030    0.03030  0.66666  0.00121    0.00872  0.05005
 1.00  1.50000 -1.95147  0.10970  0.98649 -0.98649    0.01446    0.01446  0.66666  0.00096    0.00487  0.13121
 1.00  1.40000 -1.96702  0.09852  0.99099 -0.99099    0.01130    0.01130  0.66667  0.00077    0.00341  0.15108
 1.00  1.30000 -1.97976  0.07287  0.99457 -0.99457    0.00794    0.00794  0.66667  0.00063    0.00280  0.06330
 1.00  1.20000 -1.98846  0.04618  0.99698 -0.99698    0.00425    0.00425  0.66667  0.00053    0.00174  0.20032
 1.00  1.10000 -1.99392  0.02277  0.99843 -0.99843    0.00168    0.00168  0.66667  0.00036    0.00094  0.16928
 1.00  1.00000 -1.99716  0.01858  0.99928 -0.99928    0.00112    0.00112  0.66667  0.00027    0.00077 -0.06156
 1.00  0.90000 -1.99876  0.00919  0.99968 -0.99968    0.00042    0.00042  0.66667  0.00014    0.00029 -0.09195
 1.00  0.80000 -1.99958  0.00520  0.99990 -0.99990    0.00014    0.00014  0.66667  0.00007    0.00013 -0.18697
 1.00  0.70000 -1.99997  0.00044  0.99999 -0.99999    0.00000    0.00000  0.66667  0.00001    0.00002 -5.67694
 1.00  0.60000 -2.00000  0.00000  1.00000 -1.00000    0.00000    0.00000  0.66667  0.00000    0.00000      NaN
 1.00  0.50000 -2.00000  0.00000  1.00000 -1.00000    0.00000    0.00000  0.66667  0.00000    0.00000      NaN
