 Parameters in this simulation
 L=         512
 Temp=   9.00000036E-02
 Number of B points =          80
 Alpha=   1.00000000        -1.00000000         1.00000000    
 MCS=      200000
 aver=           1
 Semilla RANMAR:            6
 MCS =       200000  EquilSteps =       100000
 k =            1 /           1
 Current Field B =    2.47499999E-03
 Current Field B =    3.95999998E-02
 Current Field B =    3.95999998E-02
 Current Field B =    4.70249988E-02
 Current Field B =    3.95999998E-02
 Current Field B =    3.21750008E-02
 Current Field B =    4.70249988E-02
 Current Field B =    3.95999998E-02
 Current Field B =    3.95999998E-02
 Current Field B =    4.94999997E-03
 Current Field B =    4.94999997E-03
 Current Field B =    4.94999997E-03
 Current Field B =    4.94999997E-03
 Current Field B =    3.21750008E-02
 Current Field B =    4.94999997E-03
 Current Field B =    4.94999997E-03
 Current Field B =    4.94999997E-03
 Current Field B =    4.94999997E-03
 Current Field B =    4.20750007E-02
 Current Field B =    3.71249989E-02
 Current Field B =    4.94999997E-02
 Current Field B =    4.20750007E-02
 Current Field B =    4.20750007E-02
 Current Field B =    4.94999997E-02
 Current Field B =    4.20750007E-02
 Current Field B =    4.20750007E-02
 Current Field B =    7.42499996E-03
 Current Field B =    7.42499996E-03
 Current Field B =    5.19750006E-02
 Current Field B =    4.45500016E-02
 Current Field B =    7.42499996E-03
 Current Field B =    7.42499996E-03
 Current Field B =    7.42499996E-03
 Current Field B =    7.42499996E-03
 Current Field B =    7.42499996E-03
 Current Field B =    4.45500016E-02
 Current Field B =    7.42499996E-03
 Current Field B =    3.95999998E-02
 Current Field B =    4.45500016E-02
 Current Field B =    5.19750006E-02
 Current Field B =    3.46499979E-02
 Current Field B =    4.45500016E-02
 Current Field B =    4.45500016E-02
 Current Field B =    5.44499978E-02
 Current Field B =    9.89999995E-03
 Current Field B =    9.89999995E-03
 Current Field B =    4.70249988E-02
 Current Field B =    9.89999995E-03
 Current Field B =    9.89999995E-03
 Current Field B =    4.70249988E-02
 Current Field B =    5.44499978E-02
 Current Field B =    4.70249988E-02
 Current Field B =    9.89999995E-03
 Current Field B =    3.46499979E-02
 Current Field B =    9.89999995E-03
 Current Field B =    9.89999995E-03
 Current Field B =    4.20750007E-02
 Current Field B =    9.89999995E-03
 Current Field B =    4.70249988E-02
 Current Field B =    5.69249988E-02
 Current Field B =    4.70249988E-02
 Current Field B =    4.94999997E-02
 Current Field B =    1.23749999E-02
 Current Field B =    1.23749999E-02
 Current Field B =    5.69249988E-02
 Current Field B =    4.94999997E-02
 Current Field B =    4.94999997E-02
 Current Field B =    1.23749999E-02
 Current Field B =    1.23749999E-02
 Current Field B =    1.23749999E-02
 Current Field B =    1.23749999E-02
 Current Field B =    3.71249989E-02
 Current Field B =    1.23749999E-02
 Current Field B =    4.94999997E-02
 Current Field B =    4.45500016E-02
 Current Field B =    5.93999997E-02
 Current Field B =    1.23749999E-02
 Current Field B =    4.94999997E-02
 Current Field B =    5.19750006E-02
 Current Field B =    5.93999997E-02
 Current Field B =    1.48499999E-02
 Current Field B =    1.48499999E-02
 Current Field B =    5.19750006E-02
 Current Field B =    5.19750006E-02
 Current Field B =    3.71249989E-02
 Current Field B =    1.48499999E-02
 Current Field B =    1.48499999E-02
 Current Field B =    1.48499999E-02
 Current Field B =    6.18750006E-02
 Current Field B =    5.19750006E-02
 Current Field B =    1.48499999E-02
 Current Field B =    1.48499999E-02
 Current Field B =    4.70249988E-02
 Current Field B =    5.19750006E-02
 Current Field B =    6.18750006E-02
 Current Field B =    5.44499978E-02
 Current Field B =    1.48499999E-02
 Current Field B =    1.73249990E-02
 Current Field B =    1.73249990E-02
 Current Field B =    5.44499978E-02
 Current Field B =    5.44499978E-02
 Current Field B =    1.73249990E-02
 Current Field B =    3.95999998E-02
 Current Field B =    1.73249990E-02
 Current Field B =    6.43500015E-02
 Current Field B =    1.73249990E-02
 Current Field B =    1.73249990E-02
 Current Field B =    5.44499978E-02
 Current Field B =    1.73249990E-02
 Current Field B =    4.94999997E-02
 Current Field B =    6.43500015E-02
 Current Field B =    1.97999999E-02
 Current Field B =    5.44499978E-02
 Current Field B =    5.69249988E-02
 Current Field B =    1.97999999E-02
 Current Field B =    1.73249990E-02
 Current Field B =    3.95999998E-02
 Current Field B =    1.97999999E-02
 Current Field B =    5.69249988E-02
 Current Field B =    5.69249988E-02
 Current Field B =    1.97999999E-02
 Current Field B =    6.68250024E-02
 Current Field B =    1.97999999E-02
 Current Field B =    1.97999999E-02
 Current Field B =    5.69249988E-02
 Current Field B =    6.68250024E-02
 Current Field B =    2.22750008E-02
 Current Field B =    1.97999999E-02
 Current Field B =    5.19750006E-02
 Current Field B =    2.22750008E-02
 Current Field B =    5.93999997E-02
 Current Field B =    5.69249988E-02
 Current Field B =    4.20750007E-02
 Current Field B =    2.22750008E-02
 Current Field B =    6.92999959E-02
 Current Field B =    5.93999997E-02
 Current Field B =    5.93999997E-02
 Current Field B =    1.97999999E-02
 Current Field B =    2.22750008E-02
 Current Field B =    2.22750008E-02
 Current Field B =    2.47499999E-02
 Current Field B =    6.92999959E-02
 Current Field B =    5.93999997E-02
 Current Field B =    2.22750008E-02
 Current Field B =    2.47499999E-02
 Current Field B =    2.22750008E-02
 Current Field B =    6.18750006E-02
 Current Field B =    5.44499978E-02
 Current Field B =    7.17749968E-02
 Current Field B =    5.93999997E-02
 Current Field B =    6.18750006E-02
 Current Field B =    2.47499999E-02
 Current Field B =    6.18750006E-02
 Current Field B =    2.47499999E-02
 Current Field B =    4.20750007E-02
 Current Field B =    2.22750008E-02
 Current Field B =    7.17749968E-02
 Current Field B =    2.72249989E-02
 Current Field B =    2.47499999E-02
 Current Field B =    6.18750006E-02
 Current Field B =    2.47499999E-02
 Current Field B =    2.72249989E-02
 Current Field B =    7.42499977E-02
 Current Field B =    6.43500015E-02
 Current Field B =    6.18750006E-02
 Current Field B =    2.47499999E-02
 Current Field B =    6.43500015E-02
 Current Field B =    6.43500015E-02
 Current Field B =    2.72249989E-02
 Current Field B =    5.69249988E-02
 Current Field B =    4.45500016E-02
 Current Field B =    2.72249989E-02
 Current Field B =    7.42499977E-02
 Current Field B =    2.47499999E-02
 Current Field B =    6.43500015E-02
 Current Field B =    2.96999998E-02
 Current Field B =    7.67249987E-02
 Current Field B =    2.72249989E-02
 Current Field B =    6.68250024E-02
 Current Field B =    2.72249989E-02
 Current Field B =    2.96999998E-02
 Current Field B =    6.68250024E-02
 Current Field B =    6.43500015E-02
 Current Field B =    6.68250024E-02
 Current Field B =    2.96999998E-02
 Current Field B =    2.72249989E-02
 Current Field B =    7.67249987E-02
 Current Field B =    2.96999998E-02
 Current Field B =    5.93999997E-02
 Current Field B =    7.91999996E-02
 Current Field B =    4.45500016E-02
 Current Field B =    6.68250024E-02
 Current Field B =    6.92999959E-02
 Current Field B =    3.21750008E-02
 Current Field B =    2.72249989E-02
 Current Field B =    2.96999998E-02
 Current Field B =    2.96999998E-02
 Current Field B =    6.92999959E-02
 Current Field B =    6.92999959E-02
 Current Field B =    6.68250024E-02
 Current Field B =    7.91999996E-02
 Current Field B =    3.21750008E-02
 Current Field B =    3.21750008E-02
 Current Field B =    4.70249988E-02
 Current Field B =    3.21750008E-02
 Current Field B =    8.16750005E-02
 Current Field B =    2.96999998E-02
 Current Field B =    6.18750006E-02
 Current Field B =    6.92999959E-02
 Current Field B =    7.17749968E-02
 Current Field B =    7.17749968E-02
 Current Field B =    8.16750005E-02
 Current Field B =    7.17749968E-02
 Current Field B =    3.46499979E-02
 Current Field B =    2.96999998E-02
 Current Field B =    6.92999959E-02
 Current Field B =    3.21750008E-02
 Current Field B =    3.21750008E-02
 Current Field B =    8.41500014E-02
 Current Field B =    3.46499979E-02
 Current Field B =    3.46499979E-02
 Current Field B =    3.46499979E-02
 Current Field B =    6.43500015E-02
 Current Field B =    3.21750008E-02
 Current Field B =    7.17749968E-02
 Current Field B =    7.42499977E-02
 Current Field B =    4.70249988E-02
 Current Field B =    8.41500014E-02
 Current Field B =    7.42499977E-02
 Current Field B =    7.42499977E-02
 Current Field B =    8.66250023E-02
 Current Field B =    7.17749968E-02
 Current Field B =    3.71249989E-02
 Current Field B =    3.71249989E-02
 Current Field B =    3.46499979E-02
 Current Field B =    4.94999997E-02
 Current Field B =    3.21750008E-02
 Current Field B =    3.46499979E-02
 Current Field B =    3.71249989E-02
 Current Field B =    6.68250024E-02
 Current Field B =    7.67249987E-02
 Current Field B =    3.71249989E-02
 Current Field B =    7.42499977E-02
 Current Field B =    8.66250023E-02
 Current Field B =    3.46499979E-02
 Current Field B =    7.67249987E-02
 Current Field B =    8.91000032E-02
 Current Field B =    7.67249987E-02
 Current Field B =    7.42499977E-02
 Current Field B =    3.95999998E-02
 Current Field B =    3.71249989E-02
 Current Field B =    3.95999998E-02
 Current Field B =    3.95999998E-02
 Current Field B =    7.91999996E-02
 Current Field B =    7.67249987E-02
 Current Field B =    3.46499979E-02
 Current Field B =    8.91000032E-02
 Current Field B =    3.71249989E-02
 Current Field B =    6.92999959E-02
 Current Field B =    9.15749967E-02
 Current Field B =    7.91999996E-02
 Current Field B =    3.95999998E-02
 Current Field B =    7.91999996E-02
 Current Field B =    3.71249989E-02
 Current Field B =    4.94999997E-02
 Current Field B =    7.67249987E-02
 Current Field B =    5.19750006E-02
 Current Field B =    4.20750007E-02
 Current Field B =    8.16750005E-02
 Current Field B =    9.15749967E-02
 Current Field B =    4.20750007E-02
 Current Field B =    7.91999996E-02
 Current Field B =    3.95999998E-02
 Current Field B =    9.40499976E-02
 Current Field B =    4.20750007E-02
 Current Field B =    8.16750005E-02
 Current Field B =    8.16750005E-02
 Current Field B =    3.71249989E-02
 Current Field B =    3.95999998E-02
 Current Field B =    7.17749968E-02
 Current Field B =    4.20750007E-02
 Current Field B =    7.91999996E-02
 Current Field B =    3.95999998E-02
 Current Field B =    4.45500016E-02
 Current Field B =    8.41500014E-02
 Current Field B =    9.40499976E-02
 Current Field B =    9.65249985E-02
 Current Field B =    8.16750005E-02
 Current Field B =    4.45500016E-02
 Current Field B =    8.41500014E-02
 Current Field B =    4.20750007E-02
 Current Field B =    8.41500014E-02
 Current Field B =    4.45500016E-02
 Current Field B =    5.19750006E-02
 Current Field B =    5.44499978E-02
 Current Field B =    3.95999998E-02
 Current Field B =    4.20750007E-02
 Current Field B =    8.16750005E-02
 Current Field B =    9.89999995E-02
 Current Field B =    8.66250023E-02
 Current Field B =    9.65249985E-02
 Current Field B =    7.42499977E-02
 Current Field B =    4.20750007E-02
 Current Field B =    4.45500016E-02
 Current Field B =    4.70249988E-02
 Current Field B =    8.41500014E-02
 Current Field B =    8.66250023E-02
 Current Field B =    4.70249988E-02
 Current Field B =    8.66250023E-02
 Current Field B =    4.45500016E-02
 Current Field B =    4.70249988E-02
 Current Field B =   0.102475002    
 Current Field B =    8.41500014E-02
 Current Field B =    9.89999995E-02
 Current Field B =    8.91000032E-02
 Current Field B =    4.20750007E-02
 Current Field B =    4.45500016E-02
 Current Field B =    4.94999997E-02
 Current Field B =    8.66250023E-02
 Current Field B =    8.91000032E-02
 Current Field B =    4.45500016E-02
 Current Field B =    4.70249988E-02
 Current Field B =    7.67249987E-02
 Current Field B =    8.91000032E-02
 Current Field B =    4.94999997E-02
 Current Field B =    5.69249988E-02
 Current Field B =    5.44499978E-02
 Current Field B =   0.104950003    
 Current Field B =    4.70249988E-02
 Current Field B =   0.102475002    
 Current Field B =    9.15749967E-02
 Current Field B =    8.66250023E-02
 Current Field B =    4.94999997E-02
 Current Field B =    9.15749967E-02
 Current Field B =    8.91000032E-02
 Current Field B =    4.70249988E-02
 Current Field B =    5.19750006E-02
 Current Field B =    4.45500016E-02
 Current Field B =    9.15749967E-02
 Current Field B =    4.94999997E-02
 Current Field B =    4.70249988E-02
 Current Field B =   0.107425004    
 Current Field B =    7.91999996E-02
 Current Field B =    5.19750006E-02
 Current Field B =   0.104950003    
 Current Field B =    9.40499976E-02
 Current Field B =    8.91000032E-02
 Current Field B =    5.19750006E-02
 Current Field B =    4.94999997E-02
 Current Field B =    9.40499976E-02
 Current Field B =    9.15749967E-02
 Current Field B =    5.93999997E-02
 Current Field B =    9.40499976E-02
 Current Field B =    5.44499978E-02
 Current Field B =    4.94999997E-02
 Current Field B =    5.19750006E-02
 Current Field B =    5.69249988E-02
 Current Field B =   0.109899998    
 Current Field B =    4.70249988E-02
 Current Field B =    8.16750005E-02
 Current Field B =    5.44499978E-02
 Current Field B =    4.94999997E-02
 Current Field B =    9.65249985E-02
 Current Field B =   0.107425004    
 Current Field B =    5.44499978E-02
 Current Field B =    9.15749967E-02
 Current Field B =    9.65249985E-02
 Current Field B =    5.19750006E-02
 Current Field B =    9.40499976E-02
 Current Field B =    5.44499978E-02
 Current Field B =    9.65249985E-02
 Current Field B =    5.69249988E-02
 Current Field B =    5.19750006E-02
 Current Field B =   0.112374999    
 Current Field B =    9.89999995E-02
 Current Field B =    5.69249988E-02
 Current Field B =    4.94999997E-02
 Current Field B =    8.41500014E-02
 Current Field B =    5.69249988E-02
 Current Field B =   0.109899998    
 Current Field B =    6.18750006E-02
 Current Field B =    5.19750006E-02
 Current Field B =    9.40499976E-02
 Current Field B =    9.89999995E-02
 Current Field B =    5.69249988E-02
 Current Field B =    9.65249985E-02
 Current Field B =    9.89999995E-02
 Current Field B =    5.93999997E-02
 Current Field B =    5.44499978E-02
 Current Field B =    5.93999997E-02
 Current Field B =    5.93999997E-02
 Current Field B =   0.102475002    
 Current Field B =   0.114850000    
 Current Field B =    5.44499978E-02
 Current Field B =    5.93999997E-02
 Current Field B =   0.102475002    
 Current Field B =    8.66250023E-02
 Current Field B =    5.93999997E-02
 Current Field B =    9.65249985E-02
 Current Field B =    5.19750006E-02
 Current Field B =   0.112374999    
 Current Field B =   0.102475002    
 Current Field B =    5.44499978E-02
 Current Field B =    9.89999995E-02
 Current Field B =    6.18750006E-02
 Current Field B =   0.104950003    
 Current Field B =    5.69249988E-02
 Current Field B =    6.18750006E-02
 Current Field B =    6.43500015E-02
 Current Field B =   0.117325000    
 Current Field B =   0.104950003    
 Current Field B =    6.18750006E-02
 Current Field B =    9.89999995E-02
 Current Field B =    6.18750006E-02
 Current Field B =    5.69249988E-02
 Current Field B =   0.104950003    
 Current Field B =    8.91000032E-02
 Current Field B =   0.102475002    
 Current Field B =   0.114850000    
 Current Field B =    5.44499978E-02
 Current Field B =    6.18750006E-02
 Current Field B =    6.43500015E-02
 Current Field B =    5.69249988E-02
 Current Field B =   0.107425004    
 Current Field B =    6.43500015E-02
 Current Field B =    5.93999997E-02
 Current Field B =    6.43500015E-02
 Current Field B =   0.107425004    
 Current Field B =   0.119800001    
 Current Field B =   0.102475002    
 Current Field B =   0.107425004    
 Current Field B =    6.43500015E-02
 Current Field B =   0.104950003    
 Current Field B =    5.93999997E-02
 Current Field B =   0.117325000    
 Current Field B =    6.68250024E-02
 Current Field B =    9.15749967E-02
 Current Field B =   0.109899998    
 Current Field B =    6.68250024E-02
 Current Field B =    5.69249988E-02
 Current Field B =    5.93999997E-02
 Current Field B =   0.122275002    
 Current Field B =    6.68250024E-02
 Current Field B =   0.109899998    
 Current Field B =    6.68250024E-02
 Current Field B =    6.18750006E-02
 Current Field B =   0.109899998    
 Current Field B =   0.104950003    
 Current Field B =    6.43500015E-02
 Current Field B =   0.119800001    
 Current Field B =    6.68250024E-02
 Current Field B =   0.107425004    
 Current Field B =    6.18750006E-02
 Current Field B =    6.92999959E-02
 Current Field B =   0.112374999    
 Current Field B =    9.40499976E-02
 Current Field B =   0.124750003    
 Current Field B =    5.93999997E-02
 Current Field B =    6.18750006E-02
 Current Field B =   0.112374999    
 Current Field B =    6.92999959E-02
 Current Field B =    6.92999959E-02
 Current Field B =    6.92999959E-02
 Current Field B =    6.43500015E-02
 Current Field B =   0.112374999    
 Current Field B =   0.122275002    
 Current Field B =   0.107425004    
 Current Field B =   0.109899998    
 Current Field B =    6.92999959E-02
 Current Field B =    6.43500015E-02
 Current Field B =   0.114850000    
 Current Field B =    7.17749968E-02
 Current Field B =   0.127224997    
 Current Field B =    9.65249985E-02
 Current Field B =   0.114850000    
 Current Field B =    6.18750006E-02
 Current Field B =    7.17749968E-02
 Current Field B =    6.43500015E-02
 Current Field B =    6.68250024E-02
 Current Field B =    7.17749968E-02
 Current Field B =   0.114850000    
 Current Field B =   0.124750003    
 Current Field B =    6.68250024E-02
 Current Field B =   0.109899998    
 Current Field B =   0.112374999    
 Current Field B =   0.117325000    
 Current Field B =    7.17749968E-02
 Current Field B =    6.68250024E-02
 Current Field B =   0.129700005    
 Current Field B =    7.42499977E-02
 Current Field B =    9.89999995E-02
 Current Field B =    7.17749968E-02
 Current Field B =   0.117325000    
 Current Field B =    7.42499977E-02
 Current Field B =    6.43500015E-02
 Current Field B =   0.117325000    
 Current Field B =    6.68250024E-02
 Current Field B =   0.127224997    
 Current Field B =    7.42499977E-02
 Current Field B =   0.119800001    
 Current Field B =   0.132174999    
 Current Field B =   0.112374999    
 Current Field B =   0.114850000    
 Current Field B =    6.92999959E-02
 Current Field B =    6.92999959E-02
 Current Field B =    7.42499977E-02
 Current Field B =    7.67249987E-02
 Current Field B =   0.102475002    
 Current Field B =   0.119800001    
 Current Field B =    6.92999959E-02
 Current Field B =    7.67249987E-02
 Current Field B =   0.129700005    
 Current Field B =   0.119800001    
 Current Field B =    7.67249987E-02
 Current Field B =    6.68250024E-02
 Current Field B =   0.134649992    
 Current Field B =   0.122275002    
 Current Field B =    6.92999959E-02
 Current Field B =    7.42499977E-02
 Current Field B =   0.117325000    
 Current Field B =   0.114850000    
 Current Field B =    7.17749968E-02
 Current Field B =    7.17749968E-02
 Current Field B =    7.67249987E-02
 Current Field B =    7.91999996E-02
 Current Field B =   0.122275002    
 Current Field B =   0.104950003    
 Current Field B =   0.132174999    
 Current Field B =   0.122275002    
 Current Field B =    7.91999996E-02
 Current Field B =   0.137125000    
 Current Field B =   0.124750003    
 Current Field B =    7.91999996E-02
 Current Field B =    6.92999959E-02
 Current Field B =   0.119800001    
 Current Field B =    7.17749968E-02
 Current Field B =   0.117325000    
 Current Field B =    8.16750005E-02
 Current Field B =    7.42499977E-02
 Current Field B =    7.91999996E-02
 Current Field B =   0.124750003    
 Current Field B =    7.42499977E-02
 Current Field B =    7.17749968E-02
 Current Field B =   0.107425004    
 Current Field B =   0.134649992    
 Current Field B =   0.124750003    
 Current Field B =    7.67249987E-02
 Current Field B =   0.139600009    
 Current Field B =   0.127224997    
 Current Field B =    8.16750005E-02
 Current Field B =   0.122275002    
 Current Field B =    8.16750005E-02
 Current Field B =   0.119800001    
 Current Field B =    7.17749968E-02
 Current Field B =    7.42499977E-02
 Current Field B =   0.127224997    
 Current Field B =    7.67249987E-02
 Current Field B =    8.16750005E-02
 Current Field B =    8.41500014E-02
 Current Field B =    7.67249987E-02
 Current Field B =   0.142075002    
 Current Field B =   0.137125000    
 Current Field B =   0.127224997    
 Current Field B =   0.129700005    
 Current Field B =    8.41500014E-02
 Current Field B =   0.124750003    
 Current Field B =    8.41500014E-02
 Current Field B =   0.122275002    
 Current Field B =   0.129700005    
 Current Field B =    7.42499977E-02
 Current Field B =    7.42499977E-02
 Current Field B =    7.67249987E-02
 Current Field B =    7.91999996E-02
 Current Field B =    7.91999996E-02
 Current Field B =    8.41500014E-02
 Current Field B =   0.144549996    
 Current Field B =    8.66250023E-02
 Current Field B =   0.139600009    
 Current Field B =    7.91999996E-02
 Current Field B =   0.129700005    
 Current Field B =   0.132174999    
 Current Field B =    8.66250023E-02
 Current Field B =   0.127224997    
 Current Field B =   0.132174999    
 Current Field B =    8.66250023E-02
 Current Field B =   0.124750003    
 Current Field B =   0.147025004    
 Current Field B =    7.67249987E-02
 Current Field B =    7.91999996E-02
 Current Field B =    8.16750005E-02
 Current Field B =   0.142075002    
 Current Field B =    8.66250023E-02
 Current Field B =    8.91000032E-02
 Current Field B =   0.132174999    
 Current Field B =    8.16750005E-02
 Current Field B =   0.134649992    
 Current Field B =    8.91000032E-02
 Current Field B =    8.16750005E-02
 Current Field B =   0.129700005    
 Current Field B =    7.67249987E-02
 Current Field B =   0.134649992    
 Current Field B =   0.149499997    
 Current Field B =    8.91000032E-02
 Current Field B =   0.127224997    
 Current Field B =   0.144549996    
 Current Field B =    8.16750005E-02
 Current Field B =    7.91999996E-02
 Current Field B =    8.91000032E-02
 Current Field B =    8.41500014E-02
 Current Field B =    9.15749967E-02
 Current Field B =   0.134649992    
 Current Field B =   0.137125000    
 Current Field B =    8.41500014E-02
 Current Field B =    9.15749967E-02
 Current Field B =   0.151975006    
 Current Field B =   0.137125000    
 Current Field B =   0.132174999    
 Current Field B =   0.147025004    
 Current Field B =    9.15749967E-02
 Current Field B =   0.129700005    
 Current Field B =   0.109899998    
 Current Field B =    9.15749967E-02
 Current Field B =    8.41500014E-02
 Current Field B =   0.139600009    
 Current Field B =    8.66250023E-02
 Current Field B =    8.16750005E-02
 Current Field B =   0.137125000    
 Current Field B =    9.40499976E-02
 Current Field B =    8.41500014E-02
 Current Field B =    8.66250023E-02
 Current Field B =    7.91999996E-02
 Current Field B =    9.40499976E-02
 Current Field B =   0.154449999    
 Current Field B =   0.139600009    
 Current Field B =   0.134649992    
 Current Field B =   0.149499997    
 Current Field B =    8.66250023E-02
 Current Field B =    9.40499976E-02
 Current Field B =   0.132174999    
 Current Field B =   0.142075002    
 Current Field B =   0.139600009    
 Current Field B =    9.40499976E-02
 Current Field B =    8.66250023E-02
 Current Field B =    8.91000032E-02
 Current Field B =    8.41500014E-02
 Current Field B =    9.65249985E-02
 Current Field B =    8.91000032E-02
 Current Field B =    9.65249985E-02
 Current Field B =    8.16750005E-02
 Current Field B =   0.112374999    
 Current Field B =   0.156924993    
 Current Field B =   0.142075002    
 Current Field B =   0.137125000    
 Current Field B =    8.91000032E-02
 Current Field B =   0.151975006    
 Current Field B =   0.144549996    
 Current Field B =   0.134649992    
 Current Field B =   0.142075002    
 Current Field B =    9.65249985E-02
 Current Field B =    9.65249985E-02
 Current Field B =    8.91000032E-02
 Current Field B =    9.15749967E-02
 Current Field B =    8.66250023E-02
 Current Field B =    9.89999995E-02
 Current Field B =    9.15749967E-02
 Current Field B =    9.89999995E-02
 Current Field B =   0.144549996    
 Current Field B =    9.15749967E-02
 Current Field B =    8.41500014E-02
 Current Field B =   0.159400001    
 Current Field B =   0.139600009    
 Current Field B =   0.147025004    
 Current Field B =   0.144549996    
 Current Field B =   0.114850000    
 Current Field B =   0.154449999    
 Current Field B =   0.137125000    
 Current Field B =    9.89999995E-02
 Current Field B =    9.89999995E-02
 Current Field B =    9.15749967E-02
 Current Field B =    9.40499976E-02
 Current Field B =    8.91000032E-02
 Current Field B =    9.40499976E-02
 Current Field B =   0.102475002    
 Current Field B =   0.147025004    
 Current Field B =   0.102475002    
 Current Field B =    9.40499976E-02
 Current Field B =   0.161875010    
 Current Field B =   0.142075002    
 Current Field B =    8.66250023E-02
 Current Field B =   0.149499997    
 Current Field B =   0.147025004    
 Current Field B =   0.156924993    
 Current Field B =   0.139600009    
 Current Field B =    9.65249985E-02
 Current Field B =   0.102475002    
 Current Field B =   0.102475002    
 Current Field B =    9.40499976E-02
 Current Field B =    9.65249985E-02
 Current Field B =    9.15749967E-02
 Current Field B =   0.149499997    
 Current Field B =   0.104950003    
 Current Field B =    9.65249985E-02
 Current Field B =   0.104950003    
 Current Field B =   0.164350003    
 Current Field B =   0.117325000    
 Current Field B =   0.144549996    
 Current Field B =    8.91000032E-02
 Current Field B =   0.151975006    
 Current Field B =   0.149499997    
 Current Field B =    9.89999995E-02
 Current Field B =   0.159400001    
 Current Field B =   0.104950003    
 Current Field B =   0.142075002    
 Current Field B =    9.65249985E-02
 Current Field B =   0.104950003    
 Current Field B =   0.151975006    
 Current Field B =    9.89999995E-02
 Current Field B =    9.40499976E-02
 Current Field B =   0.107425004    
 Current Field B =   0.166824996    
 Current Field B =    9.89999995E-02
 Current Field B =   0.107425004    
 Current Field B =   0.147025004    
 Current Field B =   0.154449999    
 Current Field B =   0.102475002    
 Current Field B =   0.151975006    
 Current Field B =    9.15749967E-02
 Current Field B =   0.119800001    
 Current Field B =   0.107425004    
 Current Field B =   0.161875010    
 Current Field B =   0.144549996    
 Current Field B =   0.154449999    
 Current Field B =    9.89999995E-02
 Current Field B =    9.65249985E-02
 Current Field B =   0.107425004    
 Current Field B =   0.102475002    
 Current Field B =   0.109899998    
 Current Field B =   0.104950003    
 Current Field B =   0.169299990    
 Current Field B =   0.102475002    
 Current Field B =   0.156924993    
 Current Field B =   0.149499997    
 Current Field B =   0.109899998    
 Current Field B =   0.154449999    
 Current Field B =    9.40499976E-02
 Current Field B =   0.109899998    
 Current Field B =   0.107425004    
 Current Field B =   0.156924993    
 Current Field B =   0.164350003    
 Current Field B =   0.147025004    
 Current Field B =   0.102475002    
 Current Field B =    9.89999995E-02
 Current Field B =   0.112374999    
 Current Field B =   0.104950003    
 Current Field B =   0.159400001    
 Current Field B =   0.109899998    
 Current Field B =   0.171774998    
 Current Field B =   0.122275002    
 Current Field B =   0.104950003    
 Current Field B =   0.151975006    
 Current Field B =   0.156924993    
 Current Field B =   0.112374999    
 Current Field B =   0.109899998    
 Current Field B =   0.159400001    
 Current Field B =   0.112374999    
 Current Field B =    9.65249985E-02
 Current Field B =   0.149499997    
 Current Field B =   0.166824996    
 Current Field B =   0.104950003    
 Current Field B =   0.161875010    
 Current Field B =   0.114850000    
 Current Field B =   0.102475002    
 Current Field B =   0.174250007    
 Current Field B =   0.107425004    
 Current Field B =   0.112374999    
 Current Field B =   0.154449999    
 Current Field B =   0.107425004    
 Current Field B =   0.112374999    
 Current Field B =   0.159400001    
 Current Field B =   0.114850000    
 Current Field B =   0.161875010    
 Current Field B =   0.124750003    
 Current Field B =   0.114850000    
 Current Field B =   0.151975006    
 Current Field B =   0.164350003    
 Current Field B =   0.169299990    
 Current Field B =   0.114850000    
 Current Field B =   0.107425004    
 Current Field B =    9.89999995E-02
 Current Field B =   0.117325000    
 Current Field B =   0.104950003    
 Current Field B =   0.176725000    
 Current Field B =   0.156924993    
 Current Field B =   0.109899998    
 Current Field B =   0.161875010    
 Current Field B =   0.109899998    
 Current Field B =   0.114850000    
 Current Field B =   0.164350003    
 Current Field B =   0.117325000    
 Current Field B =   0.117325000    
 Current Field B =   0.117325000    
 Current Field B =   0.166824996    
 Current Field B =   0.154449999    
 Current Field B =   0.119800001    
 Current Field B =   0.109899998    
 Current Field B =   0.171774998    
 Current Field B =   0.107425004    
 Current Field B =   0.164350003    
 Current Field B =   0.179199994    
 Current Field B =   0.159400001    
 Current Field B =   0.127224997    
 Current Field B =   0.102475002    
 Current Field B =   0.112374999    
 Current Field B =   0.112374999    
 Current Field B =   0.119800001    
 Current Field B =   0.117325000    
 Current Field B =   0.166824996    
 Current Field B =   0.169299990    
 Current Field B =   0.119800001    
 Current Field B =   0.119800001    
 Current Field B =   0.156924993    
 Current Field B =   0.122275002    
 Current Field B =   0.112374999    
 Current Field B =   0.166824996    
 Current Field B =   0.174250007    
 Current Field B =   0.109899998    
 Current Field B =   0.161875010    
 Current Field B =   0.181675002    
 Current Field B =   0.122275002    
 Current Field B =   0.114850000    
 Current Field B =   0.114850000    
 Current Field B =   0.169299990    
 Current Field B =   0.104950003    
 Current Field B =   0.171774998    
 Current Field B =   0.119800001    
 Current Field B =   0.122275002    
 Current Field B =   0.129700005    
 Current Field B =   0.122275002    
 Current Field B =   0.159400001    
 Current Field B =   0.169299990    
 Current Field B =   0.124750003    
 Current Field B =   0.124750003    
 Current Field B =   0.114850000    
 Current Field B =   0.184150010    
 Current Field B =   0.164350003    
 Current Field B =   0.176725000    
 Current Field B =   0.112374999    
 Current Field B =   0.171774998    
 Current Field B =   0.117325000    
 Current Field B =   0.117325000    
 Current Field B =   0.174250007    
 Current Field B =   0.107425004    
 Current Field B =   0.122275002    
 Current Field B =   0.124750003    
 Current Field B =   0.127224997    
 Current Field B =   0.171774998    
 Current Field B =   0.161875010    
 Current Field B =   0.124750003    
 Current Field B =   0.127224997    
 Current Field B =   0.186625004    
 Current Field B =   0.166824996    
 Current Field B =   0.117325000    
 Current Field B =   0.179199994    
 Current Field B =   0.174250007    
 Current Field B =   0.114850000    
 Current Field B =   0.119800001    
 Current Field B =   0.132174999    
 Current Field B =   0.176725000    
 Current Field B =   0.119800001    
 Current Field B =   0.129700005    
 Current Field B =   0.109899998    
 Current Field B =   0.174250007    
 Current Field B =   0.127224997    
 Current Field B =   0.124750003    
 Current Field B =   0.164350003    
 Current Field B =   0.189099997    
 Current Field B =   0.169299990    
 Current Field B =   0.129700005    
 Current Field B =   0.176725000    
 Current Field B =   0.127224997    
 Current Field B =   0.119800001    
 Current Field B =   0.181675002    
 Current Field B =   0.122275002    
 Current Field B =   0.179199994    
 Current Field B =   0.117325000    
 Current Field B =   0.132174999    
 Current Field B =   0.122275002    
 Current Field B =   0.176725000    
 Current Field B =   0.134649992    
 Current Field B =   0.129700005    
 Current Field B =   0.166824996    
 Current Field B =   0.179199994    
 Current Field B =   0.171774998    
 Current Field B =   0.127224997    
 Current Field B =   0.112374999    
 Current Field B =   0.191574991    
 Current Field B =   0.134649992    
 Current Field B =   0.132174999    
 Current Field B =   0.181675002    
 Current Field B =   0.122275002    
 Current Field B =   0.124750003    
 Current Field B =   0.184150010    
 Current Field B =   0.129700005    
 Current Field B =   0.119800001    
 Current Field B =   0.124750003    
 Current Field B =   0.179199994    
 Current Field B =   0.137125000    
 Current Field B =   0.132174999    
 Current Field B =   0.181675002    
 Current Field B =   0.169299990    
 Current Field B =   0.174250007    
 Current Field B =   0.184150010    
 Current Field B =   0.194049999    
 Current Field B =   0.134649992    
 Current Field B =   0.129700005    
 Current Field B =   0.127224997    
 Current Field B =   0.124750003    
 Current Field B =   0.114850000    
 Current Field B =   0.122275002    
 Current Field B =   0.132174999    
 Current Field B =   0.186625004    
 Current Field B =   0.137125000    
 Current Field B =   0.127224997    
 Current Field B =   0.139600009    
 Current Field B =   0.181675002    
 Current Field B =   0.184150010    
 Current Field B =   0.134649992    
 Current Field B =   0.186625004    
 Current Field B =   0.196525007    
 Current Field B =   0.176725000    
 Current Field B =   0.171774998    
 Current Field B =   0.132174999    
 Current Field B =   0.137125000    
 Current Field B =   0.129700005    
 Current Field B =   0.127224997    
 Current Field B =   0.189099997    
 Current Field B =   0.142075002    
 Current Field B =   0.134649992    
 Current Field B =   0.124750003    
 Current Field B =   0.117325000    
 Current Field B =   0.129700005    
 Current Field B =   0.184150010    
 Current Field B =   0.186625004    
 Current Field B =   0.189099997    
 Current Field B =   0.199000001    
 Current Field B =   0.139600009    
 Current Field B =   0.137125000    
 Current Field B =   0.179199994    
 Current Field B =   0.174250007    
 Current Field B =   0.144549996    
 Current Field B =   0.132174999    
 Current Field B =   0.134649992    
 Current Field B =   0.139600009    
 Current Field B =   0.191574991    
 Current Field B =   0.129700005    
 Current Field B =   0.137125000    
 Current Field B =   0.127224997    
 Current Field B =   0.186625004    
 Current Field B =   0.119800001    
 Current Field B =   0.132174999    
 Current Field B =   0.189099997    
 Current Field B =   0.191574991    
 Ended Program
 Current Field B =   0.147025004    
 Current Field B =   0.139600009    
 Current Field B =   0.181675002    
 Current Field B =   0.134649992    
 Current Field B =   0.176725000    
 Current Field B =   0.137125000    
 Current Field B =   0.142075002    
 Current Field B =   0.194049999    
 Current Field B =   0.139600009    
 Current Field B =   0.132174999    
 Current Field B =   0.142075002    
 Current Field B =   0.189099997    
 Current Field B =   0.129700005    
 Current Field B =   0.191574991    
 Current Field B =   0.194049999    
 Current Field B =   0.149499997    
 Current Field B =   0.134649992    
 Current Field B =   0.122275002    
 Current Field B =   0.184150010    
 Current Field B =   0.137125000    
 Current Field B =   0.142075002    
 Current Field B =   0.179199994    
 Current Field B =   0.139600009    
 Current Field B =   0.144549996    
 Current Field B =   0.196525007    
 Current Field B =   0.191574991    
 Current Field B =   0.142075002    
 Current Field B =   0.134649992    
 Current Field B =   0.151975006    
 Current Field B =   0.194049999    
 Current Field B =   0.196525007    
 Current Field B =   0.132174999    
 Current Field B =   0.137125000    
 Current Field B =   0.144549996    
 Current Field B =   0.186625004    
 Current Field B =   0.139600009    
 Current Field B =   0.124750003    
 Current Field B =   0.144549996    
 Current Field B =   0.181675002    
 Current Field B =   0.142075002    
 Current Field B =   0.154449999    
 Current Field B =   0.199000001    
 Current Field B =   0.194049999    
 Current Field B =   0.147025004    
 Current Field B =   0.196525007    
 Current Field B =   0.199000001    
 Current Field B =   0.144549996    
 Current Field B =   0.137125000    
 Current Field B =   0.134649992    
 Current Field B =   0.139600009    
 Current Field B =   0.142075002    
 Current Field B =   0.189099997    
 Current Field B =   0.156924993    
 Current Field B =   0.184150010    
 Current Field B =   0.147025004    
 Current Field B =   0.127224997    
 Current Field B =   0.144549996    
 Current Field B =   0.196525007    
 Ended Program
 Ended Program
 Current Field B =   0.199000001    
 Current Field B =   0.149499997    
 Current Field B =   0.147025004    
 Current Field B =   0.147025004    
 Current Field B =   0.139600009    
 Current Field B =   0.159400001    
 Current Field B =   0.137125000    
 Current Field B =   0.191574991    
 Current Field B =   0.144549996    
 Current Field B =   0.142075002    
 Current Field B =   0.186625004    
 Current Field B =   0.199000001    
 Current Field B =   0.147025004    
 Ended Program
 Current Field B =   0.129700005    
 Current Field B =   0.149499997    
 Current Field B =   0.149499997    
 Current Field B =   0.161875010    
 Current Field B =   0.149499997    
 Current Field B =   0.151975006    
 Current Field B =   0.142075002    
 Current Field B =   0.194049999    
 Current Field B =   0.147025004    
 Current Field B =   0.139600009    
 Ended Program
 Current Field B =   0.144549996    
 Current Field B =   0.189099997    
 Current Field B =   0.164350003    
 Current Field B =   0.132174999    
 Current Field B =   0.149499997    
 Current Field B =   0.151975006    
 Current Field B =   0.151975006    
 Current Field B =   0.154449999    
 Current Field B =   0.151975006    
 Current Field B =   0.144549996    
 Current Field B =   0.149499997    
 Current Field B =   0.196525007    
 Current Field B =   0.166824996    
 Current Field B =   0.142075002    
 Current Field B =   0.147025004    
 Current Field B =   0.134649992    
 Current Field B =   0.151975006    
 Current Field B =   0.191574991    
 Current Field B =   0.154449999    
 Current Field B =   0.154449999    
 Current Field B =   0.169299990    
 Current Field B =   0.156924993    
 Current Field B =   0.151975006    
 Current Field B =   0.147025004    
 Current Field B =   0.199000001    
 Current Field B =   0.144549996    
 Current Field B =   0.154449999    
 Current Field B =   0.137125000    
 Current Field B =   0.149499997    
 Current Field B =   0.194049999    
 Current Field B =   0.171774998    
 Current Field B =   0.156924993    
 Current Field B =   0.154449999    
 Current Field B =   0.156924993    
 Current Field B =   0.154449999    
 Current Field B =   0.159400001    
 Current Field B =   0.149499997    
 Ended Program
 Current Field B =   0.174250007    
 Current Field B =   0.147025004    
 Current Field B =   0.156924993    
 Current Field B =   0.139600009    
 Current Field B =   0.151975006    
 Current Field B =   0.196525007    
 Current Field B =   0.159400001    
 Current Field B =   0.159400001    
 Current Field B =   0.156924993    
 Current Field B =   0.161875010    
 Current Field B =   0.176725000    
 Current Field B =   0.151975006    
 Current Field B =   0.156924993    
 Current Field B =   0.149499997    
 Current Field B =   0.159400001    
 Current Field B =   0.142075002    
 Current Field B =   0.154449999    
 Current Field B =   0.161875010    
 Current Field B =   0.199000001    
 Current Field B =   0.179199994    
 Current Field B =   0.159400001    
 Current Field B =   0.161875010    
 Current Field B =   0.164350003    
 Current Field B =   0.154449999    
 Current Field B =   0.161875010    
 Ended Program
 Current Field B =   0.159400001    
 Current Field B =   0.151975006    
 Current Field B =   0.144549996    
 Current Field B =   0.164350003    
 Current Field B =   0.156924993    
 Current Field B =   0.181675002    
 Current Field B =   0.161875010    
 Current Field B =   0.164350003    
 Current Field B =   0.166824996    
 Current Field B =   0.164350003    
 Current Field B =   0.161875010    
 Current Field B =   0.166824996    
 Current Field B =   0.156924993    
 Current Field B =   0.184150010    
 Current Field B =   0.147025004    
 Current Field B =   0.154449999    
 Current Field B =   0.159400001    
 Current Field B =   0.164350003    
 Current Field B =   0.166824996    
 Current Field B =   0.166824996    
 Current Field B =   0.164350003    
 Current Field B =   0.169299990    
 Current Field B =   0.169299990    
 Current Field B =   0.186625004    
 Current Field B =   0.159400001    
 Current Field B =   0.149499997    
 Current Field B =   0.156924993    
 Current Field B =   0.161875010    
 Current Field B =   0.169299990    
 Current Field B =   0.166824996    
 Current Field B =   0.171774998    
 Current Field B =   0.166824996    
 Current Field B =   0.169299990    
 Current Field B =   0.189099997    
 Current Field B =   0.171774998    
 Current Field B =   0.151975006    
 Current Field B =   0.161875010    
 Current Field B =   0.171774998    
 Current Field B =   0.174250007    
 Current Field B =   0.159400001    
 Current Field B =   0.169299990    
 Current Field B =   0.169299990    
 Current Field B =   0.164350003    
 Current Field B =   0.191574991    
 Current Field B =   0.171774998    
 Current Field B =   0.174250007    
 Current Field B =   0.154449999    
 Current Field B =   0.176725000    
 Current Field B =   0.174250007    
 Current Field B =   0.164350003    
 Current Field B =   0.171774998    
 Current Field B =   0.194049999    
 Current Field B =   0.161875010    
 Current Field B =   0.171774998    
 Current Field B =   0.166824996    
 Current Field B =   0.179199994    
 Current Field B =   0.176725000    
 Current Field B =   0.174250007    
 Current Field B =   0.156924993    
 Current Field B =   0.176725000    
 Current Field B =   0.174250007    
 Current Field B =   0.196525007    
 Current Field B =   0.166824996    
 Current Field B =   0.174250007    
 Current Field B =   0.164350003    
 Current Field B =   0.181675002    
 Current Field B =   0.179199994    
 Current Field B =   0.169299990    
 Current Field B =   0.159400001    
 Current Field B =   0.176725000    
 Current Field B =   0.199000001    
 Current Field B =   0.176725000    
 Current Field B =   0.179199994    
 Current Field B =   0.169299990    
 Current Field B =   0.176725000    
 Current Field B =   0.184150010    
 Current Field B =   0.181675002    
 Current Field B =   0.166824996    
 Ended Program
 Current Field B =   0.171774998    
 Current Field B =   0.161875010    
 Current Field B =   0.179199994    
 Current Field B =   0.179199994    
 Current Field B =   0.181675002    
 Current Field B =   0.179199994    
 Current Field B =   0.186625004    
 Current Field B =   0.184150010    
 Current Field B =   0.171774998    
 Current Field B =   0.169299990    
 Current Field B =   0.164350003    
 Current Field B =   0.174250007    
 Current Field B =   0.181675002    
 Current Field B =   0.181675002    
 Current Field B =   0.184150010    
 Current Field B =   0.189099997    
 Current Field B =   0.186625004    
 Current Field B =   0.181675002    
 Current Field B =   0.174250007    
 Current Field B =   0.166824996    
 Current Field B =   0.171774998    
 Current Field B =   0.176725000    
 Current Field B =   0.184150010    
 Current Field B =   0.184150010    
 Current Field B =   0.191574991    
 Current Field B =   0.189099997    
 Current Field B =   0.186625004    
 Current Field B =   0.184150010    
 Current Field B =   0.176725000    
 Current Field B =   0.169299990    
 Current Field B =   0.174250007    
 Current Field B =   0.179199994    
 Current Field B =   0.186625004    
 Current Field B =   0.194049999    
 Current Field B =   0.191574991    
 Current Field B =   0.186625004    
 Current Field B =   0.189099997    
 Current Field B =   0.179199994    
 Current Field B =   0.186625004    
 Current Field B =   0.171774998    
 Current Field B =   0.176725000    
 Current Field B =   0.181675002    
 Current Field B =   0.196525007    
 Current Field B =   0.194049999    
 Current Field B =   0.189099997    
 Current Field B =   0.189099997    
 Current Field B =   0.191574991    
 Current Field B =   0.181675002    
 Current Field B =   0.179199994    
 Current Field B =   0.184150010    
 Current Field B =   0.199000001    
 Current Field B =   0.196525007    
 Current Field B =   0.189099997    
 Current Field B =   0.191574991    
 Current Field B =   0.174250007    
 Current Field B =   0.191574991    
 Current Field B =   0.194049999    
 Current Field B =   0.184150010    
 Current Field B =   0.181675002    
 Current Field B =   0.186625004    
 Ended Program
 Current Field B =   0.199000001    
 Current Field B =   0.194049999    
 Current Field B =   0.194049999    
 Current Field B =   0.196525007    
 Current Field B =   0.176725000    
 Current Field B =   0.186625004    
 Current Field B =   0.191574991    
 Current Field B =   0.184150010    
 Ended Program
 Current Field B =   0.189099997    
 Current Field B =   0.196525007    
 Current Field B =   0.196525007    
 Current Field B =   0.199000001    
 Current Field B =   0.189099997    
 Current Field B =   0.179199994    
 Current Field B =   0.186625004    
 Current Field B =   0.191574991    
 Current Field B =   0.199000001    
 Current Field B =   0.194049999    
 Current Field B =   0.199000001    
 Ended Program
 Current Field B =   0.191574991    
 Current Field B =   0.189099997    
 Ended Program
 Current Field B =   0.181675002    
 Current Field B =   0.194049999    
 Ended Program
 Current Field B =   0.196525007    
 Current Field B =   0.194049999    
 Current Field B =   0.191574991    
 Current Field B =   0.184150010    
 Current Field B =   0.196525007    
 Current Field B =   0.199000001    
 Current Field B =   0.184150010    
 Current Field B =   0.199000001    
 Current Field B =   0.196525007    
 Current Field B =   0.194049999    
 Current Field B =   0.199000001    
 Current Field B =   0.186625004    
 Ended Program
 Current Field B =   0.199000001    
 Current Field B =   0.196525007    
 Ended Program
 Current Field B =   0.189099997    
 Ended Program
 Current Field B =   0.191574991    
 Current Field B =   0.199000001    
 Current Field B =   0.194049999    
 Ended Program
 Current Field B =   0.196525007    
 Current Field B =   0.199000001    
 Ended Program
