

*******************************************************************************
Thu Feb  9 17:51:57 2017


FIT:    data read from 'fitted.data' u (log($1)):(log($3-$2**2))
        format = x:z
        #datapoints = 13
        residuals are weighted equally (unit weight)

function used for fitting: f(x)
fitted parameters initialized with current variable values



 Iteration 0
 WSSR        : 587.849           delta(WSSR)/WSSR   : 0
 delta(WSSR) : 0                 limit for stopping : 1e-05
 lambda	  : 1.54511

initial set of free parameter values

a               = 1
b               = 1

After 4 iterations the fit converged.
final sum of squares of residuals : 6.22188
rel. change during last iteration : -3.45742e-13

degrees of freedom    (FIT_NDF)                        : 11
rms of residuals      (FIT_STDFIT) = sqrt(WSSR/ndf)    : 0.752081
variance of residuals (reduced chisquare) = WSSR/ndf   : 0.565626

Final set of parameters            Asymptotic Standard Error
=======================            ==========================

a               = -1.44843         +/- 0.1583       (10.93%)
b               = -8.35452         +/- 0.3075       (3.681%)


correlation matrix of the fit parameters:

               a      b      
a               1.000 
b               0.735  1.000 
