 1.00  3.90000  1.92439  0.16233 -0.02308  0.00585    1.30223    0.49377  0.00138  0.00199    0.03818 -0.00128
 1.00  3.80000  1.99037  0.17926 -0.02436  0.00751    1.45542    0.56091  0.00804  0.00197    0.03808 -0.00664
 1.00  3.70000  2.06187  0.19134 -0.02543  0.00738    1.64386    0.63085  0.00031  0.00194    0.03806  0.00640
 1.00  3.60000  2.14001  0.19588 -0.02644  0.00876    1.79018    0.69643  0.01178  0.00191    0.03786 -0.00250
 1.00  3.50000  2.22595  0.20796 -0.02696  0.00510    2.01967    0.75287  0.00154  0.00189    0.03846 -0.00145
 1.00  3.40000  2.32041  0.22727 -0.02952  0.00885    2.40733    0.93115 -0.01117  0.00186    0.03789  0.00285
 1.00  3.30000  2.42598  0.24689 -0.03319  0.01472    2.88711    1.19039  0.02199  0.00183    0.03790  0.00134
 1.00  3.20000  2.54021  0.27470 -0.03752  0.01990    3.53609    1.53532  0.04046  0.00178    0.03712  0.00124
 1.00  2.29000 97.90391  0.62315 ******** 28.82912   10.03276   10.03276  0.66441  0.00143    0.02426  0.24509
 1.00  2.28000 98.73820  0.57260 ******** 40.30419    6.48125    6.48125  0.66591  0.00120    0.02386 -0.00018
 1.00  3.10000  2.67281  0.33333 -0.04267  0.02278    4.68537    2.02781  0.05417  0.00175    0.03708 -0.00177
 1.00  3.00000  2.83012  0.39219 -0.05295  0.03567    6.47735    3.24844  0.05510  0.00171    0.03636  0.00332
 1.00  2.90000  3.01452  0.43657 -0.06117  0.03722    9.97008    4.82848 -0.02914  0.00165    0.03517  0.00069
 1.00  2.80000  3.24030  0.53684 -0.11092  0.09898   15.70241   10.03542  0.31491  0.00161    0.03449  0.00290
 1.00  2.70000  3.52188  0.65889 -0.17222  0.16539   31.21658   25.81647  0.30445  0.00152    0.03228 -0.00535
 1.00  2.25000 ********  0.78486 ******** 42.80863   77.62360   77.62360  0.65963  0.00141    0.02849  0.15427
 1.00  2.27000 98.53643  0.55417 ******** 12.21378   46.71047   46.71047  0.58915  0.00100    0.01657 -0.04094
 1.00  2.60000  3.89045  0.74692 -0.57505  0.57505   66.38684   66.38684  0.56162  0.00143    0.02916  0.00343
 1.00  2.50000  4.28359  0.90893 -0.26734  0.26734   14.14248   14.14248  0.57580  0.00131    0.02511  0.02525
 1.00  2.40000  4.61723  0.47003 -0.65998  0.65998   32.64665   32.64665  0.63046  0.00114    0.02216 -0.12398
 1.00  2.30000  4.94514  0.63735 -0.80998  0.80998    7.33348    7.33348  0.66130  0.00112    0.02040 -0.00739
 1.00  2.20000  5.20779  0.53512 -0.57829  0.57829    4.51123    4.51123  0.66043  0.00089    0.01338  0.02639
 1.00  2.10000  5.44196  0.38511 -0.45642  0.45642    0.82298    0.82298  0.66492  0.00101    0.01578  0.15417
 1.00  2.00000  5.63524  0.39043 -0.46072  0.46072    1.26344    1.26344  0.66416  0.00086    0.01060  0.22666
 1.00  1.90000  5.79541  0.38414 -0.51382  0.51382    0.76869    0.76869  0.66550  0.00081    0.01218  0.07960
 1.00  1.80000  5.93112  0.20403 -0.52324  0.52324    0.45321    0.45321  0.66604  0.00081    0.01279  0.06498
 1.00  1.70000  6.04313  0.21416 -0.50173  0.50173    0.27953    0.27953  0.66627  0.00072    0.00829  0.18501
 1.00  1.60000  6.13107  0.22537 -0.52772  0.52772    0.10345    0.10345  0.66654  0.00056    0.00622  0.16088
 1.00  2.26000 99.57836  0.59590 ******** 32.46270    5.43902    5.43902  0.66573  0.00118    0.02216  0.08187
 1.00  1.50000  6.19495  0.15402 -0.67424  0.67424    0.06746    0.06746  0.66662  0.00045    0.00475  0.06755
 1.00  1.40000  6.24158  0.14153 -0.66624  0.66624    0.05625    0.05625  0.66663  0.00048    0.00541  0.19282
 1.00  1.30000  6.28161  0.07496 -0.67073  0.67073    0.15758    0.15758  0.66657  0.00039    0.00369  0.15387
 1.00  1.20000  6.31187  0.05770 -0.72033  0.72033    0.05237    0.05237  0.66664  0.00031    0.00287  0.05503
 1.00  1.10000  6.33140  0.02028 -0.73214  0.73214    0.07812    0.07812  0.66663  0.00027    0.00230  0.14733
 1.00  1.00000  6.34261  0.02336 -0.74383  0.74383    0.26664    0.26664  0.66657  0.00021    0.00157  0.05888
 1.00  0.90000  6.35111  0.00937 -0.73736  0.73736    0.22488    0.22488  0.66659  0.00016    0.00100  0.06927
 1.00  0.80000  6.35688  0.00836 -0.69736  0.69736    0.72285    0.72285  0.66642  0.00013    0.00082  0.04395
 1.00  0.70000  6.36051  0.00045 -0.70508  0.70508    1.30069    1.30069  0.66628  0.00013    0.00082  0.08861
 1.00  0.60000  6.36221  0.00001 -0.71641  0.71641    1.08416    1.08416  0.66640  0.00011    0.00077  0.06347
 1.00  0.50000  6.36253  0.01489 -0.71623  0.71623    1.53821    1.53821  0.66635  0.00011    0.00088  0.08298
