 1.00  0.60000 -2.00000  0.00000  1.00000  1.00000    0.00000    0.00000  0.66667  0.00000    0.00000      NaN
 1.00  0.70000 -1.99993  0.00111  0.99998  0.99998    0.00005    0.00005  0.66667  0.00002    0.00005 ********
 1.00  0.80000 -1.99979  0.00255  0.99995  0.99995    0.00013    0.00013  0.66667  0.00005    0.00013 ********
 1.00  0.90000 -1.99917  0.00811  0.99979  0.99979    0.00047    0.00047  0.66667  0.00020    0.00044 -3.33330
 1.00  1.00000 -1.99790  0.01789  0.99946  0.99946    0.00125    0.00125  0.66667  0.00045    0.00080 -1.26997
 1.00  1.10000 -1.99559  0.02819  0.99887  0.99887    0.00215    0.00215  0.66666  0.00086    0.00121 -0.43060
 1.00  1.20000 -1.99066  0.05155  0.99757  0.99757    0.00455    0.00455  0.66666  0.00141    0.00176 -0.19680
 1.00  1.30000 -1.98275  0.08287  0.99544  0.99544    0.00851    0.00851  0.66665  0.00204    0.00262 -0.13407
 1.00  1.40000 -1.96990  0.12850  0.99193  0.99193    0.01508    0.01508  0.66664  0.00285    0.00403 -0.06990
 1.00  1.50000 -1.95140  0.18965  0.98662  0.98662    0.02678    0.02678  0.66661  0.00345    0.00542 -0.07388
 1.00  1.60000 -1.92897  0.26183  0.97974  0.97974    0.04545    0.04545  0.66657  0.00411    0.00674 -0.02309
 1.00  1.70000 -1.90026  0.33780  0.97064  0.97064    0.06965    0.06965  0.66650  0.00479    0.00851 -0.01785
 1.00  1.80000 -1.86051  0.42452  0.95750  0.95750    0.10851    0.10851  0.66639  0.00549    0.01017 -0.01676
 1.00  1.90000 -1.80756  0.50326  0.93706  0.93706    0.20786    0.20786  0.66609  0.00628    0.01259 -0.00382
 1.00  2.00000 -1.75108  0.61034  0.91462  0.91462    0.28860    0.28860  0.66579  0.00690    0.01406 -0.00047
 1.00  2.10000 -1.66606  0.83497  0.87327  0.87327    0.68881    0.68881  0.66429  0.00798    0.01821 -0.03697
 1.00  2.20000 -1.55562  1.11534  0.80502  0.80502    1.57590    1.57590  0.66021  0.00914    0.02195  0.02899
 1.00  2.30000 -1.37671  1.85566  0.56808  0.31520  118.96382   19.51611  0.56609  0.01026    0.02679  0.01812
 1.00  2.40000 -1.21080  1.21090  0.31387  0.01064   57.16262   15.17750  0.34841  0.01126    0.03110 -0.00071
 1.00  2.50000 -1.10856  0.84750  0.20945  0.00834   26.35454    8.41364  0.20227  0.01190    0.03358  0.00073
 1.00  2.60000 -1.02921  0.70051  0.14806 -0.00201   13.32665    4.69419  0.06900  0.01244    0.03526 -0.00862
 1.00  2.70000 -0.96452  0.58574  0.12617  0.00466    9.32714    3.29783  0.06285  0.01288    0.03635 -0.00528
 1.00  2.80000 -0.90782  0.51135  0.10677 -0.00233    6.47572    2.30835  0.04024  0.01328    0.03685  0.00639
 1.00  2.90000 -0.85791  0.45285  0.09145 -0.00072    4.60775    1.65475  0.02921  0.01361    0.03772  0.00008
 1.00  3.00000 -0.81715  0.39842  0.08502 -0.00005    3.86160    1.39447  0.02273  0.01400    0.03841 -0.00427
 1.00  3.10000 -0.77936  0.34957  0.07731  0.00064    3.08189    1.10766  0.02995  0.01427    0.03874 -0.00753
 1.00  3.20000 -0.74574  0.32323  0.07272 -0.00039    2.64679    0.95463  0.01000  0.01457    0.03925 -0.00355
 1.00  3.30000 -0.71419  0.29292  0.06760 -0.00044    2.22998    0.81183  0.00172  0.01477    0.03919 -0.00487
 1.00  3.40000 -0.68715  0.26636  0.06503 -0.00217    1.99076    0.71869  0.01927  0.01504    0.03918 -0.00406
 1.00  3.50000 -0.66107  0.24891  0.06211 -0.00021    1.76372    0.63519  0.02128  0.01529    0.03911 -0.00084
 1.00  3.60000 -0.63696  0.22861  0.05963  0.00173    1.58230    0.57170  0.02054  0.01547    0.03921 -0.00678
 1.00  3.70000 -0.61491  0.21314  0.05720 -0.00001    1.41863    0.51324  0.01190  0.01570    0.03929 -0.00533
 1.00  3.80000 -0.59342  0.19713  0.05495  0.00036    1.27345    0.45968  0.01237  0.01584    0.03870 -0.00244
 1.00  3.90000 -0.57494  0.18281  0.05292 -0.00047    1.15300    0.41765  0.01056  0.01600    0.03859  0.00306
 1.00  4.00000 -0.55740  0.17288  0.05121 -0.00012    1.05108    0.37976  0.00794  0.01616    0.03822 -0.00016
 1.00  2.25000 -1.46991  1.41414  0.71808 -0.36542  180.27943    6.38133  0.64197  0.00954    0.02452 -0.03232
 1.00  2.26000 -1.45639  1.42943  0.71059  0.71059    5.01833    5.01823  0.64262  0.00967    0.02438 -0.00406
 1.00  2.27000 -1.44429  1.31439  0.70711  0.70711    3.85715    3.85715  0.64706  0.00997    0.02590 -0.00524
 1.00  2.28000 -1.43849  1.64519  0.68216  0.25125  194.30125   13.65629  0.62579  0.00987    0.02576 -0.01428
 1.00  2.29000 -1.40349  1.65883  0.61912 -0.17618  173.46011   15.93967  0.59797  0.01004    0.02643 -0.01745
