 1.00  3.90000 -0.57506  0.17639  0.05311 -0.00093    1.16031    0.41991  0.01424  0.01588    0.03763  0.00002
 1.00  3.80000 -0.59450  0.19219  0.05512 -0.00460    1.26389    0.45100  0.02271  0.01588    0.04000 -0.02972
 1.00  3.70000 -0.61482  0.20763  0.05775  0.00004    1.44771    0.52472  0.00178  0.01584    0.03926  0.00284
 1.00  3.60000 -0.63681  0.22076  0.05937  0.00604    1.56388    0.57155  0.00541  0.01562    0.03937  0.00566
 1.00  3.50000 -0.66172  0.23615  0.06104 -0.00554    1.68515    0.60421  0.02393  0.01537    0.03971  0.01080
 1.00  3.40000 -0.68408  0.26660  0.06403 -0.00165    1.90765    0.67380  0.03569  0.01504    0.03866  0.00156
 1.00  3.30000 -0.71510  0.29008  0.06641 -0.00202    2.12765    0.76059  0.02657  0.01481    0.03823  0.00407
 1.00  3.20000 -0.74568  0.32007  0.07207 -0.00384    2.58903    0.93159  0.02839  0.01454    0.03917 -0.02006
 1.00  3.10000 -0.77981  0.35051  0.07860  0.00391    3.18671    1.15083  0.01778  0.01458    0.04010  0.02910
 1.00  3.00000 -0.81807  0.39279  0.08665 -0.00762    3.95099    1.40805  0.03370  0.01395    0.03750  0.01249
 1.00  2.90000 -0.86256  0.43867  0.09510 -0.00585    4.93380    1.75254  0.07452  0.01350    0.03811 -0.01675
 1.00  2.80000 -0.90799  0.50927  0.10879  0.02187    6.54705    2.39382  0.04121  0.01350    0.03849 -0.01783
 1.00  2.70000 -0.96213  0.59038  0.12217 -0.01934    8.51804    2.99889  0.12080  0.01296    0.03601  0.01476
 1.00  2.60000 -1.02599  0.70894  0.14178  0.00424   12.71982    4.81019 -0.00970  0.01246    0.03473  0.01635
 1.00  2.50000 -1.10961  0.91441  0.21079 -0.02546   26.35850    8.42439  0.19894  0.01191    0.03344  0.01300
 1.00  2.40000 -1.22089  1.22770  0.33500 -0.10849   58.47265   15.61197  0.38055  0.01112    0.03080 -0.00491
 1.00  2.30000 -1.38664  1.85996  0.57459 -0.08231  164.51157   20.53642  0.56828  0.01003    0.02646 -0.01750
 1.00  2.20000 -1.55217  1.29227  0.79414  0.79414    2.73146    2.73146  0.65608  0.00895    0.02157  0.01781
 1.00  2.10000 -1.65805  1.21791  0.85828  0.85828    1.78916    1.78916  0.66068  0.00809    0.01837  0.01443
 1.00  2.00000 -1.75596  0.73716  0.91761  0.91761    0.31844    0.31844  0.66571  0.00695    0.01492 -0.01838
 1.00  1.90000 -1.81353  0.57223  0.94040  0.94040    0.18501    0.18501  0.66616  0.00632    0.01286 -0.01722
 1.00  1.80000 -1.86080  0.47049  0.95745  0.95745    0.11955    0.11955  0.66636  0.00563    0.01117 -0.07809
 1.00  1.70000 -1.89936  0.35050  0.97030  0.97030    0.07902    0.07902  0.66648  0.00482    0.00857 -0.03861
 1.00  1.60000 -1.92774  0.28679  0.97941  0.97941    0.05102    0.05102  0.66656  0.00410    0.00684 -0.07896
 1.00  1.50000 -1.95271  0.19565  0.98687  0.98687    0.02755    0.02755  0.66661  0.00337    0.00527 -0.16596
 1.00  1.40000 -1.96852  0.14404  0.99152  0.99152    0.01732    0.01732  0.66663  0.00275    0.00403 -0.18057
 1.00  1.30000 -1.98146  0.09231  0.99512  0.99512    0.00896    0.00896  0.66665  0.00206    0.00272 -0.17651
 1.00  1.20000 -1.98950  0.05442  0.99728  0.99728    0.00464    0.00464  0.66666  0.00150    0.00186 -0.12624
 1.00  1.10000 -1.99432  0.03513  0.99854  0.99854    0.00266    0.00266  0.66666  0.00103    0.00149 -0.33086
 1.00  1.00000 -1.99743  0.02080  0.99935  0.99935    0.00141    0.00141  0.66666  0.00054    0.00096 -0.92672
 1.00  0.90000 -1.99896  0.01036  0.99973  0.99973    0.00063    0.00063  0.66667  0.00023    0.00049 -2.55280
 1.00  0.80000 -1.99972  0.00355  0.99993  0.99993    0.00019    0.00019  0.66667  0.00006    0.00016 -9.13171
 1.00  0.70000 -1.99998  0.00032  1.00000  1.00000    0.00001    0.00001  0.66667  0.00000    0.00001 ********
 1.00  0.60000 -2.00000  0.00000  1.00000  1.00000    0.00000    0.00000  0.66667  0.00000    0.00000      NaN
 1.00  0.50000 -2.00000  0.00000  1.00000  1.00000    0.00000    0.00000  0.66667  0.00000    0.00000      NaN
 1.00  2.25000 -1.46926  1.79679  0.69429 -0.05356  226.42280    8.34891  0.62834  0.00948    0.02398 -0.00395
 1.00  2.26000 -1.40818  2.14031  0.55451  0.00084  163.00825   23.69066  0.54038  0.00975    0.02525 -0.01505
 1.00  2.27000 -1.41681  2.15962  0.59122  0.00143  182.88017   25.20370  0.56236  0.00983    0.02519  0.00392
 1.00  2.28000 -1.42848  1.69057  0.66640  0.04411  206.63378    8.05810  0.62643  0.00979    0.02536 -0.02427
 1.00  2.29000 -1.41923  1.70639  0.67178 -0.17224  196.06911    7.53527  0.62988  0.00966    0.02416  0.00715

