 Parameters in this simulation
 L=          50
 Alphadd=   1.00000000      Alphauu=    1.00000000    
 p+=  0.500000000    
 MCS=               200000
 aver=           1
At Density=  0.5
At alfa= -3.0
 At T=  0.600000024    
 At T=  0.699999988    
 At T=  0.800000012    
 At T=  0.899999976    
 At T=   1.00000000    
 At T=   1.10000002    
 At T=   1.20000005    
 At T=   1.29999995    
 At T=   1.40000010    
 At T=   1.50000000    
 At T=   1.60000002    
 At T=   1.70000005    
 At T=   1.80000007    
 At T=   1.89999998    
 At T=   2.00000000    
 At T=   2.09999990    
 At T=   2.20000005    
 At T=   2.30000019    
 At T=   2.40000010    
 At T=   2.50000000    
 At T=   2.60000014    
 At T=   2.70000005    
 At T=   2.79999995    
 At T=   2.90000010    
 At T=   3.00000000    
 At T=   3.10000014    
 At T=   3.20000005    
 At T=   3.29999995    
 At T=   3.40000010    
 At T=   3.50000000    
 At T=   3.60000014    
 At T=   3.70000005    
 At T=   3.79999995    
 At T=   3.90000010    
 At T=   4.00000000    
 At T=   4.10000038    
 At T=   4.19999981    
 At T=   4.30000019    
 At T=   4.40000010    
 At T=   4.50000000    
 At T=   4.59999990    
 At T=   4.70000029    
 At T=   4.80000019    
 At T=   4.90000010    
 At T=   5.00000000    
At alfa= -2.9
 At T=  0.600000024    
 At T=  0.699999988    
 At T=  0.800000012    
 At T=  0.899999976    
 At T=   1.00000000    
 At T=   1.10000002    
 At T=   1.20000005    
 At T=   1.29999995    
 At T=   1.40000010    
 At T=   1.50000000    
 At T=   1.60000002    
 At T=   1.70000005    
 At T=   1.80000007    
 At T=   1.89999998    
 At T=   2.00000000    
 At T=   2.09999990    
 At T=   2.20000005    
 At T=   2.30000019    
 At T=   2.40000010    
 At T=   2.50000000    
 At T=   2.60000014    
 At T=   2.70000005    
 At T=   2.79999995    
 At T=   2.90000010    
 At T=   3.00000000    
 At T=   3.10000014    
 At T=   3.20000005    
 At T=   3.29999995    
 At T=   3.40000010    
 At T=   3.50000000    
 At T=   3.60000014    
 At T=   3.70000005    
 At T=   3.79999995    
 At T=   3.90000010    
 At T=   4.00000000    
 At T=   4.10000038    
 At T=   4.19999981    
 At T=   4.30000019    
 At T=   4.40000010    
 At T=   4.50000000    
 At T=   4.59999990    
 At T=   4.70000029    
 At T=   4.80000019    
 At T=   4.90000010    
 At T=   5.00000000    
At alfa= -2.8
 At T=  0.600000024    
 At T=  0.699999988    
 At T=  0.800000012    
 At T=  0.899999976    
 At T=   1.00000000    
 At T=   1.10000002    
 At T=   1.20000005    
 At T=   1.29999995    
 At T=   1.40000010    
 At T=   1.50000000    
 At T=   1.60000002    
 At T=   1.70000005    
 At T=   1.80000007    
 At T=   1.89999998    
 At T=   2.00000000    
 At T=   2.09999990    
 At T=   2.20000005    
 At T=   2.30000019    
 At T=   2.40000010    
 At T=   2.50000000    
 At T=   2.60000014    
 At T=   2.70000005    
 At T=   2.79999995    
 At T=   2.90000010    
 At T=   3.00000000    
 At T=   3.10000014    
 At T=   3.20000005    
 At T=   3.29999995    
 At T=   3.40000010    
 At T=   3.50000000    
 At T=   3.60000014    
 At T=   3.70000005    
 At T=   3.79999995    
 At T=   3.90000010    
 At T=   4.00000000    
 At T=   4.10000038    
 At T=   4.19999981    
 At T=   4.30000019    
 At T=   4.40000010    
 At T=   4.50000000    
 At T=   4.59999990    
 At T=   4.70000029    
 At T=   4.80000019    
 At T=   4.90000010    
 At T=   5.00000000    
At alfa= -2.7
 At T=  0.600000024    
 At T=  0.699999988    
 At T=  0.800000012    
 At T=  0.899999976    
 At T=   1.00000000    
 At T=   1.10000002    
 At T=   1.20000005    
 At T=   1.29999995    
 At T=   1.40000010    
 At T=   1.50000000    
 At T=   1.60000002    
 At T=   1.70000005    
 At T=   1.80000007    
 At T=   1.89999998    
 At T=   2.00000000    
 At T=   2.09999990    
 At T=   2.20000005    
 At T=   2.30000019    
 At T=   2.40000010    
 At T=   2.50000000    
 At T=   2.60000014    
 At T=   2.70000005    
 At T=   2.79999995    
 At T=   2.90000010    
 At T=   3.00000000    
 At T=   3.10000014    
 At T=   3.20000005    
 At T=   3.29999995    
 At T=   3.40000010    
 At T=   3.50000000    
 At T=   3.60000014    
 At T=   3.70000005    
 At T=   3.79999995    
 At T=   3.90000010    
 At T=   4.00000000    
 At T=   4.10000038    
 At T=   4.19999981    
 At T=   4.30000019    
 At T=   4.40000010    
 At T=   4.50000000    
 At T=   4.59999990    
 At T=   4.70000029    
 At T=   4.80000019    
 At T=   4.90000010    
 At T=   5.00000000    
At alfa= -2.6
 At T=  0.600000024    
 At T=  0.699999988    
 At T=  0.800000012    
 At T=  0.899999976    
 At T=   1.00000000    
 At T=   1.10000002    
 At T=   1.20000005    
 At T=   1.29999995    
 At T=   1.40000010    
 At T=   1.50000000    
 At T=   1.60000002    
 At T=   1.70000005    
 At T=   1.80000007    
 At T=   1.89999998    
 At T=   2.00000000    
 At T=   2.09999990    
 At T=   2.20000005    
 At T=   2.30000019    
 At T=   2.40000010    
 At T=   2.50000000    
 At T=   2.60000014    
 At T=   2.70000005    
 At T=   2.79999995    
 At T=   2.90000010    
 At T=   3.00000000    
 At T=   3.10000014    
 At T=   3.20000005    
 At T=   3.29999995    
 At T=   3.40000010    
 At T=   3.50000000    
 At T=   3.60000014    
 At T=   3.70000005    
 At T=   3.79999995    
 At T=   3.90000010    
 At T=   4.00000000    
 At T=   4.10000038    
 At T=   4.19999981    
 At T=   4.30000019    
 At T=   4.40000010    
 At T=   4.50000000    
 At T=   4.59999990    
 At T=   4.70000029    
 At T=   4.80000019    
 At T=   4.90000010    
 At T=   5.00000000    
At alfa= -2.5
 At T=  0.600000024    
 At T=  0.699999988    
 At T=  0.800000012    
 At T=  0.899999976    
 At T=   1.00000000    
 At T=   1.10000002    
 At T=   1.20000005    
 At T=   1.29999995    
 At T=   1.40000010    
 At T=   1.50000000    
 At T=   1.60000002    
 At T=   1.70000005    
 At T=   1.80000007    
 At T=   1.89999998    
 At T=   2.00000000    
 At T=   2.09999990    
 At T=   2.20000005    
 At T=   2.30000019    
 At T=   2.40000010    
 At T=   2.50000000    
 At T=   2.60000014    
 At T=   2.70000005    
 At T=   2.79999995    
 At T=   2.90000010    
 At T=   3.00000000    
 At T=   3.10000014    
 At T=   3.20000005    
 At T=   3.29999995    
 At T=   3.40000010    
 At T=   3.50000000    
 At T=   3.60000014    
 At T=   3.70000005    
 At T=   3.79999995    
 At T=   3.90000010    
 At T=   4.00000000    
 At T=   4.10000038    
 At T=   4.19999981    
 At T=   4.30000019    
 At T=   4.40000010    
 At T=   4.50000000    
 At T=   4.59999990    
 At T=   4.70000029    
 At T=   4.80000019    
 At T=   4.90000010    
 At T=   5.00000000    
At alfa= -2.4
 At T=  0.600000024    
 At T=  0.699999988    
 At T=  0.800000012    
 At T=  0.899999976    
 At T=   1.00000000    
 At T=   1.10000002    
 At T=   1.20000005    
 At T=   1.29999995    
 At T=   1.40000010    
 At T=   1.50000000    
 At T=   1.60000002    
 At T=   1.70000005    
 At T=   1.80000007    
 At T=   1.89999998    
 At T=   2.00000000    
 At T=   2.09999990    
 At T=   2.20000005    
 At T=   2.30000019    
 At T=   2.40000010    
 At T=   2.50000000    
 At T=   2.60000014    
 At T=   2.70000005    
 At T=   2.79999995    
 At T=   2.90000010    
 At T=   3.00000000    
 At T=   3.10000014    
 At T=   3.20000005    
 At T=   3.29999995    
 At T=   3.40000010    
 At T=   3.50000000    
 At T=   3.60000014    
 At T=   3.70000005    
 At T=   3.79999995    
 At T=   3.90000010    
 At T=   4.00000000    
 At T=   4.10000038    
 At T=   4.19999981    
 At T=   4.30000019    
 At T=   4.40000010    
 At T=   4.50000000    
 At T=   4.59999990    
 At T=   4.70000029    
 At T=   4.80000019    
 At T=   4.90000010    
 At T=   5.00000000    
At alfa= -2.3
 At T=  0.600000024    
 At T=  0.699999988    
 At T=  0.800000012    
 At T=  0.899999976    
 At T=   1.00000000    
 At T=   1.10000002    
 At T=   1.20000005    
 At T=   1.29999995    
 At T=   1.40000010    
 At T=   1.50000000    
 At T=   1.60000002    
 At T=   1.70000005    
 At T=   1.80000007    
 At T=   1.89999998    
 At T=   2.00000000    
 At T=   2.09999990    
 At T=   2.20000005    
 At T=   2.30000019    
 At T=   2.40000010    
 At T=   2.50000000    
 At T=   2.60000014    
 At T=   2.70000005    
 At T=   2.79999995    
 At T=   2.90000010    
 At T=   3.00000000    
 At T=   3.10000014    
 At T=   3.20000005    
 At T=   3.29999995    
 At T=   3.40000010    
 At T=   3.50000000    
 At T=   3.60000014    
 At T=   3.70000005    
 At T=   3.79999995    
 At T=   3.90000010    
 At T=   4.00000000    
 At T=   4.10000038    
 At T=   4.19999981    
 At T=   4.30000019    
 At T=   4.40000010    
 At T=   4.50000000    
 At T=   4.59999990    
 At T=   4.70000029    
 At T=   4.80000019    
 At T=   4.90000010    
 At T=   5.00000000    
At alfa= -2.2
 At T=  0.600000024    
 At T=  0.699999988    
 At T=  0.800000012    
 At T=  0.899999976    
 At T=   1.00000000    
 At T=   1.10000002    
 At T=   1.20000005    
 At T=   1.29999995    
 At T=   1.40000010    
 At T=   1.50000000    
 At T=   1.60000002    
 At T=   1.70000005    
 At T=   1.80000007    
 At T=   1.89999998    
 At T=   2.00000000    
 At T=   2.09999990    
 At T=   2.20000005    
 At T=   2.30000019    
 At T=   2.40000010    
 At T=   2.50000000    
 At T=   2.60000014    
 At T=   2.70000005    
 At T=   2.79999995    
 At T=   2.90000010    
 At T=   3.00000000    
 At T=   3.10000014    
 At T=   3.20000005    
 At T=   3.29999995    
 At T=   3.40000010    
 At T=   3.50000000    
 At T=   3.60000014    
 At T=   3.70000005    
 At T=   3.79999995    
 At T=   3.90000010    
 At T=   4.00000000    
 At T=   4.10000038    
 At T=   4.19999981    
 At T=   4.30000019    
 At T=   4.40000010    
 At T=   4.50000000    
 At T=   4.59999990    
 At T=   4.70000029    
 At T=   4.80000019    
 At T=   4.90000010    
 At T=   5.00000000    
At alfa= -2.1
 At T=  0.600000024    
 At T=  0.699999988    
 At T=  0.800000012    
 At T=  0.899999976    
 At T=   1.00000000    
 At T=   1.10000002    
 At T=   1.20000005    
 At T=   1.29999995    
 At T=   1.40000010    
 At T=   1.50000000    
 At T=   1.60000002    
 At T=   1.70000005    
 At T=   1.80000007    
 At T=   1.89999998    
 At T=   2.00000000    
 At T=   2.09999990    
 At T=   2.20000005    
 At T=   2.30000019    
 At T=   2.40000010    
 At T=   2.50000000    
 At T=   2.60000014    
 At T=   2.70000005    
 At T=   2.79999995    
 At T=   2.90000010    
 At T=   3.00000000    
 At T=   3.10000014    
 At T=   3.20000005    
 At T=   3.29999995    
 At T=   3.40000010    
 At T=   3.50000000    
 At T=   3.60000014    
 At T=   3.70000005    
 At T=   3.79999995    
 At T=   3.90000010    
 At T=   4.00000000    
 At T=   4.10000038    
 At T=   4.19999981    
 At T=   4.30000019    
 At T=   4.40000010    
 At T=   4.50000000    
 At T=   4.59999990    
 At T=   4.70000029    
 At T=   4.80000019    
 At T=   4.90000010    
 At T=   5.00000000    
At alfa= -2.0
 At T=  0.600000024    
 At T=  0.699999988    
 At T=  0.800000012    
 At T=  0.899999976    
 At T=   1.00000000    
 At T=   1.10000002    
 At T=   1.20000005    
 At T=   1.29999995    
 At T=   1.40000010    
 At T=   1.50000000    
 At T=   1.60000002    
 At T=   1.70000005    
 At T=   1.80000007    
 At T=   1.89999998    
 At T=   2.00000000    
 At T=   2.09999990    
 At T=   2.20000005    
 At T=   2.30000019    
 At T=   2.40000010    
 At T=   2.50000000    
 At T=   2.60000014    
 At T=   2.70000005    
 At T=   2.79999995    
 At T=   2.90000010    
 At T=   3.00000000    
 At T=   3.10000014    
 At T=   3.20000005    
 At T=   3.29999995    
 At T=   3.40000010    
 At T=   3.50000000    
 At T=   3.60000014    
 At T=   3.70000005    
 At T=   3.79999995    
 At T=   3.90000010    
 At T=   4.00000000    
 At T=   4.10000038    
 At T=   4.19999981    
 At T=   4.30000019    
 At T=   4.40000010    
 At T=   4.50000000    
 At T=   4.59999990    
 At T=   4.70000029    
 At T=   4.80000019    
 At T=   4.90000010    
 At T=   5.00000000    
At alfa= -1.9
 At T=  0.600000024    
 At T=  0.699999988    
 At T=  0.800000012    
 At T=  0.899999976    
 At T=   1.00000000    
 At T=   1.10000002    
 At T=   1.20000005    
 At T=   1.29999995    
 At T=   1.40000010    
 At T=   1.50000000    
 At T=   1.60000002    
 At T=   1.70000005    
 At T=   1.80000007    
 At T=   1.89999998    
 At T=   2.00000000    
 At T=   2.09999990    
 At T=   2.20000005    
 At T=   2.30000019    
 At T=   2.40000010    
 At T=   2.50000000    
 At T=   2.60000014    
 At T=   2.70000005    
 At T=   2.79999995    
 At T=   2.90000010    
 At T=   3.00000000    
 At T=   3.10000014    
 At T=   3.20000005    
 At T=   3.29999995    
 At T=   3.40000010    
 At T=   3.50000000    
 At T=   3.60000014    
 At T=   3.70000005    
 At T=   3.79999995    
 At T=   3.90000010    
 At T=   4.00000000    
 At T=   4.10000038    
 At T=   4.19999981    
 At T=   4.30000019    
 At T=   4.40000010    
 At T=   4.50000000    
 At T=   4.59999990    
 At T=   4.70000029    
 At T=   4.80000019    
 At T=   4.90000010    
 At T=   5.00000000    
At alfa= -1.8
 At T=  0.600000024    
 At T=  0.699999988    
 At T=  0.800000012    
 At T=  0.899999976    
 At T=   1.00000000    
 At T=   1.10000002    
 At T=   1.20000005    
 At T=   1.29999995    
 At T=   1.40000010    
 At T=   1.50000000    
 At T=   1.60000002    
 At T=   1.70000005    
 At T=   1.80000007    
 At T=   1.89999998    
 At T=   2.00000000    
 At T=   2.09999990    
 At T=   2.20000005    
 At T=   2.30000019    
 At T=   2.40000010    
 At T=   2.50000000    
 At T=   2.60000014    
 At T=   2.70000005    
 At T=   2.79999995    
 At T=   2.90000010    
 At T=   3.00000000    
 At T=   3.10000014    
 At T=   3.20000005    
 At T=   3.29999995    
 At T=   3.40000010    
 At T=   3.50000000    
 At T=   3.60000014    
 At T=   3.70000005    
 At T=   3.79999995    
 At T=   3.90000010    
 At T=   4.00000000    
 At T=   4.10000038    
 At T=   4.19999981    
 At T=   4.30000019    
 At T=   4.40000010    
 At T=   4.50000000    
 At T=   4.59999990    
 At T=   4.70000029    
 At T=   4.80000019    
 At T=   4.90000010    
 At T=   5.00000000    
At alfa= -1.7
 At T=  0.600000024    
 At T=  0.699999988    
 At T=  0.800000012    
 At T=  0.899999976    
 At T=   1.00000000    
 At T=   1.10000002    
 At T=   1.20000005    
 At T=   1.29999995    
 At T=   1.40000010    
 At T=   1.50000000    
 At T=   1.60000002    
 At T=   1.70000005    
 At T=   1.80000007    
 At T=   1.89999998    
 At T=   2.00000000    
 At T=   2.09999990    
 At T=   2.20000005    
 At T=   2.30000019    
 At T=   2.40000010    
 At T=   2.50000000    
 At T=   2.60000014    
 At T=   2.70000005    
 At T=   2.79999995    
 At T=   2.90000010    
 At T=   3.00000000    
 At T=   3.10000014    
 At T=   3.20000005    
 At T=   3.29999995    
 At T=   3.40000010    
 At T=   3.50000000    
 At T=   3.60000014    
 At T=   3.70000005    
 At T=   3.79999995    
 At T=   3.90000010    
 At T=   4.00000000    
 At T=   4.10000038    
 At T=   4.19999981    
 At T=   4.30000019    
 At T=   4.40000010    
 At T=   4.50000000    
 At T=   4.59999990    
 At T=   4.70000029    
 At T=   4.80000019    
 At T=   4.90000010    
 At T=   5.00000000    
At alfa= -1.6
 At T=  0.600000024    
 At T=  0.699999988    
 At T=  0.800000012    
 At T=  0.899999976    
 At T=   1.00000000    
 At T=   1.10000002    
 At T=   1.20000005    
 At T=   1.29999995    
 At T=   1.40000010    
 At T=   1.50000000    
 At T=   1.60000002    
 At T=   1.70000005    
 At T=   1.80000007    
 At T=   1.89999998    
 At T=   2.00000000    
 At T=   2.09999990    
 At T=   2.20000005    
 At T=   2.30000019    
 At T=   2.40000010    
 At T=   2.50000000    
 At T=   2.60000014    
 At T=   2.70000005    
 At T=   2.79999995    
 At T=   2.90000010    
 At T=   3.00000000    
 At T=   3.10000014    
 At T=   3.20000005    
 At T=   3.29999995    
 At T=   3.40000010    
 At T=   3.50000000    
 At T=   3.60000014    
 At T=   3.70000005    
 At T=   3.79999995    
 At T=   3.90000010    
 At T=   4.00000000    
 At T=   4.10000038    
 At T=   4.19999981    
 At T=   4.30000019    
 At T=   4.40000010    
 At T=   4.50000000    
 At T=   4.59999990    
 At T=   4.70000029    
 At T=   4.80000019    
 At T=   4.90000010    
 At T=   5.00000000    
At alfa= -1.5
 At T=  0.600000024    
 At T=  0.699999988    
 At T=  0.800000012    
 At T=  0.899999976    
 At T=   1.00000000    
 At T=   1.10000002    
 At T=   1.20000005    
 At T=   1.29999995    
 At T=   1.40000010    
 At T=   1.50000000    
 At T=   1.60000002    
 At T=   1.70000005    
 At T=   1.80000007    
 At T=   1.89999998    
 At T=   2.00000000    
 At T=   2.09999990    
 At T=   2.20000005    
 At T=   2.30000019    
 At T=   2.40000010    
 At T=   2.50000000    
 At T=   2.60000014    
 At T=   2.70000005    
 At T=   2.79999995    
 At T=   2.90000010    
 At T=   3.00000000    
 At T=   3.10000014    
 At T=   3.20000005    
 At T=   3.29999995    
 At T=   3.40000010    
 At T=   3.50000000    
 At T=   3.60000014    
 At T=   3.70000005    
 At T=   3.79999995    
 At T=   3.90000010    
 At T=   4.00000000    
 At T=   4.10000038    
 At T=   4.19999981    
 At T=   4.30000019    
 At T=   4.40000010    
 At T=   4.50000000    
 At T=   4.59999990    
 At T=   4.70000029    
 At T=   4.80000019    
 At T=   4.90000010    
 At T=   5.00000000    
At alfa= -1.4
 At T=  0.600000024    
 At T=  0.699999988    
 At T=  0.800000012    
 At T=  0.899999976    
 At T=   1.00000000    
 At T=   1.10000002    
 At T=   1.20000005    
 At T=   1.29999995    
 At T=   1.40000010    
 At T=   1.50000000    
 At T=   1.60000002    
 At T=   1.70000005    
 At T=   1.80000007    
 At T=   1.89999998    
 At T=   2.00000000    
 At T=   2.09999990    
 At T=   2.20000005    
 At T=   2.30000019    
 At T=   2.40000010    
 At T=   2.50000000    
 At T=   2.60000014    
 At T=   2.70000005    
 At T=   2.79999995    
 At T=   2.90000010    
 At T=   3.00000000    
 At T=   3.10000014    
 At T=   3.20000005    
 At T=   3.29999995    
 At T=   3.40000010    
 At T=   3.50000000    
 At T=   3.60000014    
 At T=   3.70000005    
 At T=   3.79999995    
 At T=   3.90000010    
 At T=   4.00000000    
 At T=   4.10000038    
 At T=   4.19999981    
 At T=   4.30000019    
 At T=   4.40000010    
 At T=   4.50000000    
 At T=   4.59999990    
 At T=   4.70000029    
 At T=   4.80000019    
 At T=   4.90000010    
 At T=   5.00000000    
At alfa= -1.3
 At T=  0.600000024    
 At T=  0.699999988    
 At T=  0.800000012    
 At T=  0.899999976    
 At T=   1.00000000    
 At T=   1.10000002    
 At T=   1.20000005    
 At T=   1.29999995    
 At T=   1.40000010    
 At T=   1.50000000    
 At T=   1.60000002    
 At T=   1.70000005    
 At T=   1.80000007    
 At T=   1.89999998    
 At T=   2.00000000    
 At T=   2.09999990    
 At T=   2.20000005    
 At T=   2.30000019    
 At T=   2.40000010    
 At T=   2.50000000    
 At T=   2.60000014    
 At T=   2.70000005    
 At T=   2.79999995    
 At T=   2.90000010    
 At T=   3.00000000    
 At T=   3.10000014    
 At T=   3.20000005    
 At T=   3.29999995    
 At T=   3.40000010    
 At T=   3.50000000    
 At T=   3.60000014    
 At T=   3.70000005    
 At T=   3.79999995    
 At T=   3.90000010    
 At T=   4.00000000    
 At T=   4.10000038    
 At T=   4.19999981    
 At T=   4.30000019    
 At T=   4.40000010    
 At T=   4.50000000    
 At T=   4.59999990    
 At T=   4.70000029    
 At T=   4.80000019    
 At T=   4.90000010    
 At T=   5.00000000    
At alfa= -1.2
 At T=  0.600000024    
 At T=  0.699999988    
 At T=  0.800000012    
 At T=  0.899999976    
 At T=   1.00000000    
 At T=   1.10000002    
 At T=   1.20000005    
 At T=   1.29999995    
 At T=   1.40000010    
 At T=   1.50000000    
 At T=   1.60000002    
 At T=   1.70000005    
 At T=   1.80000007    
 At T=   1.89999998    
 At T=   2.00000000    
 At T=   2.09999990    
 At T=   2.20000005    
 At T=   2.30000019    
 At T=   2.40000010    
 At T=   2.50000000    
 At T=   2.60000014    
 At T=   2.70000005    
 At T=   2.79999995    
 At T=   2.90000010    
 At T=   3.00000000    
 At T=   3.10000014    
 At T=   3.20000005    
 At T=   3.29999995    
 At T=   3.40000010    
 At T=   3.50000000    
 At T=   3.60000014    
 At T=   3.70000005    
 At T=   3.79999995    
 At T=   3.90000010    
 At T=   4.00000000    
 At T=   4.10000038    
 At T=   4.19999981    
 At T=   4.30000019    
 At T=   4.40000010    
 At T=   4.50000000    
 At T=   4.59999990    
 At T=   4.70000029    
 At T=   4.80000019    
 At T=   4.90000010    
 At T=   5.00000000    
At alfa= -1.1
 At T=  0.600000024    
 At T=  0.699999988    
 At T=  0.800000012    
 At T=  0.899999976    
 At T=   1.00000000    
 At T=   1.10000002    
 At T=   1.20000005    
 At T=   1.29999995    
 At T=   1.40000010    
 At T=   1.50000000    
 At T=   1.60000002    
 At T=   1.70000005    
 At T=   1.80000007    
 At T=   1.89999998    
 At T=   2.00000000    
 At T=   2.09999990    
 At T=   2.20000005    
 At T=   2.30000019    
 At T=   2.40000010    
 At T=   2.50000000    
 At T=   2.60000014    
 At T=   2.70000005    
 At T=   2.79999995    
 At T=   2.90000010    
 At T=   3.00000000    
 At T=   3.10000014    
 At T=   3.20000005    
 At T=   3.29999995    
 At T=   3.40000010    
 At T=   3.50000000    
 At T=   3.60000014    
 At T=   3.70000005    
 At T=   3.79999995    
 At T=   3.90000010    
 At T=   4.00000000    
 At T=   4.10000038    
 At T=   4.19999981    
 At T=   4.30000019    
 At T=   4.40000010    
 At T=   4.50000000    
 At T=   4.59999990    
 At T=   4.70000029    
 At T=   4.80000019    
 At T=   4.90000010    
 At T=   5.00000000    
At alfa= -1.0
 At T=  0.600000024    
 At T=  0.699999988    
 At T=  0.800000012    
 At T=  0.899999976    
 At T=   1.00000000    
 At T=   1.10000002    
 At T=   1.20000005    
 At T=   1.29999995    
 At T=   1.40000010    
 At T=   1.50000000    
 At T=   1.60000002    
 At T=   1.70000005    
 At T=   1.80000007    
 At T=   1.89999998    
 At T=   2.00000000    
 At T=   2.09999990    
 At T=   2.20000005    
 At T=   2.30000019    
 At T=   2.40000010    
 At T=   2.50000000    
 At T=   2.60000014    
 At T=   2.70000005    
 At T=   2.79999995    
 At T=   2.90000010    
 At T=   3.00000000    
 At T=   3.10000014    
 At T=   3.20000005    
 At T=   3.29999995    
 At T=   3.40000010    
 At T=   3.50000000    
 At T=   3.60000014    
 At T=   3.70000005    
 At T=   3.79999995    
 At T=   3.90000010    
 At T=   4.00000000    
 At T=   4.10000038    
 At T=   4.19999981    
 At T=   4.30000019    
 At T=   4.40000010    
 At T=   4.50000000    
 At T=   4.59999990    
 At T=   4.70000029    
 At T=   4.80000019    
 At T=   4.90000010    
 At T=   5.00000000    
