 Alfa,posDsty,Temperatura,Energia,Cv,magnetANTI,SusceptAnti,cumulantAnti,magnetFerro,SusceptFerro,cumulantFerro
 -0.699999988     ,  0.500000000     ,   1.04999999E-02 ,  -2.0000000000000000      ,   0.00000000     ,   0.0000000000000000      ,   0.00000000     ,              NaN ,   1.0000000000000000      ,   0.00000000     ,  0.666666687    
 -0.699999988     ,  0.500000000     ,   2.04999987E-02 ,  -2.0000000000000000      ,   0.00000000     ,   0.0000000000000000      ,   0.00000000     ,              NaN ,   1.0000000000000000      ,   0.00000000     ,  0.666666687    
 -0.699999988     ,  0.500000000     ,   3.04999985E-02 ,  -2.0000000000000000      ,   0.00000000     ,   0.0000000000000000      ,   0.00000000     ,              NaN ,   1.0000000000000000      ,   0.00000000     ,  0.666666687    
 -0.699999988     ,  0.500000000     ,   4.05000001E-02 ,  -2.0000000000000000      ,   0.00000000     ,   0.0000000000000000      ,   0.00000000     ,              NaN ,   1.0000000000000000      ,   0.00000000     ,  0.666666687    
 -0.699999988     ,  0.500000000     ,   5.04999980E-02 ,  -2.0000000000000000      ,   0.00000000     ,   0.0000000000000000      ,   0.00000000     ,              NaN ,   1.0000000000000000      ,   0.00000000     ,  0.666666687    
 -0.699999988     ,  0.500000000     ,   6.04999997E-02 ,  -2.0000000000000000      ,   0.00000000     ,   0.0000000000000000      ,   0.00000000     ,              NaN ,   1.0000000000000000      ,   0.00000000     ,  0.666666687    
 -0.699999988     ,  0.500000000     ,   7.05000013E-02 ,  -2.0000000000000000      ,   0.00000000     ,   0.0000000000000000      ,   0.00000000     ,              NaN ,   1.0000000000000000      ,   0.00000000     ,  0.666666687    
 -0.699999988     ,  0.500000000     ,   8.04999992E-02 ,  -1.9999997000000178      ,   3.47069751E-08 ,   4.9999999999998939E-007 ,   7.76086928E-09 ,  -832.333313     ,  0.99999949998855586      ,   7.76122722E-09 ,  0.666666687    
 -0.699999988     ,  0.500000000     ,   9.04999971E-02 ,  -1.9999975250001465      ,   2.25894055E-07 ,   4.1249999999999122E-006 ,   5.67871261E-08 ,  -100.010094     ,  0.99999587490558628      ,   5.67897338E-08 ,  0.666666687    
 -0.699999988     ,  0.500000000     ,  0.100499995     ,  -1.9999918250004849      ,   6.00423959E-07 ,   1.3624999999999709E-005 ,   1.67618026E-07 ,  -29.5810413     ,  0.99998637468814855      ,   1.67625714E-07 ,  0.666666627    
 -0.699999988     ,  0.500000000     ,  0.110500000     ,  -1.9999748000014952      ,   1.50508777E-06 ,   4.1999999999999110E-005 ,   4.61977407E-07 ,  -9.21206093     ,  0.99995799904465676      ,   4.61998354E-07 ,  0.666666567    
 -0.699999988     ,  0.500000000     ,  0.120499998     ,  -1.9999427000034746      ,   2.98535087E-06 ,   8.9499999999998110E-005 ,   8.85288443E-07 ,  -4.20953226     ,  0.99990374801158910      ,   1.02533659E-06 ,  0.666666508    
 -0.699999988     ,  0.500000000     ,  0.130499989     ,  -1.9998726500077806      ,   5.58753709E-06 ,   1.9199999999999602E-004 ,   1.71224917E-06 ,  -2.02401853     ,  0.99978549599051481      ,   2.09720793E-06 ,  0.666666329    
 -0.699999988     ,  0.500000000     ,  0.140499994     ,  -1.9997547875152064      ,   9.29592807E-06 ,   3.4687499999997416E-004 ,   2.71456588E-06 , -0.976944983     ,  0.99958511832952501      ,   3.83173756E-06 ,  0.666665971    
 -0.699999988     ,  0.500000000     ,  0.150499985     ,  -1.9995659750273957      ,   1.49031603E-05 ,   5.3162499999995867E-004 ,   3.75020704E-06 , -0.695633769     ,  0.99926336591243747      ,   6.61163949E-06 ,  0.666665316    
 -0.699999988     ,  0.500000000     ,  0.160499990     ,  -1.9992550625482814      ,   2.26718603E-05 ,   7.9124999999995258E-004 ,   4.92904019E-06 , -0.290870547     ,  0.99872148867249488      ,   1.12703028E-05 ,  0.666664243    
 -0.699999988     ,  0.500000000     ,  0.170499995     ,  -1.9988533250751519      ,   3.14212848E-05 ,   1.0640000000000250E-003 ,   6.47597653E-06 , -0.240748525     ,  0.99802573785185811      ,   1.66706068E-05 ,  0.666662872    
 -0.699999988     ,  0.500000000     ,  0.180499986     ,  -1.9982621751169600      ,   4.19471799E-05 ,   1.3432500000000729E-003 ,   7.87945737E-06 , -0.115028687     ,  0.99697998799681664      ,   2.45251049E-05 ,  0.666660726    
 -0.699999988     ,  0.500000000     ,  0.190499991     ,  -1.9974724251743388      ,   5.52339989E-05 ,   1.6381250000000794E-003 ,   1.00860379E-05 , -0.110043071     ,  0.99556461415290831      ,   3.51399249E-05 ,  0.666657686    
 -0.699999988     ,  0.500000000     ,  0.200499982     ,  -1.9963878502561199      ,   7.36656148E-05 ,   1.9775000000000391E-003 ,   1.34061420E-05 ,  -9.44467857E-02 ,  0.99357574127912518      ,   5.23095041E-05 ,  0.666652560    
 -0.699999988     ,  0.500000000     ,  0.210499987     ,  -1.9950996128591258      ,   9.25717832E-05 ,   2.2561250000000415E-003 ,   1.61641638E-05 ,  -9.48762819E-02 ,  0.99115061843991281      ,   7.29955573E-05 ,  0.666645825    
 -0.699999988     ,  0.500000000     ,  0.220499992     ,  -1.9934603754901077      ,   1.08576511E-04 ,   2.6036250000000425E-003 ,   1.90775772E-05 ,  -5.39796101E-03 ,  0.98805087121725077      ,   9.44448693E-05 ,  0.666638315    
 -0.699999988     ,  0.500000000     ,  0.230499983     ,  -1.9915723256520534      ,   1.37768744E-04 ,   2.9356250000000484E-003 ,   2.28053686E-05 ,  -7.32570188E-03 ,  0.98435812439918513      ,   1.33782480E-04 ,  0.666624367    
 -0.699999988     ,  0.500000000     ,  0.240499988     ,  -1.9891309258700538      ,   1.61449978E-04 ,   3.2742500000000198E-003 ,   2.71007266E-05 ,  -4.92290445E-02 ,  0.97941725277900693      ,   1.75208144E-04 ,  0.666608274    
 -0.699999988     ,  0.500000000     ,  0.250499994     ,  -1.9862103511438174      ,   2.01138857E-04 ,   3.6656249999999480E-003 ,   3.23911154E-05 ,  -2.99761295E-02 ,  0.97325537776350979      ,   2.58092245E-04 ,  0.666576147    
 -0.699999988     ,  0.500000000     ,  0.260499984     ,  -1.9826751514852796      ,   2.37438930E-04 ,   4.1276249999998580E-003 ,   3.95803509E-05 ,  -3.28092687E-02 ,  0.96548187462091450      ,   3.54249816E-04 ,  0.666535437    
 -0.699999988     ,  0.500000000     ,  0.270499974     ,  -1.9787369018810295      ,   2.76931212E-04 ,   4.4192499999998460E-003 ,   4.25343533E-05 ,  -1.50759623E-03 ,  0.95659874864220618      ,   4.71845822E-04 ,  0.666482091    
 -0.699999988     ,  0.500000000     ,  0.280499995     ,  -1.9738217774111817      ,   3.48151836E-04 ,   4.8467499999998226E-003 ,   5.05000535E-05 ,  -1.45681845E-02 ,  0.94419274981617929      ,   8.07665696E-04 ,  0.666333377    
 -0.699999988     ,  0.500000000     ,  0.290499985     ,  -1.9682177780429650      ,   3.90405679E-04 ,   5.2068749999997638E-003 ,   5.55954721E-05 ,  -4.12488319E-02 ,  0.92972737535834316      ,   1.00968883E-03 ,  0.666219652    
 -0.699999988     ,  0.500000000     ,  0.300499976     ,  -1.9616672787993825      ,   4.30226792E-04 ,   5.7718749999997659E-003 ,   6.50197326E-05 ,  -1.49805276E-02 ,  0.91156987503170972      ,   1.38254697E-03 ,  0.666009426    
 -0.699999988     ,  0.500000000     ,  0.310499996     ,  -1.9535187923101283      ,   5.50171710E-04 ,   6.2243749999997735E-003 ,   7.18552765E-05 ,   1.01579335E-02 ,  0.88384712507128715      ,   3.01394868E-03 ,  0.665127218    
 -0.699999988     ,  0.500000000     ,  0.320499986     ,  -1.9417773188772776      ,   8.85145622E-04 ,   6.6962499999997293E-003 ,   8.27094045E-05 ,  -3.92738804E-02 ,  0.81672099997997283      ,   3.29473764E-02 ,  0.652812004    
 -0.699999988     ,  0.500000000     ,  0.330499977     ,  -1.9315321327514157      ,   8.17333348E-04 ,   7.1272499999996755E-003 ,   8.83523026E-05 ,  -5.32848807E-03 ,  0.78563599976003173      ,   1.19951582E-02 ,  0.658895016    
 -0.699999988     ,  0.500000000     ,  0.340499997     ,  -1.9134618603767859      ,   1.13450515E-03 ,   7.7986249999996470E-003 ,   1.03352737E-04 ,  -2.05959976E-02 ,  0.61981887512276879      ,   7.56213367E-02 ,  0.608382821    
 -0.699999988     ,  0.500000000     ,  0.350499988     ,  -1.8934248258621400      ,   1.11402851E-03 ,   8.5017499999996624E-003 ,   1.18389617E-04 ,   8.69103987E-03 ,  0.36927275024645495      ,  0.114697196     ,  0.411517233    
 -0.699999988     ,  0.500000000     ,  0.360499978     ,  -1.8798185153221134      ,   6.84734725E-04 ,   9.1329999999995946E-003 ,   1.31500172E-04 ,   1.31776342E-02 ,  0.24255449994606898      ,   6.03956655E-02 ,  0.317420512    
 -0.699999988     ,  0.500000000     ,  0.370499998     ,  -1.8702397791681302      ,   5.53418009E-04 ,   9.4713749999996277E-003 ,   1.38486241E-04 ,  -2.12710118E-03 ,  0.17968387494930066      ,   4.24639322E-02 ,  0.215919346    
 -0.699999988     ,  0.500000000     ,  0.380499989     ,  -1.8608341054706259      ,   5.35101222E-04 ,   9.7341249999996129E-003 ,   1.45444559E-04 ,  -4.78019081E-02 ,  0.13961987487217412      ,   2.81106178E-02 ,   5.62136946E-03
 -0.699999988     ,  0.500000000     ,  0.390499979     ,  -1.8537748814224284      ,   4.48383245E-04 ,   9.9679999999996091E-003 ,   1.46585095E-04 ,   7.58426730E-03 ,  0.11968924992675893      ,   1.94740891E-02 ,   9.41974223E-02
 -0.699999988     ,  0.500000000     ,  0.400499970     ,  -1.8471219323030854      ,   3.90232308E-04 ,   1.0336124999999677E-002 ,   1.53058660E-04 ,  -1.47139868E-02 ,  0.10048612490880769      ,   1.43892840E-02 ,   1.55799259E-02
 -0.699999988     ,  0.500000000     ,  0.410499990     ,  -1.8411180331002261      ,   3.56416887E-04 ,   1.0456249999999586E-002 ,   1.52281427E-04 ,   4.88606887E-03 ,   8.7242249945178624E-002 ,   9.49149765E-03 ,   8.47970173E-02
 -0.699999988     ,  0.500000000     ,  0.420499980     ,  -1.8358188337834858      ,   3.26198933E-04 ,   1.0617749999999622E-002 ,   1.57559334E-04 ,  -1.40797878E-02 ,   8.4130749888834538E-002 ,   9.70195141E-03 ,   1.41741168E-02
 -0.699999988     ,  0.500000000     ,  0.430499971     ,  -1.8310117843865696      ,   2.97596824E-04 ,   1.0785624999999634E-002 ,   1.54639551E-04 ,   6.88253902E-03 ,   7.4861374920769594E-002 ,   7.43798912E-03 ,  -2.24335119E-03
 -0.699999988     ,  0.500000000     ,  0.440499991     ,  -1.8267645349231911      ,   2.63372174E-04 ,   1.1128249999999626E-002 ,   1.59448478E-04 ,   1.12834787E-02 ,   7.2261499913129953E-002 ,   6.62059570E-03 ,   4.02816646E-02
 -0.699999988     ,  0.500000000     ,  0.450499982     ,  -1.8222029229949337      ,   2.51420104E-04 ,   1.0975249999999607E-002 ,   1.56083130E-04 ,  -8.90076067E-03 ,   6.7340999905462370E-002 ,   5.75153343E-03 ,   8.31870083E-03
 -0.699999988     ,  0.500000000     ,  0.460499972     ,  -1.8186444359256340      ,   2.28346442E-04 ,   1.1284249999999623E-002 ,   1.61055417E-04 ,  -3.06208730E-02 ,   6.4826999936508950E-002 ,   5.08750696E-03 ,   4.45972681E-02
 -0.699999988     ,  0.500000000     ,  0.470499992     ,  -1.8148587363722024      ,   2.15732754E-04 ,   1.1578874999999629E-002 ,   1.64274985E-04 ,  -1.85513999E-02 ,   6.2633124892250633E-002 ,   4.67148470E-03 ,  -2.34352518E-03
 -0.699999988     ,  0.500000000     ,  0.480499983     ,  -1.8115022242927767      ,   2.08888378E-04 ,   1.1740999999999637E-002 ,   1.65366509E-04 ,  -7.26561481E-03 ,   5.7443749940814449E-002 ,   3.94835649E-03 ,  -2.43213177E-02
 -0.699999988     ,  0.500000000     ,  0.490499973     ,  -1.8086093246218884      ,   1.83736876E-04 ,   1.1808749999999620E-002 ,   1.63363889E-04 ,  -5.02823107E-03 ,   5.5473749943543225E-002 ,   3.46458028E-03 ,   1.81826130E-02
-0.800000012     ,  0.500000000     ,   1.04999999E-02 ,  -2.0000000000000000      ,   0.00000000     ,   0.0000000000000000      ,   0.00000000     ,              NaN ,   1.0000000000000000      ,   0.00000000     ,  0.666666687    
 -0.800000012     ,  0.500000000     ,   2.04999987E-02 ,  -2.0000000000000000      ,   0.00000000     ,   0.0000000000000000      ,   0.00000000     ,              NaN ,   1.0000000000000000      ,   0.00000000     ,  0.666666687    
 -0.800000012     ,  0.500000000     ,   3.04999985E-02 ,  -2.0000000000000000      ,   0.00000000     ,   0.0000000000000000      ,   0.00000000     ,              NaN ,   1.0000000000000000      ,   0.00000000     ,  0.666666687    
 -0.800000012     ,  0.500000000     ,   4.05000001E-02 ,  -2.0000000000000000      ,   0.00000000     ,   0.0000000000000000      ,   0.00000000     ,              NaN ,   1.0000000000000000      ,   0.00000000     ,  0.666666687    
 -0.800000012     ,  0.500000000     ,   5.04999980E-02 ,  -1.9999999499999954      ,   9.80209069E-09 ,   1.2499999999999735E-007 ,   3.09375014E-09 ,  -3332.33325     ,  0.99999987499713894      ,   3.09389270E-09 ,  0.666666687    
 -0.800000012     ,  0.500000000     ,   6.04999997E-02 ,  -1.9999982999998458      ,   2.31436303E-07 ,   4.2499999999999093E-006 ,   8.75113599E-08 ,  -97.0392151     ,  0.99999574990272522      ,   8.75153816E-08 ,  0.666666627    
 -0.800000012     ,  0.500000000     ,   7.05000013E-02 ,  -1.9999907999991680      ,   9.28601423E-07 ,   2.2749999999999520E-005 ,   4.00460095E-07 ,  -18.2974167     ,  0.99997699948549268      ,   4.09181069E-07 ,  0.666666627    
 -0.800000012     ,  0.500000000     ,   8.04999992E-02 ,  -1.9999594499962452      ,   3.08140739E-06 ,   9.6999999999997980E-005 ,   1.43203113E-06 ,  -3.86805987     ,  0.99989774785041807      ,   1.59766955E-06 ,  0.666666508    
 -0.800000012     ,  0.500000000     ,   9.04999971E-02 ,  -1.9998782749886639      ,   7.54275243E-06 ,   2.6437499999998516E-004 ,   3.27983025E-06 ,  -1.37152576     ,  0.99969236962199215      ,   4.44305078E-06 ,  0.666666150    
 -0.800000012     ,  0.500000000     ,  0.100499995     ,  -1.9997016999715012      ,   1.49989000E-05 ,   5.4574999999995599E-004 ,   5.60293029E-06 , -0.548304081     ,  0.99923924064636227      ,   1.00966017E-05 ,  0.666665316    
 -0.800000012     ,  0.500000000     ,  0.110500000     ,  -1.9993653499370685      ,   2.71980607E-05 ,   9.3337499999999519E-004 ,   8.53137954E-06 , -0.294190973     ,  0.99835586282014843      ,   2.13756957E-05 ,  0.666663527    
 -0.800000012     ,  0.500000000     ,  0.120499998     ,  -1.9988293248810121      ,   4.36168193E-05 ,   1.3243750000000675E-003 ,   1.19367196E-05 , -0.152452424     ,  0.99693911314010619      ,   3.87573164E-05 ,  0.666660428    
 -0.800000012     ,  0.500000000     ,  0.130499989     ,  -1.9979712247868080      ,   6.46777989E-05 ,   1.8192500000000600E-003 ,   1.76725462E-05 ,  -8.66829008E-02 ,  0.99462323994636537      ,   6.49969952E-05 ,  0.666655242    
 -0.800000012     ,  0.500000000     ,  0.140499994     ,  -1.9966955746371506      ,   9.06552596E-05 ,   2.2900000000000398E-003 ,   2.46750005E-05 , -0.128057539     ,  0.99106024351119992      ,   1.06943255E-04 ,  0.666646302    
 -0.800000012     ,  0.500000000     ,  0.150499985     ,  -1.9950205994312040      ,   1.24324870E-04 ,   2.8115000000000418E-003 ,   3.25903202E-05 ,  -2.50310190E-02 ,  0.98624224801063543      ,   1.70755113E-04 ,  0.666631520    
 -0.800000012     ,  0.500000000     ,  0.160499990     ,  -1.9927007241202248      ,   1.65637641E-04 ,   3.3272500000000116E-003 ,   4.19199860E-05 ,  -2.14737616E-02 ,  0.97920975281596179      ,   2.73573853E-04 ,  0.666605830    
 -0.800000012     ,  0.500000000     ,  0.170499995     ,  -1.9896941236967334      ,   2.06654513E-04 ,   3.9404999999998903E-003 ,   5.41951449E-05 ,  -3.15573253E-02 ,  0.96970650155544280      ,   4.15714021E-04 ,  0.666566670    
 -0.800000012     ,  0.500000000     ,  0.180499986     ,  -1.9856616730849401      ,   2.82510417E-04 ,   4.5208749999998306E-003 ,   6.55157710E-05 ,   5.22376038E-03 ,  0.95579912400841716      ,   7.54690031E-04 ,  0.666469693    
 -0.800000012     ,  0.500000000     ,  0.190499991     ,  -1.9806936722842723      ,   3.48469999E-04 ,   5.0472499999998080E-003 ,   7.82756833E-05 ,  -3.54132019E-02 ,  0.93721050028800967      ,   1.26303453E-03 ,  0.666305602    
 -0.800000012     ,  0.500000000     ,  0.200499982     ,  -1.9741537211349762      ,   4.71227133E-04 ,   5.7237499999997516E-003 ,   9.62185150E-05 ,  -1.10573666E-02 ,  0.90896200010180472      ,   2.72294926E-03 ,  0.665808976    
 -0.800000012     ,  0.500000000     ,  0.210499987     ,  -1.9654219944964002      ,   5.91998571E-04 ,   6.4559999999997744E-003 ,   1.13708746E-04 ,  -4.93267970E-03 ,  0.86400874971151354      ,   5.36035653E-03 ,  0.664715111    
 -0.800000012     ,  0.500000000     ,  0.220499992     ,  -1.9544816922926715      ,   8.54458776E-04 ,   7.2063749999996931E-003 ,   1.32635512E-04 ,   1.30396290E-02 ,  0.79027812505662443      ,   1.67498365E-02 ,  0.659511685    
 -0.800000012     ,  0.500000000     ,  0.230499983     ,  -1.9368320134431696      ,   1.23698160E-03 ,   8.3282499999996155E-003 ,   1.69099527E-04 ,   2.78726430E-03 ,  0.55471474999389614      ,  0.161603123     ,  0.572735488    
 -0.800000012     ,  0.500000000     ,  0.240499988     ,  -1.9198228596502154      ,   7.16093055E-04 ,   9.0184999999996015E-003 ,   1.97205445E-04 ,  -1.18807033E-02 ,  0.23682375000496395      ,  0.103725351     ,  0.245690435    
 -0.800000012     ,  0.500000000     ,  0.250499994     ,  -1.9101857576500778      ,   5.58755710E-04 ,   9.6262499999995726E-003 ,   2.09179139E-04 ,  -1.40102478E-02 ,  0.16762849984983913      ,   5.52416146E-02 ,  0.158077389    
 -0.800000012     ,  0.500000000     ,  0.260499984     ,  -1.9026179561030672      ,   4.38942574E-04 ,   9.9851249999996158E-003 ,   2.14043670E-04 ,   2.79670581E-02 ,  0.11320587487849407      ,   2.70708743E-02 ,   7.59674236E-02
 -0.800000012     ,  0.500000000     ,  0.270499974     ,  -1.8960704048089698      ,   3.69047164E-04 ,   1.0335999999999611E-002 ,   2.33571802E-04 ,  -2.04465799E-02 ,   9.9538999899919142E-002 ,   1.95364691E-02 ,   4.05919701E-02
 -0.800000012     ,  0.500000000     ,  0.280499995     ,  -1.8906492537401465      ,   3.12110060E-04 ,   1.0741624999999607E-002 ,   2.33876432E-04 ,  -9.58022953E-04 ,   8.4674874912714582E-002 ,   1.45715680E-02 ,  -5.02355117E-03
 -0.800000012     ,  0.500000000     ,  0.290499985     ,  -1.8858259028248006      ,   2.81811313E-04 ,   1.0757249999999600E-002 ,   2.28193880E-04 ,   7.23463623E-03 ,   7.6593999976525079E-002 ,   1.15401568E-02 ,   1.70071963E-02
 -0.800000012     ,  0.500000000     ,  0.300499976     ,  -1.8814935270269426      ,   2.51979189E-04 ,   1.1087124999999608E-002 ,   2.30557023E-04 ,   2.97553968E-02 ,   6.8652124936948528E-002 ,   8.88856966E-03 ,   4.16836105E-02
 -0.800000012     ,  0.500000000     ,  0.310499996     ,  -1.8778162013432598      ,   2.23484327E-04 ,   1.1544624999999663E-002 ,   2.45372124E-04 ,  -2.35241823E-04 ,   6.3260624910122715E-002 ,   6.89618103E-03 ,   5.16746826E-02
 -0.800000012     ,  0.500000000     ,  0.320499986     ,  -1.8743367507227409      ,   2.03784904E-04 ,   1.1557999999999598E-002 ,   2.43857692E-04 ,  -1.43281594E-02 ,   5.7495249938080084E-002 ,   5.75983850E-03 ,   2.44923327E-02
 -0.800000012     ,  0.500000000     ,  0.330499977     ,  -1.8711900751512818      ,   1.81526731E-04 ,   1.1829874999999655E-002 ,   2.42375667E-04 ,  -7.69635336E-03 ,   5.3633124917536044E-002 ,   5.18315751E-03 ,  -3.22669744E-02
 -0.800000012     ,  0.500000000     ,  0.340499997     ,  -1.8684356746779507      ,   1.65836711E-04 ,   1.2078124999999633E-002 ,   2.50905810E-04 ,  -3.59632000E-02 ,   5.3509124927595256E-002 ,   4.67086257E-03 ,   2.26902552E-02
-0.899999976     ,  0.500000000     ,   6.00000024E-02 ,  -1.9994372876892499      ,   4.14469032E-05 ,   1.3092500000000651E-003 ,   2.37487820E-05 , -0.166593641     ,  0.99706198824048042      ,   7.26306389E-05 ,  0.666660845    
 -0.899999976     ,  0.500000000     ,   7.00000003E-02 ,  -1.9984095380164479      ,   8.76739359E-05 ,   2.2683750000000386E-003 ,   4.63965152E-05 ,  -4.30912636E-02 ,  0.99141411803364754      ,   2.04246506E-04 ,  0.666647315    
 -0.899999976     ,  0.500000000     ,   7.99999982E-02 ,  -1.9964007511227040      ,   1.60560361E-04 ,   3.2457500000000359E-003 ,   8.00052439E-05 ,  -4.77787443E-02 ,  0.97957825280427935      ,   5.22584771E-04 ,  0.666608810    
 -0.899999976     ,  0.500000000     ,   9.00000036E-02 ,  -1.9930664645989256      ,   2.70782999E-04 ,   4.3833749999998648E-003 ,   1.26315193E-04 ,  -1.85554940E-02 ,  0.95756837372183801      ,   1.41964748E-03 ,  0.666482627    
 -0.899999976     ,  0.500000000     ,   9.99999940E-02 ,  -1.9872473037963467      ,   4.61413176E-04 ,   5.7179999999997814E-003 ,   1.91626023E-04 ,  -8.41423962E-03 ,  0.91107249976396565      ,   4.66681644E-03 ,  0.665934086    
 -0.899999976     ,  0.500000000     ,  0.109999999     ,  -1.9775224067858981      ,   8.77236831E-04 ,   7.1257499999996480E-003 ,   2.65811919E-04 ,   9.92081687E-03 ,  0.79238274968266487      ,   4.56974022E-02 ,  0.657602131    
 -0.899999976     ,  0.500000000     ,  0.120000005     ,  -1.9600035001333043      ,   6.70396024E-04 ,   9.0159999999996545E-003 ,   3.90454632E-04 ,   7.99432397E-03 ,  0.22696224993253128      ,  0.205552310     ,  0.225713372    
 -0.899999976     ,  0.500000000     ,  0.129999995     ,  -1.9515785143728619      ,   4.87484882E-04 ,   9.9427499999996099E-003 ,   4.32883448E-04 ,   4.02551703E-03 ,  0.12456474988297560      ,   6.39364943E-02 ,  0.103128374    
 -0.899999976     ,  0.500000000     ,  0.140000001     ,  -1.9453569026575470      ,   3.21847125E-04 ,   1.0711624999999607E-002 ,   4.82008909E-04 ,  -1.71089582E-02 ,   8.3270124960737296E-002 ,   2.87037771E-02 ,  -5.30160265E-03
 -0.899999976     ,  0.500000000     ,  0.149999991     ,  -1.9409335028134886      ,   2.49714591E-04 ,   1.1151499999999630E-002 ,   4.82333271E-04 ,  -1.83659773E-02 ,   7.0248749944567687E-002 ,   1.92583650E-02 ,  -1.21660549E-02
 -0.899999976     ,  0.500000000     ,  0.159999996     ,  -1.9372763402109632      ,   2.05299613E-04 ,   1.1540124999999648E-002 ,   4.76252229E-04 ,  -1.34425052E-02 ,   5.7746624959330077E-002 ,   1.19862594E-02 ,  -6.63650315E-03
 -0.899999976     ,  0.500000000     ,  0.170000002     ,  -1.9342252399432767      ,   1.69439969E-04 ,   1.2118374999999655E-002 ,   4.88037593E-04 ,   1.82130039E-02 ,   5.1139874939154832E-002 ,   8.46965890E-03 ,   5.46572506E-02
 -0.899999976     ,  0.500000000     ,  0.179999992     ,  -1.9317796271054104      ,   1.44281978E-04 ,   1.2285874999999651E-002 ,   4.94360749E-04 ,  -1.11428285E-02 ,   4.7204624926880934E-002 ,   7.22529413E-03 ,  -1.36510953E-02
 -0.899999976     ,  0.500000000     ,  0.189999998     ,  -1.9296493017187226      ,   1.22564423E-04 ,   1.2847124999999630E-002 ,   4.92771214E-04 ,   1.32463370E-02 ,   4.5335624923766589E-002 ,   5.99121070E-03 ,   4.89426106E-02
 -0.899999976     ,  0.500000000     ,  0.199999988     ,  -1.9278531763190079      ,   1.07906162E-04 ,   1.3011749999999614E-002 ,   4.75860928E-04 ,   7.09558232E-03 ,   4.1182249922025946E-002 ,   4.83025704E-03 ,   5.58637257E-05
 -0.899999976     ,  0.500000000     ,  0.209999993     ,  -1.9262501134040777      ,   9.49314563E-05 ,   1.3305499999999583E-002 ,   4.66173718E-04 ,   1.25322202E-02 ,   4.0003249975107610E-002 ,   4.27827239E-03 ,   2.11906284E-02
 -0.899999976     ,  0.500000000     ,  0.219999999     ,  -1.9248176629966081      ,   8.36952604E-05 ,   1.3464499999999605E-002 ,   4.62257332E-04 ,   3.25561166E-02 ,   3.7386249938025140E-002 ,   3.48698953E-03 ,   5.00736944E-02
 -0.899999976     ,  0.500000000     ,  0.229999989     ,  -1.9235706251055267      ,   7.45621510E-05 ,   1.3821374999999565E-002 ,   4.69346793E-04 ,   1.22497398E-02 ,   3.6435624957759864E-002 ,   3.23684444E-03 ,   1.29166776E-02
 -0.899999976     ,  0.500000000     ,  0.239999995     ,  -1.9224337746774329      ,   6.75375268E-05 ,   1.3927999999999443E-002 ,   4.57871938E-04 ,   7.48538587E-04 ,   3.5709499948262238E-002 ,   2.98408885E-03 ,   1.48806786E-02
 -0.899999976     ,  0.500000000     ,  0.249999985     ,  -1.9214417118317972      ,   6.06722788E-05 ,   1.4121499999999563E-002 ,   4.44363017E-04 ,   3.00699882E-02 ,   3.3413999980199151E-002 ,   2.55781366E-03 ,   9.02811065E-03
-0.949999988     ,  0.500000000     ,   9.99999978E-03 ,  -2.0000000000000000      ,   0.00000000     ,   0.0000000000000000      ,   0.00000000     ,              NaN ,   1.0000000000000000      ,   0.00000000     ,  0.666666687    
 -0.949999988     ,  0.500000000     ,   1.49999997E-02 ,  -1.9999996875001125      ,   1.73171145E-07 ,   3.1249999999999332E-006 ,   2.59765642E-07 ,  -132.333328     ,  0.99999687492847444      ,   2.59777579E-07 ,  0.666666687    
 -0.949999988     ,  0.500000000     ,   1.99999996E-02 ,  -1.9999904937534869      ,   2.98195368E-06 ,   9.1124999999998122E-005 ,   5.51449921E-06 ,  -4.43326378     ,  0.99990437300801283      ,   6.09771178E-06 ,  0.666666508    
 -0.949999988     ,  0.500000000     ,   2.49999985E-02 ,  -1.9999303937763038      ,   1.43067246E-05 ,   5.3387499999995843E-004 ,   2.26303509E-05 , -0.667227328     ,  0.99929261590838436      ,   3.80415586E-05 ,  0.666665375    
 -0.949999988     ,  0.500000000     ,   2.99999975E-02 ,  -1.9997142001152475      ,   4.21793338E-05 ,   1.3162500000000674E-003 ,   4.69370352E-05 , -0.174426362     ,  0.99702098808288575      ,   1.46872626E-04 ,  0.666660786    
 -0.949999988     ,  0.500000000     ,   3.50000001E-02 ,  -1.9992086378460190      ,   9.07766662E-05 ,   2.2386250000000375E-003 ,   9.56864824E-05 , -0.100802526     ,  0.99145186834931376      ,   4.21964243E-04 ,  0.666646659    
 -0.949999988     ,  0.500000000     ,   3.99999991E-02 ,  -1.9982013508663106      ,   1.66604557E-04 ,   3.2600000000000194E-003 ,   1.62747499E-04 ,  -2.75167041E-02 ,  0.97949175267219546      ,   1.10391632E-03 ,  0.666605532    
 -0.949999988     ,  0.500000000     ,   4.49999981E-02 ,  -1.9964824393755247      ,   2.72216566E-04 ,   4.3959999999998497E-003 ,   2.55108258E-04 ,  -1.32109169E-02 ,  0.95660149883031842      ,   2.96474691E-03 ,  0.666473925    
 -0.949999988     ,  0.500000000     ,   4.99999970E-02 ,  -1.9936249975442355      ,   4.64620214E-04 ,   5.6577499999998157E-003 ,   3.79016099E-04 ,  -1.66092124E-02 ,  0.91109350019097324      ,   9.47905425E-03 ,  0.665919006    
 -0.949999988     ,  0.500000000     ,   5.49999960E-02 ,  -1.9888575199912473      ,   7.68919475E-04 ,   7.1518749999996559E-003 ,   5.40589215E-04 ,  -5.41491807E-03 ,  0.80138887519240376      ,   4.88722585E-02 ,  0.661417067    
 -0.949999988     ,  0.500000000     ,   5.99999987E-02 ,  -1.9803940711884818      ,   7.85120705E-04 ,   9.0331249999995970E-003 ,   7.75463530E-04 ,   1.16627906E-02 ,  0.27511962511956228      ,  0.503576875     ,  0.311648846    
 -0.949999988     ,  0.500000000     ,   6.49999976E-02 ,  -1.9756562688928847      ,   4.46507242E-04 ,   9.8542499999995804E-003 ,   8.52490542E-04 ,   1.03585608E-02 ,  0.11073899992639200      ,  0.106098585     ,   4.17273678E-02
 -0.949999988     ,  0.500000000     ,   7.00000003E-02 ,  -1.9727580086808110      ,   3.28436407E-04 ,   1.0516124999999587E-002 ,   8.97161022E-04 ,   2.00087577E-02 ,   8.2447374929976655E-002 ,   5.45955710E-02 ,   3.45519893E-02
 -0.949999988     ,  0.500000000     ,   7.50000030E-02 ,  -1.9704253666959100      ,   2.58726330E-04 ,   1.1299749999999610E-002 ,   9.74504452E-04 ,  -1.73470029E-03 ,   7.0344499921775425E-002 ,   3.96023951E-02 ,  -7.97101185E-02
 -0.949999988     ,  0.500000000     ,   7.99999982E-02 ,  -1.9685913492838001      ,   2.00962051E-04 ,   1.1626124999999538E-002 ,   9.60733567E-04 ,   1.00930966E-02 ,   5.6200624944013546E-002 ,   2.24467441E-02 ,   1.99450888E-02
 -0.949999988     ,  0.500000000     ,   8.50000009E-02 ,  -1.9671375440481351      ,   1.67718928E-04 ,   1.2062249999999618E-002 ,   9.75903647E-04 ,   1.46918539E-02 ,   5.2808999921241773E-002 ,   1.89851522E-02 ,  -2.12602932E-02
 -0.949999988     ,  0.500000000     ,   9.00000036E-02 ,  -1.9659034636346471      ,   1.39017342E-04 ,   1.2451624999999645E-002 ,   1.00576738E-03 ,  -1.03197135E-02 ,   4.7883374942396764E-002 ,   1.45592848E-02 ,   4.17936221E-03
 -0.949999988     ,  0.500000000     ,   9.49999988E-02 ,  -1.9648307580828031      ,   1.21438985E-04 ,   1.2721249999999637E-002 ,   9.68468259E-04 ,  -7.17216218E-03 ,   4.3451249962067229E-002 ,   1.12577081E-02 ,   1.38385352E-02
 -0.949999988     ,  0.500000000     ,  0.100000001     ,  -1.9639154899192643      ,   1.08820597E-04 ,   1.2881874999999664E-002 ,   9.69221408E-04 ,  -1.22243930E-02 ,   4.2041874944325534E-002 ,   1.00218123E-02 ,  -1.31871738E-02
 -0.949999988     ,  0.500000000     ,  0.104999997     ,  -1.9631305654017597      ,   9.17342768E-05 ,   1.3315124999999551E-002 ,   9.85206338E-04 ,  -7.88117666E-03 ,   3.8365124976215886E-002 ,   7.93944206E-03 ,   1.04312226E-02
 -0.949999988     ,  0.500000000     ,  0.109999999     ,  -1.9624091158184707      ,   8.27815820E-05 ,   1.3472124999999545E-002 ,   9.55251162E-04 ,  -8.78108852E-03 ,   3.7406374959950334E-002 ,   7.15826266E-03 ,   1.90225560E-02
 -0.949999988     ,  0.500000000     ,  0.115000002     ,  -1.9617800411832740      ,   7.50241888E-05 ,   1.3822624999999568E-002 ,   9.47213615E-04 ,  -4.77949530E-03 ,   3.6273374957777563E-002 ,   6.51264051E-03 ,  -9.27170273E-03
 -0.949999988     ,  0.500000000     ,  0.119999997     ,  -1.9612241039971141      ,   6.74840776E-05 ,   1.3938624999999578E-002 ,   9.30397597E-04 ,  -1.29438909E-02 ,   3.4783624985371714E-002 ,   5.74141089E-03 ,   1.01302946E-02
 -0.949999988     ,  0.500000000     ,  0.125000000     ,  -1.9607031417794112      ,   5.96201862E-05 ,   1.4213499999999581E-002 ,   9.19353857E-04 ,   1.93261839E-02 ,   3.3410499958996663E-002 ,   5.26163541E-03 ,  -4.23015915E-02
 -0.949999988     ,  0.500000000     ,  0.129999995     ,  -1.9602426357748151      ,   5.58280481E-05 ,   1.4122374999999627E-002 ,   8.71489872E-04 ,  -6.35256805E-03 ,   3.2848124955315146E-002 ,   4.84304968E-03 ,   9.25787317E-04
 -0.949999988     ,  0.500000000     ,  0.134999990     ,  -1.9598198360044692      ,   4.97903857E-05 ,   1.4441624999999510E-002 ,   8.78997263E-04 ,   9.29707941E-03 ,   3.2253374991239980E-002 ,   4.37326357E-03 ,   1.37544349E-02
 -0.949999988     ,  0.500000000     ,  0.139999986     ,  -1.9594278112026438      ,   4.68775797E-05 ,   1.4644624999999465E-002 ,   8.84070119E-04 ,   2.00988958E-03 ,   3.1348624984663911E-002 ,   3.97495879E-03 ,  -1.67180924E-03
 -0.949999988     ,  0.500000000     ,  0.144999996     ,  -1.9590693488714555      ,   4.37141425E-05 ,   1.4559374999999512E-002 ,   8.28789314E-04 ,   9.91632231E-03 ,   3.1134874968463556E-002 ,   3.80970305E-03 ,   5.46630006E-03
 -0.949999988     ,  0.500000000     ,  0.149999991     ,  -1.9587425365339481      ,   4.02532860E-05 ,   1.5002499999999466E-002 ,   8.40931258E-04 ,   1.06558772E-02 ,   3.0226499966415576E-002 ,   3.53438524E-03 ,  -1.91240963E-02
 -0.949999988     ,  0.500000000     ,  0.154999986     ,  -1.9584362554273125      ,   3.62544561E-05 ,   1.5090499999999443E-002 ,   8.50142795E-04 ,  -4.16853419E-03 ,   2.9358749986742622E-002 ,   3.25027667E-03 ,  -3.25835682E-02
 -0.949999988     ,  0.500000000     ,  0.159999996     ,  -1.9581490118109348      ,   3.43553584E-05 ,   1.5105499999999494E-002 ,   8.32467573E-04 ,  -1.48542160E-02 ,   2.8817999978619627E-002 ,   3.05395341E-03 ,  -2.57901195E-02
 -0.949999988     ,  0.500000000     ,  0.164999992     ,  -1.9578807744324989      ,   3.29822760E-05 ,   1.5041749999999479E-002 ,   7.80934584E-04 ,   5.75209549E-03 ,   2.8763499996485187E-002 ,   2.83366395E-03 ,   5.48779871E-03
 -0.949999988     ,  0.500000000     ,  0.169999987     ,  -1.9576423807836631      ,   2.96461076E-05 ,   1.5371124999999418E-002 ,   8.02267983E-04 ,  -6.89952169E-03 ,   2.8664374975697137E-002 ,   2.74157012E-03 ,  -6.50212634E-03
 -0.949999988     ,  0.500000000     ,  0.174999997     ,  -1.9573858433973492      ,   2.85956721E-05 ,   1.5549874999999474E-002 ,   7.84310629E-04 ,  -2.05025007E-03 ,   2.8297874976345339E-002 ,   2.55207205E-03 ,   2.43574325E-02
 -0.949999988     ,  0.500000000     ,  0.179999992     ,  -1.9571767059753671      ,   2.70415512E-05 ,   1.5445249999999442E-002 ,   7.63462915E-04 ,  -4.50088643E-02 ,   2.8157749970210717E-002 ,   2.47240742E-03 ,   2.36482136E-02
 -0.949999988     ,  0.500000000     ,  0.184999987     ,  -1.9569801123141002      ,   2.54488223E-05 ,   1.5505124999999472E-002 ,   7.43076147E-04 ,   1.51563725E-02 ,   2.7179624977638015E-002 ,   2.31343438E-03 ,  -5.18963381E-04
 -0.949999988     ,  0.500000000     ,  0.189999998     ,  -1.9567811248869116      ,   2.36318829E-05 ,   1.5529124999999462E-002 ,   7.39879266E-04 ,  -1.35674793E-02 ,   2.7378124974784441E-002 ,   2.21625157E-03 ,   2.18058787E-02
 -0.949999988     ,  0.500000000     ,  0.194999993     ,  -1.9565915624809125      ,   2.20353177E-05 ,   1.5816624999999553E-002 ,   7.24984799E-04 ,  -3.37242709E-05 ,   2.7134124999120830E-002 ,   2.15623737E-03 ,  -9.35223885E-03
 -0.949999988     ,  0.500000000     ,  0.199999988     ,  -1.9564239062893269      ,   2.10319686E-05 ,   1.5913749999999480E-002 ,   7.12209730E-04 ,   9.10497271E-03 ,   2.6688499984052032E-002 ,   2.02651694E-03 ,   1.52275991E-03
-0.990000010     ,  0.500000000     ,   2.10000016E-03 ,  -2.0000000000000000      ,   0.00000000     ,   0.0000000000000000      ,   0.00000000     ,              NaN ,   1.0000000000000000      ,   0.00000000     ,  0.666666687    
 -0.990000010     ,  0.500000000     ,   4.10000002E-03 ,  -1.9999976987522234      ,   3.46783213E-06 ,   1.0674999999999780E-004 ,   3.12907177E-05 ,  -3.72951698     ,  0.99988324768543246      ,   3.74541996E-05 ,  0.666666448    
 -0.990000010     ,  0.500000000     ,   6.09999988E-03 ,  -1.9999354400617697      ,   4.66636593E-05 ,   1.4196250000000762E-003 ,   2.58884626E-04 , -0.146048576     ,  0.99662186337709424      ,   8.38163192E-04 ,  0.666659832    
 -0.990000010     ,  0.500000000     ,   8.10000021E-03 ,  -1.9996135291185835      ,   1.73049542E-04 ,   3.4488749999999754E-003 ,   8.81147222E-04 ,  -1.39466198E-02 ,  0.97787987837195400      ,   5.93984080E-03 ,  0.666599870    
 -0.990000010     ,  0.500000000     ,   1.01000005E-02 ,  -1.9986520050355419      ,   4.69002611E-04 ,   5.9146249999997664E-003 ,   2.00001779E-03 ,   1.31384807E-03 ,  0.90422862464785581      ,   5.69156334E-02 ,  0.665754437    
 -0.990000010     ,  0.500000000     ,   1.20999999E-02 ,  -1.9959017801583718      ,   6.90128247E-04 ,   9.0459999999996342E-003 ,   3.90032632E-03 ,   6.49571791E-03 ,  0.22065374990340789      ,   1.90744531     ,  0.192015514    
 -0.990000010     ,  0.500000000     ,   1.41000003E-02 ,  -1.9944885065061762      ,   3.17602418E-04 ,   1.0614249999999643E-002 ,   4.70495597E-03 ,  -3.07344515E-02 ,   8.8842749962327064E-002 ,  0.301557958     ,   3.26595977E-02
 -0.990000010     ,  0.500000000     ,   1.61000006E-02 ,  -1.9936971660108633      ,   1.96610665E-04 ,   1.1800749999999667E-002 ,   5.02209505E-03 ,  -9.98117495E-03 ,   5.6261499952361918E-002 ,  0.115991816     ,  -4.06622142E-02
 -0.990000010     ,  0.500000000     ,   1.81000009E-02 ,  -1.9931574802755403      ,   1.38730276E-04 ,   1.2367999999999624E-002 ,   4.80321515E-03 ,   8.97468813E-03 ,   4.6329499953403137E-002 ,   6.72980547E-02 ,   1.56461131E-02
 -0.990000010     ,  0.500000000     ,   2.01000012E-02 ,  -1.9927694668955769      ,   1.09596120E-04 ,   1.2790249999999595E-002 ,   4.65000607E-03 ,  -3.07582524E-02 ,   4.1335749957687219E-002 ,   4.67156135E-02 ,   3.44202407E-02
 -0.990000010     ,  0.500000000     ,   2.21000016E-02 ,  -1.9924736159277188      ,   8.23447335E-05 ,   1.3540874999999512E-002 ,   4.78955777E-03 ,   9.17507801E-03 ,   3.6292124970303846E-002 ,   3.33925299E-02 ,   1.70869138E-02
 -0.990000010     ,  0.500000000     ,   2.41000000E-02 ,  -1.9922373936529951      ,   6.52433446E-05 ,   1.3964124999999496E-002 ,   4.55065817E-03 ,   6.05082698E-03 ,   3.4576874963985753E-002 ,   2.82360408E-02 ,  -1.34996958E-02
 -0.990000010     ,  0.500000000     ,   2.61000004E-02 ,  -1.9920438325876020      ,   5.48569296E-05 ,   1.4258374999999584E-002 ,   4.55356156E-03 ,  -8.32149014E-03 ,   3.2997624946385619E-002 ,   2.45272871E-02 ,  -2.45913919E-02
 -0.990000010     ,  0.500000000     ,   2.81000007E-02 ,  -1.9918772439964698      ,   4.62178796E-05 ,   1.4368624999999488E-002 ,   4.22851276E-03 ,   5.32750087E-03 ,   3.1819624973833560E-002 ,   2.04242244E-02 ,   1.24377152E-02
 -0.990000010     ,  0.500000000     ,   3.01000010E-02 ,  -1.9917389091284010      ,   3.93864029E-05 ,   1.5020499999999498E-002 ,   4.27679252E-03 ,  -5.87120093E-03 ,   3.0288249983522111E-002 ,   1.69519950E-02 ,   2.19259411E-02
 -0.990000010     ,  0.500000000     ,   3.21000032E-02 ,  -1.9916212779905866      ,   3.37469937E-05 ,   1.5342624999999575E-002 ,   4.09580208E-03 ,   2.26379149E-02 ,   2.9315624981513248E-002 ,   1.52832316E-02 ,   2.41404888E-03
 -0.990000010     ,  0.500000000     ,   3.41000035E-02 ,  -1.9915166343403692      ,   3.01096079E-05 ,   1.5444624999999502E-002 ,   3.94190662E-03 ,   1.39588695E-02 ,   2.7962624958320522E-002 ,   1.34594617E-02 ,  -9.45468526E-03
 -0.990000010     ,  0.500000000     ,   3.61000039E-02 ,  -1.9914320719210159      ,   2.60599809E-05 ,   1.5666249999999531E-002 ,   3.79361585E-03 ,   3.68312187E-02 ,   2.7638999992236495E-002 ,   1.18680317E-02 ,   1.52894175E-02
 -0.990000010     ,  0.500000000     ,   3.81000042E-02 ,  -1.9913496857495836      ,   2.30303976E-05 ,   1.5652124999999545E-002 ,   3.67752276E-03 ,   1.00819371E-03 ,   2.7129124979814515E-002 ,   1.09833507E-02 ,   1.25731071E-02
 -0.990000010     ,  0.500000000     ,   4.01000045E-02 ,  -1.9912787183172720      ,   2.11561837E-05 ,   1.6043874999999444E-002 ,   3.66163091E-03 ,  -2.15743650E-02 ,   2.6772374994936399E-002 ,   1.04189767E-02 ,  -1.76409688E-02
 -0.990000010     ,  0.500000000     ,   4.21000049E-02 ,  -1.9912168046263137      ,   1.87954047E-05 ,   1.6061249999999420E-002 ,   3.49426176E-03 ,   6.02249661E-03 ,   2.6432499968144112E-002 ,   9.68382042E-03 ,  -3.20876651E-02
 -0.990000010     ,  0.500000000     ,   4.41000052E-02 ,  -1.9911614246791334      ,   1.65967431E-05 ,   1.6284749999999418E-002 ,   3.43575724E-03 ,   1.73216257E-02 ,   2.5767249986948446E-002 ,   8.48017354E-03 ,   1.58390123E-02
 -0.990000010     ,  0.500000000     ,   4.61000055E-02 ,  -1.9911076634804104      ,   1.52897701E-05 ,   1.6398374999999486E-002 ,   3.28233442E-03 ,   9.64340102E-03 ,   2.5793874984676949E-002 ,   8.16474110E-03 ,  -8.27140734E-03
 -0.990000010     ,  0.500000000     ,   4.81000021E-02 ,  -1.9910611110248035      ,   1.42461395E-05 ,   1.6490874999999496E-002 ,   3.18035227E-03 ,   1.68085080E-02 ,   2.5419624978210778E-002 ,   7.78371235E-03 ,  -1.10869771E-02
  -1.10000002     ,  0.500000000     ,   6.00000024E-02 ,  -2.1994305221942740      ,   4.20616161E-05 ,  0.99703062500004347      ,   7.28046798E-05 ,  0.666660786     ,   1.3498749707126991E-003 ,   2.45551018E-05 , -0.160045415    
  -1.10000002     ,  0.500000000     ,   7.00000003E-02 ,  -2.1983993962751418      ,   9.06533678E-05 ,  0.99135712499999840      ,   2.11440973E-04 ,  0.666646659     ,   2.2458749588811769E-003 ,   4.70885934E-05 ,  -7.00919628E-02
  -1.10000002     ,  0.500000000     ,   7.99999982E-02 ,  -2.1963876819027610      ,   1.64024925E-04 ,  0.97946824999999849      ,   5.35227242E-04 ,  0.666607380     ,   3.2264999566832559E-003 ,   7.91407510E-05 ,  -3.56305428E-02
  -1.10000002     ,  0.500000000     ,   9.00000036E-02 ,  -2.1929780160363777      ,   2.74929072E-04 ,  0.95699862500000088      ,   1.40693772E-03 ,  0.666483700     ,   4.4283749607857319E-003 ,   1.28850283E-04 ,  -1.76684540E-02
  -1.10000002     ,  0.500000000     ,   9.99999940E-02 ,  -2.1873046849793014      ,   4.62037453E-04 ,  0.91146762500000422      ,   4.93332511E-03 ,  0.665892780     ,   5.7103749673115094E-003 ,   1.88199003E-04 ,  -1.92706473E-02
  -1.10000002     ,  0.500000000     ,  0.109999999     ,  -2.1765601846849285      ,   1.13395404E-03 ,  0.74471375000000095      ,  0.184380576     ,  0.638175964     ,   7.2014999739592892E-003 ,   2.81459856E-04 ,  -2.56852768E-02
  -1.10000002     ,  0.500000000     ,  0.120000005     ,  -2.1600566887987092      ,   7.87476369E-04 ,  0.23236125000000016      ,  0.221637309     ,  0.217778563     ,   8.9112499816110351E-003 ,   3.82569764E-04 ,  -5.85611491E-03
  -1.10000002     ,  0.500000000     ,  0.129999995     ,  -2.1513400408168657      ,   4.36809292E-04 ,  0.10718850000000006      ,   4.90840040E-02 ,   3.26447673E-02 ,   9.9727499824948610E-003 ,   4.44850069E-04 ,  -1.35853244E-02
  -1.10000002     ,  0.500000000     ,  0.140000001     ,  -2.1454195841950825      ,   3.32085328E-04 ,   8.5538000000000877E-002 ,   2.86013465E-02 ,   6.24459907E-02 ,   1.0647999982628971E-002 ,   4.56688198E-04 ,   2.93644834E-02
  -1.10000002     ,  0.500000000     ,  0.149999991     ,  -2.1409661667984343      ,   2.55764433E-04 ,   6.8260125000000615E-002 ,   1.67686511E-02 ,   5.52052371E-02 ,   1.1044624984404072E-002 ,   4.65794874E-04 ,   1.40368873E-02
  -1.10000002     ,  0.500000000     ,  0.159999996     ,  -2.1371853128262677      ,   2.04305543E-04 ,   5.8358750000000501E-002 ,   1.19693913E-02 ,   1.02442561E-03 ,   1.1560999983176589E-002 ,   4.84743156E-04 ,  -2.41204537E-02
  -1.10000002     ,  0.500000000     ,  0.170000002     ,  -2.1342904848464568      ,   1.67398495E-04 ,   5.1080750000000431E-002 ,   8.68747663E-03 ,   9.40236729E-03 ,   1.1983749983320012E-002 ,   4.94588516E-04 ,  -8.60344898E-03
  -1.10000002     ,  0.500000000     ,  0.179999992     ,  -2.1318075199561402      ,   1.41282231E-04 ,   4.7201750000000202E-002 ,   6.89820759E-03 ,   2.22335104E-02 ,   1.2596249993750825E-002 ,   5.01875649E-04 ,   1.31815043E-03
  -1.10000002     ,  0.500000000     ,  0.189999998     ,  -2.1296364304608661      ,   1.21346966E-04 ,   4.3914250000000148E-002 ,   5.73428394E-03 ,   1.45090569E-03 ,   1.2736499985796399E-002 ,   5.00624999E-04 ,  -2.61061862E-02
  -1.10000002     ,  0.500000000     ,  0.199999988     ,  -2.1278920412521312      ,   1.05438077E-04 ,   4.2059750000000243E-002 ,   5.03651565E-03 ,   1.19302953E-02 ,   1.2869749980582856E-002 ,   4.79972718E-04 ,   9.32296179E-03
  -1.10000002     ,  0.500000000     ,  0.209999993     ,  -2.1262716522543395      ,   9.50706089E-05 ,   3.8779250000000272E-002 ,   4.13600495E-03 ,  -1.68486722E-02 ,   1.3314999993238598E-002 ,   4.85476892E-04 ,   1.90532068E-03
  -1.10000002     ,  0.500000000     ,  0.219999999     ,  -2.1248270885637459      ,   8.40555076E-05 ,   3.7828000000000216E-002 ,   3.67626804E-03 ,   3.13693937E-03 ,   1.3386749997432343E-002 ,   4.62322088E-04 ,   1.51836956E-02
  -1.10000002     ,  0.500000000     ,  0.229999989     ,  -2.1235720374772207      ,   7.48920720E-05 ,   3.6058750000000132E-002 ,   3.18729505E-03 ,   2.21770424E-02 ,   1.3421749988407828E-002 ,   4.58898430E-04 ,  -2.19720900E-02
  -1.10000002     ,  0.500000000     ,  0.239999995     ,  -2.1224725366216868      ,   6.70988302E-05 ,   3.4319374999999999E-002 ,   2.82059284E-03 ,   1.63091798E-04 ,   1.3934124995721504E-002 ,   4.61882853E-04 ,  -7.97695573E-03
  -1.10000002     ,  0.500000000     ,  0.249999985     ,  -2.1214438733077055      ,   6.12189033E-05 ,   3.3737624999999966E-002 ,   2.58375145E-03 ,  -1.14071509E-02 ,   1.4060124982940033E-002 ,   4.45327227E-04 ,   1.78294592E-02
  -1.00999999     ,  0.500000000     ,   2.10000016E-03 ,  -2.0194967095633358      ,   8.07698416E-06 ,  0.38432750000001709      ,  0.455173433     ,  0.657894015     ,   1.5899999644607306E-004 ,   8.72173696E-05 ,  -2.19555378    
  -1.00999999     ,  0.500000000     ,   4.10000002E-03 ,  -2.0199976771515278      ,   3.54991334E-06 ,  0.99988375000000285      ,   3.72526629E-05 ,  0.666666448     ,   1.0624999762512744E-004 ,   3.10880314E-05 ,  -3.71755528    
  -1.00999999     ,  0.500000000     ,   6.09999988E-03 ,  -2.0199353927528718      ,   4.57273236E-05 ,  0.99662287500004099      ,   8.17345572E-04 ,  0.666659951     ,   1.4311249689897521E-003 ,   2.58530723E-04 , -0.126643181    
  -1.00999999     ,  0.500000000     ,   8.10000021E-03 ,  -2.0196177660471859      ,   1.73166089E-04 ,  0.97826087499999903      ,   5.74012008E-03 ,  0.666602135     ,   3.3818749550729990E-003 ,   8.47756513E-04 ,  -3.04288026E-02
  -1.00999999     ,  0.500000000     ,   1.01000005E-02 ,  -2.0186630140012563      ,   4.67640319E-04 ,  0.90585175000000129      ,   4.87688221E-02 ,  0.665879607     ,   5.8477499674074356E-003 ,   1.95669010E-03 ,   2.04116162E-02
  -1.00999999     ,  0.500000000     ,   1.20999999E-02 ,  -2.0159669269067582      ,   7.48984923E-04 ,  0.25666237499999967      ,   2.22337389     ,  0.256566405     ,   9.0728749859612431E-003 ,   3.92799359E-03 ,  -7.18057947E-03
  -1.00999999     ,  0.500000000     ,   1.41000003E-02 ,  -2.0144835324374348      ,   3.08657269E-04 ,   7.6371875000000519E-002 ,  0.229823574     ,   2.65556555E-02 ,   1.0770874988730066E-002 ,   4.70210332E-03 ,  -4.91597457E-03
  -1.00999999     ,  0.500000000     ,   1.61000006E-02 ,  -2.0136949928643175      ,   1.95832472E-04 ,   5.8967000000000644E-002 ,  0.122405335     ,   4.26630713E-02 ,   1.1560999978566543E-002 ,   4.81157750E-03 ,  -3.17741223E-02
  -1.00999999     ,  0.500000000     ,   1.81000009E-02 ,  -2.0131567764097871      ,   1.37263385E-04 ,   4.5219750000000246E-002 ,   6.40292317E-02 ,   1.39484424E-02 ,   1.2427249992080032E-002 ,   4.86427918E-03 ,   3.21947830E-03
  -1.00999999     ,  0.500000000     ,   2.01000012E-02 ,  -2.0127680475001810      ,   1.05881401E-04 ,   4.1546375000000101E-002 ,   4.99811135E-02 ,  -4.25173678E-02 ,   1.2816624989057892E-002 ,   4.63502295E-03 ,   2.86983550E-02
  -1.00999999     ,  0.500000000     ,   2.21000016E-02 ,  -2.0124738220600333      ,   8.29618002E-05 ,   3.7807375000000150E-002 ,   3.67849991E-02 ,   3.75485024E-03 ,   1.3450624994281679E-002 ,   4.71062912E-03 ,  -1.27447760E-02
  -1.00999999     ,  0.500000000     ,   2.41000000E-02 ,  -2.0122330402441446      ,   6.62813400E-05 ,   3.4745000000000061E-002 ,   2.78575830E-02 ,   2.11619530E-02 ,   1.3911749986303039E-002 ,   4.52921772E-03 ,   3.14879529E-02
  -1.00999999     ,  0.500000000     ,   2.61000004E-02 ,  -2.0120372419693524      ,   5.45858784E-05 ,   3.2792875000000006E-002 ,   2.35487185E-02 ,   1.20318327E-02 ,   1.4423374990699813E-002 ,   4.42937622E-03 ,   3.26956995E-02
  -1.00999999     ,  0.500000000     ,   2.81000007E-02 ,  -2.0118739310024543      ,   4.60815609E-05 ,   3.1143124999999959E-002 ,   1.94382891E-02 ,   1.40026649E-02 ,   1.4582624995522202E-002 ,   4.28773416E-03 ,   2.32340265E-02
  -1.20000005     ,  0.500000000     ,  0.109999999     ,  -2.3993994205716875      ,   2.58581258E-05 ,  0.99845412500003727      ,   1.97112640E-05 ,  0.666663766     ,   9.0462497984990480E-004 ,   8.30338467E-06 , -0.272162050    
  -1.20000005     ,  0.500000000     ,  0.120000005     ,  -2.3988502207487010      ,   4.32660563E-05 ,  0.99699700000003799      ,   3.80296115E-05 ,  0.666660547     ,   1.3112499713897705E-003 ,   1.18723819E-05 , -0.167595193    
  -1.20000005     ,  0.500000000     ,  0.129999995     ,  -2.3980060960125416      ,   6.33432719E-05 ,  0.99471975000001600      ,   6.37444027E-05 ,  0.666655540     ,   1.7729999636532739E-003 ,   1.66627578E-05 ,  -7.20287040E-02
  -1.20000005     ,  0.500000000     ,  0.140000001     ,  -2.3968105463698341      ,   9.18753794E-05 ,  0.99139687499999640      ,   1.07554617E-04 ,  0.666646302     ,   2.2868749582907184E-003 ,   2.40516711E-05 ,  -5.66221699E-02
  -1.20000005     ,  0.500000000     ,  0.150000006     ,  -2.3950702718451766      ,   1.20903009E-04 ,  0.98637737499999456      ,   1.66803293E-04 ,  0.666632473     ,   2.7883749559754504E-003 ,   3.23133063E-05 ,  -2.27198415E-02
  -1.20000005     ,  0.500000000     ,  0.159999996     ,  -2.3928386974182092      ,   1.61436939E-04 ,  0.97972312499999881      ,   2.58998421E-04 ,  0.666609347     ,   3.2701249578967690E-003 ,   4.24230529E-05 ,  -4.94368896E-02
  -1.20000005     ,  0.500000000     ,  0.170000002     ,  -2.3898242231210634      ,   2.06482568E-04 ,  0.97012899999999658      ,   4.10863489E-04 ,  0.666568100     ,   3.8899999598972501E-003 ,   5.33571329E-05 ,  -3.12892944E-02
  -1.20000005     ,  0.500000000     ,  0.180000007     ,  -2.3859322239336040      ,   2.75875995E-04 ,  0.95682062499999943      ,   7.24502665E-04 ,  0.666478336     ,   4.4253749617375431E-003 ,   6.34129829E-05 ,   1.07021863E-02
  -1.20000005     ,  0.500000000     ,  0.189999998     ,  -2.3810011748346902      ,   3.39400285E-04 ,  0.93867100000000248      ,   1.14015792E-03 ,  0.666341782     ,   5.0387499653035779E-003 ,   7.85841985E-05 ,  -2.64169183E-02
  -1.20000005     ,  0.500000000     ,  0.199999988     ,  -2.3745682507866079      ,   4.35670750E-04 ,  0.91144475000000036      ,   2.30185129E-03 ,  0.665943503     ,   5.6737499647075314E-003 ,   9.24678170E-05 ,   5.46015566E-03
  -1.20000005     ,  0.500000000     ,  0.210000008     ,  -2.3659098517830639      ,   6.26847206E-04 ,  0.86607462499999988      ,   6.28357893E-03 ,  0.664438486     ,   6.4438749689375982E-003 ,   1.14820265E-04 ,  -3.12427524E-03
  -1.20000005     ,  0.500000000     ,  0.219999999     ,  -2.3546023277794199      ,   8.68122384E-04 ,  0.78648500000000077      ,   1.87058393E-02 ,  0.658479631     ,   7.1979999697767199E-003 ,   1.39926342E-04 ,  -2.99701672E-02
  -1.20000005     ,  0.500000000     ,  0.229999989     ,  -2.3375258787829818      ,   1.30318094E-03 ,  0.52974650000000167      ,  0.227667347     ,  0.547059834     ,   8.1689999766880652E-003 ,   1.61964432E-04 ,   3.56134325E-02
  -1.20000005     ,  0.500000000     ,  0.240000010     ,  -2.3208584041059437      ,   7.50493666E-04 ,  0.26047262500000068      ,  0.116321549     ,  0.288827628     ,   9.0056249776389458E-003 ,   1.96435401E-04 ,  -1.35547509E-02
  -1.20000005     ,  0.500000000     ,  0.250000000     ,  -2.3104214285891556      ,   5.28952340E-04 ,  0.14814149999999998      ,   4.48391587E-02 ,  0.117211215     ,   9.3977499720407642E-003 ,   2.02505427E-04 ,  -7.60894269E-03
  -1.20000005     ,  0.500000000     ,  0.259999990     ,  -2.3026202026575975      ,   4.46293619E-04 ,  0.11828800000000046      ,   2.83009335E-02 ,   9.54402238E-02 ,   9.9964999810792498E-003 ,   2.23426643E-04 ,  -1.72167383E-02
  -1.20000005     ,  0.500000000     ,  0.270000011     ,  -2.2964019516964034      ,   3.64264066E-04 ,   9.3783000000000616E-002 ,   1.78970862E-02 ,   7.55231008E-02 ,   1.0190499980142339E-002 ,   2.21711656E-04 ,   4.77060536E-03
  -1.20000005     ,  0.500000000     ,  0.280000001     ,  -2.2906662755352745      ,   3.12393531E-04 ,   8.4299500000000291E-002 ,   1.37499962E-02 ,   5.53168431E-02 ,   1.0529749979474581E-002 ,   2.28516699E-04 ,   8.12699087E-03
  -1.20000005     ,  0.500000000     ,  0.289999992     ,  -2.2860109494279603      ,   2.93428195E-04 ,   7.6060000000000128E-002 ,   1.16984891E-02 ,  -1.01462305E-02 ,   1.0962499983236194E-002 ,   2.36220381E-04 ,   5.72524406E-03
  -1.20000005     ,  0.500000000     ,  0.299999982     ,  -2.2817207482144486      ,   2.57307140E-04 ,   6.7679000000000378E-002 ,   8.52937717E-03 ,   1.06786350E-02 ,   1.1310999976634048E-002 ,   2.44289695E-04 ,  -1.16303330E-02
  -1.29999995     ,  0.500000000     ,  0.150000006     ,  -2.5995697420331427      ,   1.46703514E-05 ,  0.99927000000002408      ,   6.53691586E-06 ,  0.666665375     ,   5.3799998797476292E-004 ,   3.79328981E-06 , -0.625804245    
  -1.29999995     ,  0.500000000     ,  0.200000003     ,  -2.5964970288854121      ,   7.28681043E-05 ,  0.99375825000000861      ,   5.30855978E-05 ,  0.666652381     ,   1.9259999619098381E-003 ,   1.24385570E-05 ,  -7.73850605E-02
  -1.29999995     ,  0.500000000     ,  0.250000000     ,  -2.5863384271185574      ,   1.99402668E-04 ,  0.97358974999999848      ,   2.49379780E-04 ,  0.666579425     ,   3.6997499577002598E-003 ,   3.16898986E-05 ,   2.99520250E-02
  -1.29999995     ,  0.500000000     ,  0.300000012     ,  -2.5619555117382244      ,   4.37564857E-04 ,  0.91132387499999845      ,   1.54817081E-03 ,  0.665934205     ,   5.5883749672211705E-003 ,   6.06361536E-05 ,  -1.92553755E-02
  -1.29999995     ,  0.500000000     ,  0.349999994     ,  -2.4973384335213868      ,   1.11103640E-03 ,  0.46710812499999993      ,  0.100537010     ,  0.525035322     ,   8.3711249811109154E-003 ,   1.13618000E-04 ,   1.44468518E-02
  -1.29999995     ,  0.500000000     ,  0.400000006     ,  -2.4474017105263970      ,   3.89325316E-04 ,  0.10104437500000041      ,   1.36525948E-02 ,   7.48522431E-02 ,   1.0288874984323047E-002 ,   1.52156616E-04 ,   1.73239242E-02
  -1.29999995     ,  0.500000000     ,  0.449999988     ,  -2.4227373642952146      ,   2.53114325E-04 ,   6.9524250000000190E-002 ,   6.25167042E-03 ,  -1.03274249E-02 ,   1.1245999986771494E-002 ,   1.60542331E-04 ,   3.61873116E-03
  -1.29999995     ,  0.500000000     ,  0.500000000     ,  -2.4057403431398945      ,   1.81758529E-04 ,   5.3848750000000334E-002 ,   3.38331424E-03 ,  -1.38128679E-02 ,   1.1874499989487230E-002 ,   1.60546246E-04 ,   1.02327904E-03
  -1.29999995     ,  0.500000000     ,  0.550000012     ,  -2.3932986716384064      ,   1.33040347E-04 ,   4.6135000000000315E-002 ,   2.15679687E-03 ,   3.20587158E-02 ,   1.2551999991876074E-002 ,   1.65280871E-04 ,   4.90750512E-03
  -1.29999995     ,  0.500000000     ,  0.600000024     ,  -2.3836929747790228      ,   1.08952947E-04 ,   4.1880125000000205E-002 ,   1.67485094E-03 ,  -1.41209820E-02 ,   1.3028624988207593E-002 ,   1.61652744E-04 ,   1.00834277E-02
  -1.29999995     ,  0.500000000     ,  0.650000036     ,  -2.3757874151341865      ,   8.59237043E-05 ,   3.8100750000000190E-002 ,   1.24568748E-03 ,   2.06967369E-02 ,   1.3431999993580393E-002 ,   1.60609314E-04 ,  -2.01707333E-02
  -1.29999995     ,  0.500000000     ,  0.700000048     ,  -2.3696118050504764      ,   7.24597630E-05 ,   3.5751125000000016E-002 ,   1.03213929E-03 ,   6.20897487E-03 ,   1.3806124998442828E-002 ,   1.57679649E-04 ,  -1.98607314E-02
  -1.29999995     ,  0.500000000     ,  0.750000060     ,  -2.3643411821698765      ,   6.16069665E-05 ,   3.4402500000000037E-002 ,   8.85821006E-04 ,   1.70274060E-02 ,   1.4273249991191551E-002 ,   1.54510359E-04 ,   3.21028614E-03
  -1.29999995     ,  0.500000000     ,  0.800000012     ,  -2.3596548841720097      ,   5.35363542E-05 ,   3.2196124999999950E-002 ,   7.40662101E-04 ,   2.61214725E-03 ,   1.4343374997284263E-002 ,   1.52299530E-04 ,  -2.35521514E-02
  -1.29999995     ,  0.500000000     ,  0.850000024     ,  -2.3558697858822493      ,   4.50127845E-05 ,   3.1400750000000019E-002 ,   6.90209272E-04 ,  -2.16763318E-02 ,   1.4628499994985760E-002 ,   1.44710415E-04 ,  -1.54564939E-02
  -1.29999995     ,  0.500000000     ,  0.900000036     ,  -2.3524284874143513      ,   3.97912117E-05 ,   2.9987249999999733E-002 ,   5.84352936E-04 ,  -1.76674910E-02 ,   1.4821249988465570E-002 ,   1.39764845E-04 ,  -2.59018410E-03
  -1.29999995     ,  0.500000000     ,  0.950000048     ,  -2.3494323513092810      ,   3.65966043E-05 ,   2.9131124999999702E-002 ,   4.90373233E-04 ,   2.40227729E-02 ,   1.4986875000409782E-002 ,   1.37049967E-04 ,   7.76848150E-03
  -1.29999995     ,  0.500000000     ,   1.00000000     ,  -2.3466306901254517      ,   3.12099328E-05 ,   2.8470124999999614E-002 ,   4.78818081E-04 ,  -2.97706220E-02 ,   1.5424624990136363E-002 ,   1.34875168E-04 ,   1.14973318E-02
