 Parameters in this simulation
 L=          40
 Alphadd=   1.00000000      Alphauu=    1.00000000    
 p+=  0.500000000    
 MCS=               100000
 aver=           1
At Density=  0.5
At alfa= -1.0
 At T=   1.99999995E-05
 At T=   2.99999992E-05
 At T=   3.99999990E-05
 At T=   4.99999987E-05
 At T=   5.99999985E-05
 At T=   6.99999946E-05
 At T=   7.99999980E-05
 At T=   9.00000014E-05
 At T=   1.00000005E-04
 At T=   1.09999994E-04
 At T=   1.19999997E-04
 At T=   1.30000000E-04
 At T=   1.40000004E-04
 At T=   1.49999993E-04
 At T=   1.59999996E-04
 At T=   1.69999999E-04
 At T=   1.80000003E-04
 At T=   1.90000006E-04
 At T=   1.99999995E-04
 At T=   2.09999998E-04
 At T=   2.20000002E-04
 At T=   2.29999991E-04
 At T=   2.39999994E-04
 At T=   2.49999983E-04
 At T=   2.59999972E-04
 At T=   2.69999990E-04
 At T=   2.79999978E-04
 At T=   2.89999967E-04
 At T=   2.99999985E-04
 At T=   3.09999974E-04
 At T=   3.19999992E-04
 At T=   3.29999981E-04
 At T=   3.39999970E-04
 At T=   3.49999988E-04
 At T=   3.59999976E-04
 At T=   3.69999994E-04
 At T=   3.79999983E-04
 At T=   3.89999972E-04
 At T=   3.99999990E-04
 At T=   4.09999979E-04
 At T=   4.19999968E-04
 At T=   4.29999985E-04
 At T=   4.39999974E-04
 At T=   4.49999963E-04
 At T=   4.59999981E-04
 At T=   4.69999970E-04
 At T=   4.79999988E-04
 At T=   4.90000006E-04
 At T=   5.00000024E-04
 At T=   5.09999983E-04
 At T=   5.20000001E-04
 At T=   5.30000019E-04
 At T=   5.39999979E-04
 At T=   5.49999997E-04
 At T=   5.60000015E-04
 At T=   5.69999975E-04
 At T=   5.79999993E-04
 At T=   5.90000011E-04
 At T=   6.00000028E-04
 At T=   6.09999988E-04
 At T=   6.20000006E-04
 At T=   6.30000024E-04
 At T=   6.39999984E-04
 At T=   6.50000002E-04
 At T=   6.60000020E-04
 At T=   6.69999979E-04
 At T=   6.79999997E-04
 At T=   6.90000015E-04
 At T=   6.99999975E-04
 At T=   7.09999993E-04
 At T=   7.20000011E-04
 At T=   7.30000029E-04
 At T=   7.39999989E-04
 At T=   7.50000007E-04
 At T=   7.60000024E-04
 At T=   7.69999984E-04
 At T=   7.80000002E-04
 At T=   7.90000020E-04
 At T=   7.99999980E-04
 At T=   8.09999998E-04
 At T=   8.20000016E-04
 At T=   8.29999975E-04
 At T=   8.39999993E-04
 At T=   8.50000011E-04
 At T=   8.59999971E-04
 At T=   8.69999989E-04
 At T=   8.80000007E-04
 At T=   8.89999967E-04
 At T=   8.99999985E-04
 At T=   9.10000002E-04
 At T=   9.20000020E-04
 At T=   9.29999980E-04
 At T=   9.39999998E-04
 At T=   9.50000016E-04
 At T=   9.59999976E-04
 At T=   9.69999994E-04
 At T=   9.80000012E-04
 At T=   9.89999971E-04
 At T=   9.99999931E-04
 At T=   1.00999989E-03
 At T=   1.01999997E-03
 At T=   1.02999993E-03
 At T=   1.03999989E-03
 At T=   1.04999996E-03
 At T=   1.05999992E-03
 At T=   1.06999988E-03
 At T=   1.07999996E-03
 At T=   1.08999992E-03
 At T=   1.09999988E-03
 At T=   1.10999995E-03
 At T=   1.11999991E-03
 At T=   1.12999987E-03
 At T=   1.13999995E-03
 At T=   1.14999991E-03
 At T=   1.15999999E-03
 At T=   1.16999994E-03
 At T=   1.17999990E-03
 At T=   1.18999998E-03
 At T=   1.19999994E-03
 At T=   1.20999990E-03
 At T=   1.21999998E-03
 At T=   1.22999994E-03
 At T=   1.23999990E-03
 At T=   1.24999997E-03
 At T=   1.25999993E-03
 At T=   1.26999989E-03
 At T=   1.27999997E-03
 At T=   1.28999993E-03
 At T=   1.29999989E-03
 At T=   1.30999996E-03
 At T=   1.31999992E-03
 At T=   1.32999988E-03
 At T=   1.33999996E-03
 At T=   1.34999992E-03
 At T=   1.35999988E-03
 At T=   1.36999995E-03
 At T=   1.37999991E-03
 At T=   1.38999987E-03
 At T=   1.39999995E-03
 At T=   1.40999991E-03
 At T=   1.41999987E-03
 At T=   1.42999995E-03
 At T=   1.43999991E-03
 At T=   1.44999998E-03
 At T=   1.45999994E-03
 At T=   1.46999990E-03
 At T=   1.47999998E-03
 At T=   1.48999994E-03
 At T=   1.49999990E-03
 At T=   1.50999997E-03
 At T=   1.51999993E-03
 At T=   1.52999989E-03
 At T=   1.53999997E-03
 At T=   1.54999993E-03
 At T=   1.55999989E-03
 At T=   1.56999996E-03
 At T=   1.57999992E-03
 At T=   1.58999988E-03
 At T=   1.59999996E-03
 At T=   1.60999992E-03
 At T=   1.61999988E-03
 At T=   1.62999996E-03
 At T=   1.63999991E-03
 At T=   1.64999987E-03
 At T=   1.65999995E-03
 At T=   1.66999991E-03
 At T=   1.67999987E-03
 At T=   1.68999995E-03
 At T=   1.69999991E-03
 At T=   1.70999987E-03
 At T=   1.71999994E-03
 At T=   1.72999990E-03
 At T=   1.73999986E-03
 At T=   1.74999994E-03
 At T=   1.75999990E-03
 At T=   1.76999986E-03
 At T=   1.77999993E-03
 At T=   1.78999989E-03
 At T=   1.79999997E-03
 At T=   1.80999993E-03
 At T=   1.81999989E-03
 At T=   1.82999996E-03
 At T=   1.83999992E-03
 At T=   1.84999988E-03
 At T=   1.85999996E-03
 At T=   1.86999992E-03
 At T=   1.87999988E-03
 At T=   1.88999996E-03
 At T=   1.89999992E-03
 At T=   1.90999988E-03
 At T=   1.91999995E-03
 At T=   1.92999991E-03
 At T=   1.93999987E-03
 At T=   1.94999995E-03
 At T=   1.96000002E-03
 At T=   1.97000010E-03
 At T=   1.97999994E-03
 At T=   1.99000002E-03
 At T=   2.00000009E-03
