 Alfa,posDsty,Temperatura,Energia,Cv,magnetANTI,SusceptAnti,cumulantAnti,magnetFerro,SusceptFerro,cumulantFerro
  -1.00000000     ,  0.500000000     ,   1.99999995E-05 ,  -2.0000000000000000      ,   0.00000000     ,   1.9922999999999275E-002 ,   11.1660786     ,   3.05814613E-02 ,   1.9785999965993686E-002 ,   11.1631479     ,   1.26034180E-02
  -1.00000000     ,  0.500000000     ,   2.99999992E-05 ,  -2.0000000000000000      ,   0.00000000     ,   1.9609999999999256E-002 ,   7.45968056     ,  -3.77258612E-03 ,   1.9795499962707980E-002 ,   7.53477335     ,  -5.63968858E-03
  -1.00000000     ,  0.500000000     ,   3.99999990E-05 ,  -2.0000000000000000      ,   0.00000000     ,   1.9727499999999256E-002 ,   5.70439339     ,  -2.04029121E-02 ,   1.9742249964317306E-002 ,   5.61482334     ,  -8.10525753E-03
  -1.00000000     ,  0.500000000     ,   4.99999987E-05 ,  -2.0000000000000000      ,   0.00000000     ,   2.0050499999999326E-002 ,   4.66417408     ,   5.02205978E-04 ,   1.9989749965677039E-002 ,   4.52803564     ,  -4.32865787E-03
  -1.00000000     ,  0.500000000     ,   5.99999985E-05 ,  -2.0000000000000000      ,   0.00000000     ,   2.0020499999999105E-002 ,   3.79091001     ,   6.62538805E-04 ,   2.0232499962206930E-002 ,   3.87284946     ,   1.87289435E-02
  -1.00000000     ,  0.500000000     ,   6.99999946E-05 ,  -2.0000000000000000      ,   0.00000000     ,   1.9811749999999226E-002 ,   3.25171733     ,  -1.69438440E-02 ,   1.9844499966315925E-002 ,   3.25185132     ,  -1.19533238E-03
  -1.00000000     ,  0.500000000     ,   7.99999980E-05 ,  -2.0000000000000000      ,   0.00000000     ,   1.9863749999999219E-002 ,   2.90824461     ,  -8.73038825E-03 ,   1.9781999953789636E-002 ,   2.83514023     ,  -1.88745651E-02
  -1.00000000     ,  0.500000000     ,   9.00000014E-05 ,  -2.0000000000000000      ,   0.00000000     ,   2.0153499999999179E-002 ,   2.57941890     ,   8.63206666E-03 ,   2.0026749976584688E-002 ,   2.53683233     ,  -7.43735023E-03
  -1.00000000     ,  0.500000000     ,   1.00000005E-04 ,  -2.0000000000000000      ,   0.00000000     ,   1.9778999999999214E-002 ,   2.23991156     ,   1.34867020E-02 ,   2.0197749952133744E-002 ,   2.32941532     ,   1.77603983E-03
  -1.00000000     ,  0.500000000     ,   1.09999994E-04 ,  -2.0000000000000000      ,   0.00000000     ,   1.9905749999999178E-002 ,   1.99912953     ,   3.97391915E-02 ,   1.9673499973071738E-002 ,   2.05200815     ,  -1.40190925E-02
  -1.00000000     ,  0.500000000     ,   1.19999997E-04 ,  -2.0000000000000000      ,   0.00000000     ,   1.9738999999999313E-002 ,   1.84746373     ,   3.58823780E-03 ,   1.9960249960981308E-002 ,   1.90329432     ,  -1.02170641E-02
  -1.00000000     ,  0.500000000     ,   1.30000000E-04 ,  -2.0000000000000000      ,   0.00000000     ,   2.0122749999999166E-002 ,   1.76922548     ,  -8.88720606E-05 ,   1.9868499959912151E-002 ,   1.75173235     ,  -8.19873344E-03
  -1.00000000     ,  0.500000000     ,   1.40000004E-04 ,  -2.0000000000000000      ,   0.00000000     ,   1.9950499999999240E-002 ,   1.59382176     ,   1.71103068E-02 ,   1.9993499961309134E-002 ,   1.62732112     ,   2.00018100E-03
  -1.00000000     ,  0.500000000     ,   1.49999993E-04 ,  -2.0000000000000000      ,   0.00000000     ,   1.9579999999999244E-002 ,   1.46517408     ,  -1.62000884E-03 ,   1.9533749959990382E-002 ,   1.48242998     ,  -4.50562686E-03
  -1.00000000     ,  0.500000000     ,   1.59999996E-04 ,  -2.0000000000000000      ,   0.00000000     ,   1.9888749999999306E-002 ,   1.42767656     ,  -3.42212780E-03 ,   1.9783749969815835E-002 ,   1.40534449     ,   7.94714689E-03
  -1.00000000     ,  0.500000000     ,   1.69999999E-04 ,  -2.0000000000000000      ,   0.00000000     ,   1.9608749999999342E-002 ,   1.30974293     ,  -1.95421372E-02 ,   1.9909999954281374E-002 ,   1.34561419     ,  -6.80970075E-03
  -1.00000000     ,  0.500000000     ,   1.80000003E-04 ,  -2.0000000000000000      ,   0.00000000     ,   1.9834999999999048E-002 ,   1.27759874     ,  -6.10175729E-03 ,   2.0321749952901154E-002 ,   1.29367840     ,  -3.30405752E-03
  -1.00000000     ,  0.500000000     ,   1.90000006E-04 ,  -2.0000000000000000      ,   0.00000000     ,   1.9779499999999277E-002 ,   1.18242168     ,  -2.21647434E-02 ,   1.9997249953402206E-002 ,   1.21191108     ,   7.01977918E-03
  -1.00000000     ,  0.500000000     ,   1.99999995E-04 ,  -2.0000000000000000      ,   0.00000000     ,   2.0271749999999228E-002 ,   1.14461517     ,   2.26172470E-02 ,   1.9858249976392836E-002 ,   1.12298393     ,   5.84774837E-03
  -1.00000000     ,  0.500000000     ,   2.09999998E-04 ,  -2.0000000000000000      ,   0.00000000     ,   1.9822749999999174E-002 ,   1.07370460     ,   7.82934204E-03 ,   1.9794249975821004E-002 ,   1.08103359     ,   2.02250178E-03
  -1.00000000     ,  0.500000000     ,   2.20000002E-04 ,  -2.0000000000000000      ,   0.00000000     ,   2.0051749999999171E-002 ,   1.02567255     ,   2.39926092E-02 ,   1.9853999971877784E-002 ,  0.987459958     ,   3.78470421E-02
  -1.00000000     ,  0.500000000     ,   2.29999991E-04 ,  -2.0000000000000000      ,   0.00000000     ,   2.0027749999999341E-002 ,  0.959657013     ,   3.20646986E-02 ,   1.9767999965650960E-002 ,  0.964722514     ,   3.01005319E-02
  -1.00000000     ,  0.500000000     ,   2.39999994E-04 ,  -2.0000000000000000      ,   0.00000000     ,   1.9862249999999183E-002 ,  0.943621516     ,   6.89005712E-04 ,   2.0176499962015076E-002 ,  0.964589000     ,   1.29326098E-02
  -1.00000000     ,  0.500000000     ,   2.49999983E-04 ,  -2.0000000000000000      ,   0.00000000     ,   2.0276249999999198E-002 ,  0.944187284     ,   2.29740571E-02 ,   1.9924749956978485E-002 ,  0.913334906     ,  -5.79685625E-03
  -1.00000000     ,  0.500000000     ,   2.59999972E-04 ,  -2.0000000000000000      ,   0.00000000     ,   2.0217249999999139E-002 ,  0.929816186     ,  -3.90497521E-02 ,   1.9954249963629992E-002 ,  0.875157893     ,   3.12454603E-03
  -1.00000000     ,  0.500000000     ,   2.69999990E-04 ,  -2.0000000000000000      ,   0.00000000     ,   1.9814749999999298E-002 ,  0.854268789     ,  -1.17066018E-02 ,   1.9596999960532411E-002 ,  0.829185545     ,  -8.34415015E-03
  -1.00000000     ,  0.500000000     ,   2.79999978E-04 ,  -2.0000000000000000      ,   0.00000000     ,   1.9716499999999217E-002 ,  0.802793384     ,  -3.28307389E-04 ,   2.0060249959863722E-002 ,  0.815734923     ,   5.56926290E-03
  -1.00000000     ,  0.500000000     ,   2.89999967E-04 ,  -2.0000000000000000      ,   0.00000000     ,   1.9905249999999219E-002 ,  0.782846332     ,   6.56338735E-03 ,   1.9748249973403291E-002 ,  0.790408731     ,  -2.80398000E-02
  -1.00000000     ,  0.500000000     ,   2.99999985E-04 ,  -2.0000000000000000      ,   0.00000000     ,   1.9836249999999264E-002 ,  0.758212745     ,  -1.28740733E-02 ,   1.9827999971201642E-002 ,  0.760584772     ,  -4.14902717E-02
  -1.00000000     ,  0.500000000     ,   3.09999974E-04 ,  -2.0000000000000000      ,   0.00000000     ,   2.0048249999999195E-002 ,  0.756583273     ,   5.42666344E-03 ,   2.0133999979635702E-002 ,  0.741942108     ,   1.63689721E-02
  -1.00000000     ,  0.500000000     ,   3.19999992E-04 ,  -2.0000000000000000      ,   0.00000000     ,   1.9829249999999302E-002 ,  0.696387410     ,   2.60375664E-02 ,   1.9624999960931019E-002 ,  0.684755862     ,   2.37576645E-02
  -1.00000000     ,  0.500000000     ,   3.29999981E-04 ,  -2.0000000000000000      ,   0.00000000     ,   2.0045749999999148E-002 ,  0.688309968     ,   1.32477209E-02 ,   2.0009749962436034E-002 ,  0.698971331     ,   6.04569027E-03
  -1.00000000     ,  0.500000000     ,   3.39999970E-04 ,  -2.0000000000000000      ,   0.00000000     ,   1.9733499999999286E-002 ,  0.653324246     ,   7.56148016E-04 ,   2.0031249952595680E-002 ,  0.668826222     ,   1.30305868E-02
  -1.00000000     ,  0.500000000     ,   3.49999988E-04 ,  -2.0000000000000000      ,   0.00000000     ,   1.9862249999999231E-002 ,  0.643101215     ,  -8.48257169E-03 ,   2.0015249968552962E-002 ,  0.649583340     ,   1.42435553E-02
  -1.00000000     ,  0.500000000     ,   3.59999976E-04 ,  -2.0000000000000000      ,   0.00000000     ,   1.9862249999999256E-002 ,  0.632813692     ,  -9.87516716E-03 ,   2.0321499965991825E-002 ,  0.646792829     ,  -5.57464641E-03
  -1.00000000     ,  0.500000000     ,   3.69999994E-04 ,  -2.0000000000000000      ,   0.00000000     ,   2.0304749999999247E-002 ,  0.627071619     ,   1.11261262E-02 ,   2.0067249958915637E-002 ,  0.595932007     ,   2.82156430E-02
  -1.00000000     ,  0.500000000     ,   3.79999983E-04 ,  -2.0000000000000000      ,   0.00000000     ,   1.9796499999999332E-002 ,  0.594134450     ,  -2.83290278E-02 ,   2.0204499968886375E-002 ,  0.603837371     ,   2.37311609E-02
  -1.00000000     ,  0.500000000     ,   3.89999972E-04 ,  -2.0000000000000000      ,   0.00000000     ,   1.9954749999999258E-002 ,  0.582772017     ,   8.88597500E-03 ,   2.0041499970620498E-002 ,  0.602710366     ,  -5.13869105E-03
  -1.00000000     ,  0.500000000     ,   3.99999990E-04 ,  -2.0000000000000000      ,   0.00000000     ,   1.9614499999999202E-002 ,  0.556972206     ,  -2.33091693E-03 ,   1.9596499950811266E-002 ,  0.558102369     ,  -6.17163721E-03
  -1.00000000     ,  0.500000000     ,   4.09999979E-04 ,  -2.0000000000000000      ,   0.00000000     ,   2.0018499999999263E-002 ,  0.555800974     ,  -1.33246640E-02 ,   2.0122999975783751E-002 ,  0.558362484     ,   1.68679208E-02
  -1.00000000     ,  0.500000000     ,   4.19999968E-04 ,  -2.0000000000000000      ,   0.00000000     ,   2.0023249999999264E-002 ,  0.539521098     ,   1.06113665E-02 ,   1.9898999958345667E-002 ,  0.528118610     ,   8.41848925E-03
  -1.00000000     ,  0.500000000     ,   4.29999985E-04 ,  -2.0000000000000000      ,   0.00000000     ,   1.9997249999999269E-002 ,  0.521838665     ,   1.48041360E-02 ,   1.9814499959303067E-002 ,  0.528425813     ,  -2.68016215E-02
  -1.00000000     ,  0.500000000     ,   4.39999974E-04 ,  -2.0000000000000000      ,   0.00000000     ,   1.9836999999999359E-002 ,  0.511433959     ,   1.70735251E-02 ,   2.0070749971829355E-002 ,  0.525188923     ,   1.06402319E-02
  -1.00000000     ,  0.500000000     ,   4.49999963E-04 ,  -2.0000000000000000      ,   0.00000000     ,   2.0141249999999292E-002 ,  0.510890424     ,   1.07567403E-02 ,   1.9907999973185361E-002 ,  0.511370122     ,  -2.67349035E-02
  -1.00000000     ,  0.500000000     ,   4.59999981E-04 ,  -2.0000000000000000      ,   0.00000000     ,   1.9933249999999153E-002 ,  0.501575947     ,  -2.62759831E-02 ,   1.9993999960226938E-002 ,  0.504179299     ,  -1.24266278E-02
  -1.00000000     ,  0.500000000     ,   4.69999970E-04 ,  -2.0000000000000000      ,   0.00000000     ,   1.9951749999999269E-002 ,  0.492155969     ,   3.69823072E-03 ,   2.0028749970579521E-002 ,  0.492699057     ,  -4.76616959E-04
  -1.00000000     ,  0.500000000     ,   4.79999988E-04 ,  -2.0000000000000000      ,   0.00000000     ,   1.9885249999999195E-002 ,  0.475953072     ,  -1.13947354E-02 ,   1.9973499965900556E-002 ,  0.471704304     ,   1.99440587E-02
  -1.00000000     ,  0.500000000     ,   4.90000006E-04 ,  -2.0000000000000000      ,   0.00000000     ,   1.9973999999999294E-002 ,  0.464529216     ,   1.73224360E-02 ,   1.9861249974789098E-002 ,  0.457770646     ,   2.10866239E-03
  -1.00000000     ,  0.500000000     ,   5.00000024E-04 ,  -2.0000000000000000      ,   0.00000000     ,   1.9704999999999234E-002 ,  0.446213424     ,  -2.78370432E-03 ,   2.0297999966377392E-002 ,  0.475012362     ,   2.60529271E-03
  -1.00000000     ,  0.500000000     ,   5.09999983E-04 ,  -2.0000000000000000      ,   0.00000000     ,   1.9810999999999204E-002 ,  0.441118717     ,   8.73635150E-03 ,   1.9635999957285821E-002 ,  0.448740244     ,  -4.32725810E-02
  -1.00000000     ,  0.500000000     ,   5.20000001E-04 ,  -2.0000000000000000      ,   0.00000000     ,   2.0094499999999182E-002 ,  0.435554951     ,   1.25588253E-02 ,   1.9746749962866305E-002 ,  0.435161531     ,  -1.35437213E-02
  -1.00000000     ,  0.500000000     ,   5.30000019E-04 ,  -2.0000000000000000      ,   0.00000000     ,   1.9902749999999268E-002 ,  0.422495097     ,   2.50869989E-02 ,   2.0261999962804839E-002 ,  0.431828022     ,  -3.94357508E-03
  -1.00000000     ,  0.500000000     ,   5.39999979E-04 ,  -2.0000000000000000      ,   0.00000000     ,   1.9628249999999257E-002 ,  0.414803118     ,  -3.28302160E-02 ,   2.0127749969111756E-002 ,  0.423998743     ,   5.82973612E-03
  -1.00000000     ,  0.500000000     ,   5.49999997E-04 ,  -2.0000000000000000      ,   0.00000000     ,   1.9965999999999325E-002 ,  0.413893372     ,  -5.94173116E-06 ,   2.0095999967353419E-002 ,  0.416228712     ,  -1.30179874E-03
  -1.00000000     ,  0.500000000     ,   5.60000015E-04 ,  -2.0000000000000000      ,   0.00000000     ,   1.9982499999999206E-002 ,  0.401693642     ,   1.45568764E-02 ,   1.9899249951215461E-002 ,  0.406241894     ,   5.27052395E-03
  -1.00000000     ,  0.500000000     ,   5.69999975E-04 ,  -2.0000000000000000      ,   0.00000000     ,   1.9869999999999222E-002 ,  0.394707203     ,  -6.56966935E-04 ,   2.0037499956600369E-002 ,  0.395405442     ,   3.46695408E-02
  -1.00000000     ,  0.500000000     ,   5.79999993E-04 ,  -2.0000000000000000      ,   0.00000000     ,   1.9866999999999191E-002 ,  0.392521232     ,   8.68543796E-03 ,   1.9735249958233909E-002 ,  0.387985826     ,   2.50784704E-03
  -1.00000000     ,  0.500000000     ,   5.90000011E-04 ,  -2.0000000000000000      ,   0.00000000     ,   2.0152499999999230E-002 ,  0.391780496     ,  -9.61469766E-03 ,   2.0093999971356243E-002 ,  0.386338860     ,   1.61917824E-02
  -1.00000000     ,  0.500000000     ,   6.00000028E-04 ,  -2.0000000000000000      ,   0.00000000     ,   1.9882999999999287E-002 ,  0.386831343     ,  -2.42714547E-02 ,   1.9920249963458626E-002 ,  0.386038363     ,  -1.07849762E-02
  -1.00000000     ,  0.500000000     ,   6.09999988E-04 ,  -2.0000000000000000      ,   0.00000000     ,   1.9878749999999203E-002 ,  0.369812995     ,   1.74184572E-02 ,   2.0026249970449134E-002 ,  0.379325718     ,  -5.99574484E-03
  -1.00000000     ,  0.500000000     ,   6.20000006E-04 ,  -2.0000000000000000      ,   0.00000000     ,   1.9786249999999297E-002 ,  0.358268023     ,   2.86187828E-02 ,   1.9601499965181575E-002 ,  0.371800303     ,  -4.20050621E-02
  -1.00000000     ,  0.500000000     ,   6.30000024E-04 ,  -2.0000000000000000      ,   0.00000000     ,   2.0041249999999251E-002 ,  0.363762170     ,  -3.13592819E-03 ,   2.0011749963043259E-002 ,  0.357377738     ,   1.35022998E-02
  -1.00000000     ,  0.500000000     ,   6.39999984E-04 ,  -2.0000000000000000      ,   0.00000000     ,   2.0015499999999246E-002 ,  0.351411730     ,   1.73841640E-02 ,   1.9838999959081411E-002 ,  0.352973163     ,   3.41420993E-03
  -1.00000000     ,  0.500000000     ,   6.50000002E-04 ,  -2.0000000000000000      ,   0.00000000     ,   2.0076999999999245E-002 ,  0.355812043     ,   5.71496133E-03 ,   1.9894999958714469E-002 ,  0.350288808     ,   1.47444541E-02
  -1.00000000     ,  0.500000000     ,   6.60000020E-04 ,  -2.0000000000000000      ,   0.00000000     ,   1.9745499999999232E-002 ,  0.335377246     ,  -8.71140684E-04 ,   1.9954499967535958E-002 ,  0.348063141     ,  -1.88082531E-02
  -1.00000000     ,  0.500000000     ,   6.69999979E-04 ,  -2.0000000000000000      ,   0.00000000     ,   2.0020499999999344E-002 ,  0.342137456     ,  -3.05177906E-04 ,   2.0040499962354078E-002 ,  0.346769959     ,   1.30812433E-02
  -1.00000000     ,  0.500000000     ,   6.79999997E-04 ,  -2.0000000000000000      ,   0.00000000     ,   2.0017499999999258E-002 ,  0.337139249     ,   1.27246305E-02 ,   1.9939749958319590E-002 ,  0.345164716     ,  -1.02610337E-02
  -1.00000000     ,  0.500000000     ,   6.90000015E-04 ,  -2.0000000000000000      ,   0.00000000     ,   1.9978499999999306E-002 ,  0.326251149     ,   1.44045400E-02 ,   2.0223999963980169E-002 ,  0.338345766     ,   1.05371708E-02
  -1.00000000     ,  0.500000000     ,   6.99999975E-04 ,  -2.0000000000000000      ,   0.00000000     ,   2.0080249999999168E-002 ,  0.327679217     ,   1.07486052E-02 ,   2.0033249965310095E-002 ,  0.328320771     ,  -7.19464524E-03
  -1.00000000     ,  0.500000000     ,   7.09999993E-04 ,  -2.0000000000000000      ,   0.00000000     ,   2.0143999999999322E-002 ,  0.329042971     ,  -1.83966849E-02 ,   2.0085999958217145E-002 ,  0.328410357     ,  -1.21732922E-02
  -1.00000000     ,  0.500000000     ,   7.20000011E-04 ,  -2.0000000000000000      ,   0.00000000     ,   1.9609249999999179E-002 ,  0.306445062     ,  -4.81745135E-03 ,   1.9907999961730094E-002 ,  0.317399710     ,  -1.94697198E-03
  -1.00000000     ,  0.500000000     ,   7.30000029E-04 ,  -2.0000000000000000      ,   0.00000000     ,   1.9950499999999156E-002 ,  0.314970940     ,  -1.47771668E-02 ,   1.9780499954847618E-002 ,  0.315641165     ,  -1.10693434E-02
  -1.00000000     ,  0.500000000     ,   7.39999989E-04 ,  -2.0000000000000000      ,   0.00000000     ,   1.9853249999999219E-002 ,  0.305932879     ,  -1.40985865E-02 ,   2.0053499959968031E-002 ,  0.307062000     ,   1.09902127E-02
  -1.00000000     ,  0.500000000     ,   7.50000007E-04 ,  -2.0000000000000000      ,   0.00000000     ,   2.0217249999999284E-002 ,  0.314446241     ,   1.37659814E-02 ,   1.9947999958461152E-002 ,  0.302096397     ,  -2.22213678E-02
  -1.00000000     ,  0.500000000     ,   7.60000024E-04 ,  -2.0000000000000000      ,   0.00000000     ,   1.9936999999999230E-002 ,  0.297692150     ,  -1.33052154E-03 ,   1.9913999966206030E-002 ,  0.295934349     ,   9.66314692E-03
  -1.00000000     ,  0.500000000     ,   7.69999984E-04 ,  -2.0000000000000000      ,   0.00000000     ,   1.9924249999999283E-002 ,  0.286324531     ,   2.90201288E-02 ,   1.9709249954530970E-002 ,  0.290076077     ,  -4.50275932E-03
  -1.00000000     ,  0.500000000     ,   7.80000002E-04 ,  -2.0000000000000000      ,   0.00000000     ,   1.9850999999999199E-002 ,  0.294197500     ,  -2.40671746E-02 ,   2.0247999964421615E-002 ,  0.300470829     ,   4.71069990E-03
  -1.00000000     ,  0.500000000     ,   7.90000020E-04 ,  -2.0000000000000000      ,   0.00000000     ,   1.9995999999999233E-002 ,  0.287917703     ,  -5.26501244E-05 ,   2.0063999975798653E-002 ,  0.287553340     ,   1.76879112E-02
  -1.00000000     ,  0.500000000     ,   7.99999980E-04 ,  -2.0000000000000000      ,   0.00000000     ,   2.0213749999999208E-002 ,  0.293637425     ,   1.04965279E-02 ,   1.9782499954057859E-002 ,  0.283148676     ,   2.73640384E-03
  -1.00000000     ,  0.500000000     ,   8.09999998E-04 ,  -2.0000000000000000      ,   0.00000000     ,   1.9881749999999233E-002 ,  0.281261265     ,   1.49564969E-03 ,   1.9981499962555244E-002 ,  0.278680116     ,   1.47708934E-02
  -1.00000000     ,  0.500000000     ,   8.20000016E-04 ,  -2.0000000000000000      ,   0.00000000     ,   1.9885749999999258E-002 ,  0.275297344     ,   2.34464128E-02 ,   1.9967499961610884E-002 ,  0.281785309     ,  -2.91794771E-03
  -1.00000000     ,  0.500000000     ,   8.29999975E-04 ,  -2.0000000000000000      ,   0.00000000     ,   2.0029749999999263E-002 ,  0.275986135     ,   7.69110629E-03 ,   1.9858249977137893E-002 ,  0.275098562     ,  -2.08112667E-03
  -1.00000000     ,  0.500000000     ,   8.39999993E-04 ,  -2.0000000000000000      ,   0.00000000     ,   1.9589249999999260E-002 ,  0.257954657     ,   1.57661755E-02 ,   1.9797249965788796E-002 ,  0.262377411     ,   8.35408736E-03
  -1.00000000     ,  0.500000000     ,   8.50000011E-04 ,  -2.0000000000000000      ,   0.00000000     ,   2.0077999999999294E-002 ,  0.265338421     ,   2.73652989E-02 ,   2.0113999962853266E-002 ,  0.274503827     ,  -2.45614927E-02
  -1.00000000     ,  0.500000000     ,   8.59999971E-04 ,  -2.0000000000000000      ,   0.00000000     ,   1.9981499999999278E-002 ,  0.271371722     ,  -2.94332560E-02 ,   1.9793999966699630E-002 ,  0.263194859     ,  -6.16226578E-03
  -1.00000000     ,  0.500000000     ,   8.69999989E-04 ,  -2.0000000000000000      ,   0.00000000     ,   2.0102249999999249E-002 ,  0.269188404     ,   1.02817465E-03 ,   1.9858249971922488E-002 ,  0.260167271     ,  -4.65263007E-03
  -1.00000000     ,  0.500000000     ,   8.80000007E-04 ,  -2.0000000000000000      ,   0.00000000     ,   1.9873999999999184E-002 ,  0.253055811     ,   1.09817171E-02 ,   1.9868999956920742E-002 ,  0.254837036     ,   1.33923991E-02
  -1.00000000     ,  0.500000000     ,   8.89999967E-04 ,  -2.0000000000000000      ,   0.00000000     ,   1.9911249999999329E-002 ,  0.252226412     ,  -2.81306729E-03 ,   1.9831749950535594E-002 ,  0.251717508     ,   1.55846681E-03
  -1.00000000     ,  0.500000000     ,   8.99999985E-04 ,  -2.0000000000000000      ,   0.00000000     ,   2.0081499999999267E-002 ,  0.264764845     ,  -1.90354120E-02 ,   1.9770499959401788E-002 ,  0.248141468     ,   9.37450444E-04
  -1.00000000     ,  0.500000000     ,   9.10000002E-04 ,  -2.0000000000000000      ,   0.00000000     ,   1.9860749999999230E-002 ,  0.243215650     ,   2.50519514E-02 ,   2.0111249966360628E-002 ,  0.245897815     ,   2.89242081E-02
  -1.00000000     ,  0.500000000     ,   9.20000020E-04 ,  -2.0000000000000000      ,   0.00000000     ,   2.0070249999999200E-002 ,  0.254023850     ,   2.89340597E-03 ,   1.9880249972175808E-002 ,  0.245304391     ,   7.68054603E-03
  -1.00000000     ,  0.500000000     ,   9.29999980E-04 ,  -2.0000000000000000      ,   0.00000000     ,   2.0044249999999254E-002 ,  0.245787546     ,   6.39313692E-03 ,   2.0058999954117463E-002 ,  0.251632005     ,  -2.01208908E-02
  -1.00000000     ,  0.500000000     ,   9.39999998E-04 ,  -2.0000000000000000      ,   0.00000000     ,   2.0058749999999223E-002 ,  0.251826793     ,  -2.01886538E-02 ,   1.9923499953374266E-002 ,  0.243852824     ,   1.79355906E-04
  -1.00000000     ,  0.500000000     ,   9.50000016E-04 ,  -2.0000000000000000      ,   0.00000000     ,   1.9880999999999163E-002 ,  0.235796943     ,   2.16469969E-04 ,   1.9933249966613949E-002 ,  0.238097295     ,   1.09061254E-02
  -1.00000000     ,  0.500000000     ,   9.59999976E-04 ,  -2.0000000000000000      ,   0.00000000     ,   1.9874999999999206E-002 ,  0.234458998     ,   1.54223002E-03 ,   1.9686499959789217E-002 ,  0.231544778     ,   2.18230532E-03
  -1.00000000     ,  0.500000000     ,   9.69999994E-04 ,  -2.0000000000000000      ,   0.00000000     ,   2.0060249999999193E-002 ,  0.240652829     ,  -1.00277215E-02 ,   1.9909249964309855E-002 ,  0.233380049     ,   7.43791403E-04
  -1.00000000     ,  0.500000000     ,   9.80000012E-04 ,  -2.0000000000000000      ,   0.00000000     ,   1.9823249999999241E-002 ,  0.225531250     ,   2.64873188E-02 ,   2.0000499959150330E-002 ,  0.233676016     ,   1.15101915E-02
  -1.00000000     ,  0.500000000     ,   9.89999971E-04 ,  -2.0000000000000000      ,   0.00000000     ,   1.9907749999999169E-002 ,  0.228489518     ,   2.46566418E-03 ,   2.0113249975442886E-002 ,  0.230946019     ,   4.79534036E-03
  -1.00000000     ,  0.500000000     ,   9.99999931E-04 ,  -2.0000000000000000      ,   0.00000000     ,   1.9912249999999264E-002 ,  0.225889191     ,  -2.30501662E-03 ,   1.9752999958023428E-002 ,  0.226150259     ,  -5.69379190E-03
  -1.00000000     ,  0.500000000     ,   1.00999989E-03 ,  -2.0000000000000000      ,   0.00000000     ,   1.9852499999999253E-002 ,  0.226915359     ,  -1.56504940E-02 ,   1.9703749962151049E-002 ,  0.220921174     ,  -5.27039217E-03
  -1.00000000     ,  0.500000000     ,   1.01999997E-03 ,  -2.0000000000000000      ,   0.00000000     ,   1.9810499999999301E-002 ,  0.221749127     ,  -1.44610852E-02 ,   1.9799499973934143E-002 ,  0.225092962     ,  -2.46579293E-02
  -1.00000000     ,  0.500000000     ,   1.02999993E-03 ,  -2.0000000000000000      ,   0.00000000     ,   1.9914749999999117E-002 ,  0.225009337     ,  -4.87911422E-03 ,   1.9947249967651442E-002 ,  0.221143544     ,   2.37914757E-03
  -1.00000000     ,  0.500000000     ,   1.03999989E-03 ,  -2.0000000000000000      ,   0.00000000     ,   1.9977999999999302E-002 ,  0.223414227     ,  -1.14827082E-02 ,   1.9670749971223995E-002 ,  0.216768995     ,  -3.73494960E-02
  -1.00000000     ,  0.500000000     ,   1.04999996E-03 ,  -2.0000000000000000      ,   0.00000000     ,   1.9871999999999113E-002 ,  0.216039166     ,   5.87904267E-03 ,   1.9811999971279873E-002 ,  0.214858010     ,  -6.48838468E-03
  -1.00000000     ,  0.500000000     ,   1.05999992E-03 ,  -2.0000000000000000      ,   0.00000000     ,   2.0028499999999245E-002 ,  0.213845953     ,  -8.32895562E-03 ,   1.9895999971171842E-002 ,  0.211915523     ,   2.03061793E-02
  -1.00000000     ,  0.500000000     ,   1.06999988E-03 ,  -2.0000000000000000      ,   0.00000000     ,   2.0186499999999295E-002 ,  0.215798125     ,   2.04616059E-02 ,   1.9826999962329863E-002 ,  0.215080693     ,  -3.53977568E-02
  -1.00000000     ,  0.500000000     ,   1.07999996E-03 ,  -2.0000000000000000      ,   0.00000000     ,   1.9908499999999225E-002 ,  0.212928593     ,  -1.91341061E-02 ,   1.9875249967956917E-002 ,  0.213188723     ,  -1.67379454E-02
  -1.00000000     ,  0.500000000     ,   1.08999992E-03 ,  -2.0000000000000000      ,   0.00000000     ,   2.0142749999999168E-002 ,  0.213853464     ,   3.61416955E-03 ,   1.9783749953936787E-002 ,  0.206709981     ,  -5.03412727E-03
  -1.00000000     ,  0.500000000     ,   1.09999988E-03 ,  -2.0000000000000000      ,   0.00000000     ,   1.9723749999999301E-002 ,  0.205739170     ,  -7.97011238E-03 ,   2.0166249967645853E-002 ,  0.210236832     ,   5.04896091E-03
  -1.00000000     ,  0.500000000     ,   1.10999995E-03 ,  -2.0000000000000000      ,   0.00000000     ,   1.9927999999999248E-002 ,  0.209555030     ,  -2.52917875E-02 ,   2.0380749977892264E-002 ,  0.209547892     ,   2.25643814E-02
  -1.00000000     ,  0.500000000     ,   1.11999991E-03 ,  -2.0000000000000000      ,   0.00000000     ,   1.9728499999999254E-002 ,  0.201594919     ,  -1.30236065E-02 ,   1.9842249954910948E-002 ,  0.205354482     ,  -4.15227795E-03
  -1.00000000     ,  0.500000000     ,   1.12999987E-03 ,  -2.0000000000000000      ,   0.00000000     ,   2.0009249999999226E-002 ,  0.205602273     ,  -1.48246102E-02 ,   2.0048499958543107E-002 ,  0.204816535     ,   1.21567585E-02
  -1.00000000     ,  0.500000000     ,   1.13999995E-03 ,  -2.0000000000000000      ,   0.00000000     ,   1.9973499999999176E-002 ,  0.197476357     ,  -5.85154491E-03 ,   1.9918249956751243E-002 ,  0.201656967     ,  -7.23861903E-03
  -1.00000000     ,  0.500000000     ,   1.14999991E-03 ,  -2.0000000000000000      ,   0.00000000     ,   2.0031749999999213E-002 ,  0.204049692     ,  -1.55851850E-02 ,   1.9938749955361709E-002 ,  0.199261427     ,   5.07382536E-03
  -1.00000000     ,  0.500000000     ,   1.15999999E-03 ,  -2.0000000000000000      ,   0.00000000     ,   1.9851749999999193E-002 ,  0.197749913     ,  -5.92046697E-03 ,   2.0234999966481700E-002 ,  0.198478252     ,   7.27986079E-03
  -1.00000000     ,  0.500000000     ,   1.16999994E-03 ,  -2.0000000000000000      ,   0.00000000     ,   1.9807999999999201E-002 ,  0.196311444     ,  -3.56022245E-03 ,   1.9983749971585349E-002 ,  0.192790911     ,   3.73733672E-03
  -1.00000000     ,  0.500000000     ,   1.17999990E-03 ,  -2.0000000000000000      ,   0.00000000     ,   1.9917249999999245E-002 ,  0.197893053     ,  -2.06844322E-02 ,   1.9992249969393014E-002 ,  0.194564059     ,   1.28425201E-02
  -1.00000000     ,  0.500000000     ,   1.18999998E-03 ,  -2.0000000000000000      ,   0.00000000     ,   1.9780249999999208E-002 ,  0.189840198     ,  -4.65601450E-03 ,   1.9974999954877420E-002 ,  0.194553047     ,  -1.08648110E-02
  -1.00000000     ,  0.500000000     ,   1.19999994E-03 ,  -2.0000000000000000      ,   0.00000000     ,   1.9957749999999202E-002 ,  0.192719877     ,  -1.26347821E-02 ,   1.9876249965280295E-002 ,  0.194011733     ,  -2.16642842E-02
  -1.00000000     ,  0.500000000     ,   1.20999990E-03 ,  -2.0000000000000000      ,   0.00000000     ,   1.9722749999999168E-002 ,  0.184714898     ,  -7.06099614E-04 ,   2.0202999955276028E-002 ,  0.187386408     ,   2.00716611E-02
  -1.00000000     ,  0.500000000     ,   1.21999998E-03 ,  -2.0000000000000000      ,   0.00000000     ,   1.9921749999999183E-002 ,  0.185037494     ,  -9.91911278E-04 ,   2.0048249957337977E-002 ,  0.187915608     ,  -1.90574862E-02
  -1.00000000     ,  0.500000000     ,   1.22999994E-03 ,  -2.0000000000000000      ,   0.00000000     ,   2.0146749999999151E-002 ,  0.188597843     ,   5.89465955E-03 ,   2.0008999961474910E-002 ,  0.188689992     ,  -3.80450347E-03
  -1.00000000     ,  0.500000000     ,   1.23999990E-03 ,  -2.0000000000000000      ,   0.00000000     ,   1.9875749999999158E-002 ,  0.184137255     ,   4.21585282E-03 ,   2.0007999958517028E-002 ,  0.188143104     ,  -7.75272120E-03
  -1.00000000     ,  0.500000000     ,   1.24999997E-03 ,  -2.0000000000000000      ,   0.00000000     ,   2.0115749999999252E-002 ,  0.183362782     ,   1.24169067E-02 ,   2.0043999957572670E-002 ,  0.186300457     ,  -3.55804013E-03
  -1.00000000     ,  0.500000000     ,   1.25999993E-03 ,  -2.0000000000000000      ,   0.00000000     ,   2.0147249999999211E-002 ,  0.182704523     ,   2.78728828E-02 ,   2.0048999962816016E-002 ,  0.180073500     ,  -2.75087403E-03
  -1.00000000     ,  0.500000000     ,   1.26999989E-03 ,  -2.0000000000000000      ,   0.00000000     ,   1.9940999999999202E-002 ,  0.180946097     ,  -6.55456912E-03 ,   1.9597999969264493E-002 ,  0.180699542     ,  -2.81211715E-02
  -1.00000000     ,  0.500000000     ,   1.27999997E-03 ,  -2.0000000000000000      ,   0.00000000     ,   1.9833499999999334E-002 ,  0.184197098     ,  -5.18924408E-02 ,   2.0003499969001859E-002 ,  0.178323239     ,   4.74524824E-03
  -1.00000000     ,  0.500000000     ,   1.28999993E-03 ,  -2.0000000000000000      ,   0.00000000     ,   1.9649749999999164E-002 ,  0.172873423     ,  -3.37001905E-02 ,   1.9738499963190406E-002 ,  0.170954749     ,   1.90630183E-02
  -1.00000000     ,  0.500000000     ,   1.29999989E-03 ,  -2.0000000000000000      ,   0.00000000     ,   1.9994499999999187E-002 ,  0.175055757     ,  -1.07452751E-03 ,   1.9856749967578798E-002 ,  0.173717409     ,  -1.25606693E-02
  -1.00000000     ,  0.500000000     ,   1.30999996E-03 ,  -2.0000000000000000      ,   0.00000000     ,   2.0137249999999163E-002 ,  0.177424088     ,   2.91735865E-03 ,   2.0074999971874057E-002 ,  0.174022436     ,   1.51103307E-02
  -1.00000000     ,  0.500000000     ,   1.31999992E-03 ,  -2.0000000000000000      ,   0.00000000     ,   1.9822749999999195E-002 ,  0.174324214     ,  -1.73108224E-02 ,   1.9706499958783388E-002 ,  0.165162966     ,   5.31734526E-03
  -1.00000000     ,  0.500000000     ,   1.32999988E-03 ,  -2.0000000000000000      ,   0.00000000     ,   1.9784999999999199E-002 ,  0.173197404     ,  -2.80675311E-02 ,   1.9811749962810429E-002 ,  0.171848834     ,  -1.31448647E-02
  -1.00000000     ,  0.500000000     ,   1.33999996E-03 ,  -2.0000000000000000      ,   0.00000000     ,   1.9870249999999191E-002 ,  0.170613840     ,  -7.06287567E-03 ,   1.9939749967213719E-002 ,  0.173724443     ,  -2.75505446E-02
  -1.00000000     ,  0.500000000     ,   1.34999992E-03 ,  -2.0000000000000000      ,   0.00000000     ,   1.9989749999999255E-002 ,  0.170033723     ,  -3.96040734E-03 ,   1.9693249966716394E-002 ,  0.165625215     ,   5.22763561E-03
  -1.00000000     ,  0.500000000     ,   1.35999988E-03 ,  -2.0000000000000000      ,   0.00000000     ,   2.0316999999999225E-002 ,  0.172765285     ,  -2.98070698E-03 ,   2.0057249966263770E-002 ,  0.168237031     ,   1.69338025E-02
  -1.00000000     ,  0.500000000     ,   1.36999995E-03 ,  -2.0000000000000000      ,   0.00000000     ,   1.9791999999999251E-002 ,  0.163271338     ,  -4.42193355E-03 ,   1.9714249954745175E-002 ,  0.161014766     ,   1.61772389E-02
  -1.00000000     ,  0.500000000     ,   1.37999991E-03 ,  -2.0000000000000000      ,   0.00000000     ,   2.0187749999999328E-002 ,  0.166840866     ,  -1.76845249E-02 ,   2.0070499969460070E-002 ,  0.168092430     ,  -1.53117124E-02
  -1.00000000     ,  0.500000000     ,   1.38999987E-03 ,  -2.0000000000000000      ,   0.00000000     ,   2.0228249999999282E-002 ,  0.168140143     ,  -2.82460707E-03 ,   1.9897999968286603E-002 ,  0.161482632     ,   4.89593763E-03
  -1.00000000     ,  0.500000000     ,   1.39999995E-03 ,  -2.0000000000000000      ,   0.00000000     ,   2.0056499999999176E-002 ,  0.166009337     ,  -5.60329715E-03 ,   1.9899749971041457E-002 ,  0.163950428     ,  -3.89764726E-04
  -1.00000000     ,  0.500000000     ,   1.40999991E-03 ,  -2.0000000000000000      ,   0.00000000     ,   1.9722999999999279E-002 ,  0.153415456     ,   1.27760004E-02 ,   1.9567749959789216E-002 ,  0.158649862     ,  -1.27066590E-03
  -1.00000000     ,  0.500000000     ,   1.41999987E-03 ,  -2.0000000000000000      ,   0.00000000     ,   1.9804749999999170E-002 ,  0.158839807     ,  -2.97442684E-03 ,   1.9917999956198036E-002 ,  0.157320097     ,   8.26397038E-04
  -1.00000000     ,  0.500000000     ,   1.42999995E-03 ,  -2.0000000000000000      ,   0.00000000     ,   1.9898749999999309E-002 ,  0.157920718     ,   5.25428867E-03 ,   1.9862249957118182E-002 ,  0.158625290     ,   2.52974918E-03
  -1.00000000     ,  0.500000000     ,   1.43999991E-03 ,  -2.0000000000000000      ,   0.00000000     ,   2.0008999999999218E-002 ,  0.159942672     ,  -1.34417377E-02 ,   2.0138499957276509E-002 ,  0.159826100     ,   4.33942350E-03
  -1.00000000     ,  0.500000000     ,   1.44999998E-03 ,  -2.0000000000000000      ,   0.00000000     ,   1.9702999999999180E-002 ,  0.155188292     ,  -2.13964060E-02 ,   1.9829499966232105E-002 ,  0.155066147     ,   6.87241880E-03
  -1.00000000     ,  0.500000000     ,   1.45999994E-03 ,  -2.0000000000000000      ,   0.00000000     ,   2.0120499999999233E-002 ,  0.158482358     ,   1.02194911E-02 ,   2.0024249961879105E-002 ,  0.154194385     ,   2.17555966E-02
  -1.00000000     ,  0.500000000     ,   1.46999990E-03 ,  -2.0000000000000000      ,   0.00000000     ,   1.9892499999999216E-002 ,  0.155310184     ,  -9.62003134E-03 ,   1.9843999966699631E-002 ,  0.151519164     ,   2.45679710E-02
  -1.00000000     ,  0.500000000     ,   1.47999998E-03 ,  -2.0000000000000000      ,   0.00000000     ,   1.9807749999999135E-002 ,  0.152201802     ,  -3.21456627E-03 ,   2.0011749968212100E-002 ,  0.153095767     ,  -1.07231382E-02
  -1.00000000     ,  0.500000000     ,   1.48999994E-03 ,  -2.0000000000000000      ,   0.00000000     ,   1.9820749999999235E-002 ,  0.149374008     ,   8.84449761E-03 ,   2.0081249972200021E-002 ,  0.153859258     ,   1.42717892E-02
  -1.00000000     ,  0.500000000     ,   1.49999990E-03 ,  -2.0000000000000000      ,   0.00000000     ,   2.0105499999999207E-002 ,  0.155173421     ,  -3.54223624E-02 ,   1.9995749957067890E-002 ,  0.153957903     ,  -1.12360902E-03
  -1.00000000     ,  0.500000000     ,   1.50999997E-03 ,  -2.0000000000000000      ,   0.00000000     ,   1.9678499999999266E-002 ,  0.149402574     ,  -1.54511565E-02 ,   1.9929499958828093E-002 ,  0.154469386     ,  -1.70843545E-02
  -1.00000000     ,  0.500000000     ,   1.51999993E-03 ,  -2.0000000000000000      ,   0.00000000     ,   2.0011499999999280E-002 ,  0.149349421     ,   2.65324749E-02 ,   1.9917999960249289E-002 ,  0.148021072     ,   5.51568624E-03
  -1.00000000     ,  0.500000000     ,   1.52999989E-03 ,  -2.0000000000000000      ,   0.00000000     ,   1.9921749999999259E-002 ,  0.147010297     ,   1.52863739E-02 ,   1.9836749964905902E-002 ,  0.147315517     ,   1.82223246E-02
  -1.00000000     ,  0.500000000     ,   1.53999997E-03 ,  -2.0000000000000000      ,   0.00000000     ,   1.9896499999999151E-002 ,  0.148971125     ,  -2.91978326E-02 ,   1.9878249963605776E-002 ,  0.150317073     ,  -2.70682084E-03
  -1.00000000     ,  0.500000000     ,   1.54999993E-03 ,  -2.0000000000000000      ,   0.00000000     ,   2.0303249999999207E-002 ,  0.146779791     ,   2.68019307E-02 ,   1.9976749964850025E-002 ,  0.147173449     ,  -2.09889840E-02
  -1.00000000     ,  0.500000000     ,   1.55999989E-03 ,  -2.0000000000000000      ,   0.00000000     ,   1.9967249999999218E-002 ,  0.148670405     ,  -8.73922277E-03 ,   2.0248499958775937E-002 ,  0.146989271     ,   1.26229664E-02
  -1.00000000     ,  0.500000000     ,   1.56999996E-03 ,  -2.0000000000000000      ,   0.00000000     ,   1.9813249999999134E-002 ,  0.145723417     ,  -8.72691534E-03 ,   1.9816999969445168E-002 ,  0.141097307     ,   2.17721518E-02
  -1.00000000     ,  0.500000000     ,   1.57999992E-03 ,  -2.0000000000000000      ,   0.00000000     ,   1.9903499999999276E-002 ,  0.140517846     ,   2.13946719E-02 ,   1.9762249962426721E-002 ,  0.138378397     ,   2.91346647E-02
  -1.00000000     ,  0.500000000     ,   1.58999988E-03 ,  -2.0000000000000000      ,   0.00000000     ,   1.9962499999999234E-002 ,  0.142901644     ,  -1.67046692E-02 ,   2.0203999966569245E-002 ,  0.146291450     ,   4.33137082E-03
  -1.00000000     ,  0.500000000     ,   1.59999996E-03 ,  -2.0000000000000000      ,   0.00000000     ,   2.0236749999999262E-002 ,  0.145183325     ,   8.33333252E-05 ,   1.9767499975813552E-002 ,  0.143102929     ,  -3.82444970E-02
  -1.00000000     ,  0.500000000     ,   1.60999992E-03 ,  -2.0000000000000000      ,   0.00000000     ,   2.0013499999999278E-002 ,  0.140695542     ,   1.37804830E-02 ,   2.0056249967124313E-002 ,  0.142564431     ,  -4.28828830E-03
  -1.00000000     ,  0.500000000     ,   1.61999988E-03 ,  -2.0000000000000000      ,   0.00000000     ,   1.9990999999999232E-002 ,  0.142565548     ,  -4.43815067E-03 ,   1.9780499964440243E-002 ,  0.140481845     ,  -2.57418174E-02
  -1.00000000     ,  0.500000000     ,   1.62999996E-03 ,  -2.0000000000000000      ,   0.00000000     ,   2.0185249999999197E-002 ,  0.143716291     ,  -2.34561972E-02 ,   2.0044249957567081E-002 ,  0.139588147     ,   2.42866743E-02
  -1.00000000     ,  0.500000000     ,   1.63999991E-03 ,  -2.0000000000000000      ,   0.00000000     ,   1.9818999999999330E-002 ,  0.139304727     ,   1.31527474E-02 ,   1.9906999959517269E-002 ,  0.136982530     ,   1.13154082E-02
  -1.00000000     ,  0.500000000     ,   1.64999987E-03 ,  -2.0000000000000000      ,   0.00000000     ,   1.9733999999999224E-002 ,  0.138789713     ,  -1.93661414E-02 ,   2.0086999962804841E-002 ,  0.140257552     ,   4.33005346E-03
  -1.00000000     ,  0.500000000     ,   1.65999995E-03 ,  -2.0000000000000000      ,   0.00000000     ,   1.9628749999999185E-002 ,  0.136204258     ,  -1.67977773E-02 ,   1.9658749969117345E-002 ,  0.134683251     ,  -7.99455121E-03
  -1.00000000     ,  0.500000000     ,   1.66999991E-03 ,  -2.0000000000000000      ,   0.00000000     ,   2.0139999999999200E-002 ,  0.139123753     ,  -7.73435039E-03 ,   1.9742499964078890E-002 ,  0.136743233     ,  -9.53054428E-03
  -1.00000000     ,  0.500000000     ,   1.67999987E-03 ,  -2.0000000000000000      ,   0.00000000     ,   1.9941999999999273E-002 ,  0.134716764     ,  -7.59537751E-03 ,   2.0042999961879103E-002 ,  0.133851588     ,   4.19706255E-02
  -1.00000000     ,  0.500000000     ,   1.68999995E-03 ,  -2.0000000000000000      ,   0.00000000     ,   1.9769999999999212E-002 ,  0.131896213     ,  -2.58507729E-02 ,   1.9762749958923086E-002 ,  0.133373141     ,  -2.05709692E-03
  -1.00000000     ,  0.500000000     ,   1.69999991E-03 ,  -2.0000000000000000      ,   0.00000000     ,   1.9889499999999168E-002 ,  0.135242090     ,   8.53123236E-03 ,   1.9889249967038631E-002 ,  0.136034340     ,   8.07043165E-04
  -1.00000000     ,  0.500000000     ,   1.70999987E-03 ,  -2.0000000000000000      ,   0.00000000     ,   1.9863249999999208E-002 ,  0.134807423     ,  -2.03850847E-02 ,   2.0010499963955954E-002 ,  0.137801111     ,  -2.51089670E-02
  -1.00000000     ,  0.500000000     ,   1.71999994E-03 ,  -2.0000000000000000      ,   0.00000000     ,   2.0092999999999271E-002 ,  0.136370704     ,  -7.62450881E-03 ,   1.9959249974973500E-002 ,  0.134643301     ,  -1.28444321E-02
  -1.00000000     ,  0.500000000     ,   1.72999990E-03 ,  -2.0000000000000000      ,   0.00000000     ,   1.9947999999999303E-002 ,  0.131834432     ,  -3.62425693E-03 ,   1.9845499959448353E-002 ,  0.132022336     ,  -2.55574443E-04
  -1.00000000     ,  0.500000000     ,   1.73999986E-03 ,  -2.0000000000000000      ,   0.00000000     ,   2.0058999999999268E-002 ,  0.132375166     ,  -7.81290792E-03 ,   1.9964999966137112E-002 ,  0.131168127     ,   2.20580376E-03
  -1.00000000     ,  0.500000000     ,   1.74999994E-03 ,  -2.0000000000000000      ,   0.00000000     ,   1.9697749999999230E-002 ,  0.129683152     ,  -2.16485448E-02 ,   1.9844249967066570E-002 ,  0.128584355     ,   7.63855223E-03
  -1.00000000     ,  0.500000000     ,   1.75999990E-03 ,  -2.0000000000000000      ,   0.00000000     ,   1.9851999999999297E-002 ,  0.127863273     ,  -8.47829785E-03 ,   1.9753999951621519E-002 ,  0.128685787     ,  -6.64101634E-03
  -1.00000000     ,  0.500000000     ,   1.76999986E-03 ,  -2.0000000000000000      ,   0.00000000     ,   1.9702749999999315E-002 ,  0.125823319     ,   1.67339551E-03 ,   1.9805249958997594E-002 ,  0.125202805     ,   2.99173873E-02
  -1.00000000     ,  0.500000000     ,   1.77999993E-03 ,  -2.0000000000000000      ,   0.00000000     ,   1.9966499999999304E-002 ,  0.125186175     ,   1.45768961E-02 ,   1.9848249957151710E-002 ,  0.130573094     ,  -1.98536012E-02
  -1.00000000     ,  0.500000000     ,   1.78999989E-03 ,  -2.0000000000000000      ,   0.00000000     ,   1.9884749999999209E-002 ,  0.128084421     ,   6.35741372E-03 ,   1.9704999954160304E-002 ,  0.126416475     ,  -1.23858480E-02
  -1.00000000     ,  0.500000000     ,   1.79999997E-03 ,  -2.0000000000000000      ,   0.00000000     ,   1.9927249999999171E-002 ,  0.129155740     ,  -1.48614198E-02 ,   1.9897499959683047E-002 ,  0.128674015     ,   1.95330917E-03
  -1.00000000     ,  0.500000000     ,   1.80999993E-03 ,  -2.0000000000000000      ,   0.00000000     ,   1.9635999999999161E-002 ,  0.123749316     ,  -1.09119862E-02 ,   2.0042999952845274E-002 ,  0.126559064     ,  -1.01336036E-02
  -1.00000000     ,  0.500000000     ,   1.81999989E-03 ,  -2.0000000000000000      ,   0.00000000     ,   1.9690249999999208E-002 ,  0.124154359     ,   2.44919886E-03 ,   2.0218749965354801E-002 ,  0.131357297     ,  -3.73487249E-02
  -1.00000000     ,  0.500000000     ,   1.82999996E-03 ,  -2.0000000000000000      ,   0.00000000     ,   1.9988499999999351E-002 ,  0.122674800     ,   1.99037511E-02 ,   2.0220499955303967E-002 ,  0.126724124     ,   1.01716463E-02
  -1.00000000     ,  0.500000000     ,   1.83999992E-03 ,  -2.0000000000000000      ,   0.00000000     ,   1.9697999999999164E-002 ,  0.122715384     ,  -1.75234750E-02 ,   1.9723749968688933E-002 ,  0.122206829     ,  -2.19345093E-02
  -1.00000000     ,  0.500000000     ,   1.84999988E-03 ,  -2.0000000000000000      ,   0.00000000     ,   1.9872749999999141E-002 ,  0.120924704     ,   1.64269935E-02 ,   2.0089249964663759E-002 ,  0.124668337     ,  -1.38884224E-02
  -1.00000000     ,  0.500000000     ,   1.85999996E-03 ,  -2.0000000000000000      ,   0.00000000     ,   1.9875499999999241E-002 ,  0.120954029     ,  -6.82810135E-03 ,   2.0143999948818235E-002 ,  0.123160221     ,   4.56789695E-03
  -1.00000000     ,  0.500000000     ,   1.86999992E-03 ,  -2.0000000000000000      ,   0.00000000     ,   1.9695999999999169E-002 ,  0.121401124     ,  -1.49669554E-02 ,   1.9865249957842751E-002 ,  0.117850929     ,   2.43605170E-02
  -1.00000000     ,  0.500000000     ,   1.87999988E-03 ,  -2.0000000000000000      ,   0.00000000     ,   1.9909999999999324E-002 ,  0.122032933     ,  -6.92514516E-03 ,   1.9832249968824909E-002 ,  0.120493352     ,  -1.06880106E-02
  -1.00000000     ,  0.500000000     ,   1.88999996E-03 ,  -2.0000000000000000      ,   0.00000000     ,   1.9897749999999211E-002 ,  0.121217683     ,  -8.61561298E-03 ,   1.9970749957300724E-002 ,  0.121885456     ,  -4.33837017E-03
  -1.00000000     ,  0.500000000     ,   1.89999992E-03 ,  -2.0000000000000000      ,   0.00000000     ,   1.9753499999999265E-002 ,  0.115584470     ,   1.91425160E-02 ,   1.9728249964537099E-002 ,  0.120704882     ,  -2.43131761E-02
  -1.00000000     ,  0.500000000     ,   1.90999988E-03 ,  -2.0000000000000000      ,   0.00000000     ,   2.0107749999999217E-002 ,  0.119751453     ,   7.24548521E-03 ,   2.0206999961379916E-002 ,  0.123863697     ,  -7.65157305E-03
  -1.00000000     ,  0.500000000     ,   1.91999995E-03 ,  -2.0000000000000000      ,   0.00000000     ,   1.9931249999999217E-002 ,  0.116874829     ,   2.31497157E-02 ,   1.9934249963983894E-002 ,  0.118391313     ,  -1.10704144E-02
  -1.00000000     ,  0.500000000     ,   1.92999991E-03 ,  -2.0000000000000000      ,   0.00000000     ,   1.9852999999999267E-002 ,  0.118830137     ,   7.14746257E-03 ,   1.9885999964876101E-002 ,  0.118042499     ,   2.73082242E-03
  -1.00000000     ,  0.500000000     ,   1.93999987E-03 ,  -2.0000000000000000      ,   0.00000000     ,   1.9790999999999264E-002 ,  0.114662409     ,   6.94727758E-03 ,   1.9788499959046021E-002 ,  0.115667664     ,  -1.46574865E-03
  -1.00000000     ,  0.500000000     ,   1.94999995E-03 ,  -2.0000000000000000      ,   0.00000000     ,   1.9931499999999207E-002 ,  0.116754010     ,   1.28905457E-02 ,   2.0024999962234870E-002 ,  0.113446482     ,   1.97091289E-02
  -1.00000000     ,  0.500000000     ,   1.96000002E-03 ,  -2.0000000000000000      ,   0.00000000     ,   1.9931999999999138E-002 ,  0.115123913     ,   1.64411999E-02 ,   1.9445499958889560E-002 ,  0.111262769     ,  -1.51808318E-02
  -1.00000000     ,  0.500000000     ,   1.97000010E-03 ,  -2.0000000000000000      ,   0.00000000     ,   1.9665499999999215E-002 ,  0.113543451     ,   1.71686597E-02 ,   1.9659499963978304E-002 ,  0.113825664     ,  -2.23697089E-02
  -1.00000000     ,  0.500000000     ,   1.97999994E-03 ,  -2.0000000000000000      ,   0.00000000     ,   2.0094249999999193E-002 ,  0.114408076     ,   2.54955161E-02 ,   1.9840249965805561E-002 ,  0.111948289     ,   2.41427161E-02
  -1.00000000     ,  0.500000000     ,   1.99000002E-03 ,  -2.0000000000000000      ,   0.00000000     ,   2.0015999999999170E-002 ,  0.113881782     ,   8.30301922E-03 ,   1.9749999972712248E-002 ,  0.110642590     ,   2.64236908E-02
  -1.00000000     ,  0.500000000     ,   2.00000009E-03 ,  -2.0000000000000000      ,   0.00000000     ,   1.9934999999999165E-002 ,  0.111401632     ,  -1.03762457E-02 ,   2.0028749969787894E-002 ,  0.113108642     ,   1.54054342E-02
